[ 2013-10-31T21:16:50+08:00 ] 127.0.0.1 /beifeng/
INFO: [ app_begin ] --START--
INFO: ReadHtmlCache Behavior ::run [ RunTime:0.000977s ]
INFO: [ app_begin ] --END-- [ RunTime:0.000977s ]
INFO: [ view_parse ] --START--
NOTIC: [8] Undefined index: isLogin C:\xampp\htdocs\Beifeng\App\Runtime\Cache\f331a3f0d874c4248458495ef2c2c2d1.php 第 61 行.
NOTIC: [8] Undefined variable: lists C:\xampp\htdocs\Beifeng\App\Runtime\Cache\f331a3f0d874c4248458495ef2c2c2d1.php 第 98 行.
NOTIC: [8] Undefined variable: lists C:\xampp\htdocs\Beifeng\App\Runtime\Cache\f331a3f0d874c4248458495ef2c2c2d1.php 第 99 行.
NOTIC: [8] Undefined variable: lists C:\xampp\htdocs\Beifeng\App\Runtime\Cache\f331a3f0d874c4248458495ef2c2c2d1.php 第 100 行.
INFO: ParseTemplate Behavior ::run [ RunTime:0.012695s ]
INFO: [ view_parse ] --END-- [ RunTime:0.012695s ]
INFO: [ view_filter ] --START--
INFO: ContentReplace Behavior ::run [ RunTime:0.000977s ]
INFO: TokenBuild Behavior ::run [ RunTime:0.000976s ]
INFO: WriteHtmlCache Behavior ::run [ RunTime:0.000000s ]
INFO: ShowRuntime Behavior ::run [ RunTime:0.000977s ]
INFO: [ view_filter ] --END-- [ RunTime:0.002930s ]
INFO: [ view_end ] --START--
INFO: ShowPageTrace Behavior ::run [ RunTime:0.000977s ]
INFO: [ view_end ] --END-- [ RunTime:0.000977s ]

[ 2013-10-31T21:17:03+08:00 ] 127.0.0.1 /beifeng/index.php/Index/addNewTopic
INFO: [ route_check ] --START--
INFO: CheckRoute Behavior ::run [ RunTime:0.000977s ]
INFO: [ route_check ] --END-- [ RunTime:0.000977s ]
INFO: [ app_begin ] --START--
INFO: ReadHtmlCache Behavior ::run [ RunTime:0.000977s ]
INFO: [ app_begin ] --END-- [ RunTime:0.000977s ]
NOTIC: [8] Constant THEME_NAME already defined C:\xampp\htdocs\Beifeng\ThinkPHP\Lib\Core\View.class.php 第 223 行.
NOTIC: [8] Constant THEME_PATH already defined C:\xampp\htdocs\Beifeng\ThinkPHP\Lib\Core\View.class.php 第 174 行.
NOTIC: [8] Constant APP_TMPL_PATH already defined C:\xampp\htdocs\Beifeng\ThinkPHP\Lib\Core\View.class.php 第 175 行.
INFO: [ view_parse ] --START--
NOTIC: [2] file_get_contents(./App/Tpl/Public/public_left.html): failed to open stream: No such file or directory C:\xampp\htdocs\Beifeng\ThinkPHP\Lib\Template\ThinkTemplate.class.php 第 695 行.
NOTIC: [8] Undefined index: isLogin C:\xampp\htdocs\Beifeng\App\Runtime\Cache\58f239e8ed0e3b5d72dd8517f970ba4b.php 第 61 行.
NOTIC: [8] Undefined variable: category C:\xampp\htdocs\Beifeng\App\Runtime\Cache\58f239e8ed0e3b5d72dd8517f970ba4b.php 第 117 行.
INFO: ParseTemplate Behavior ::run [ RunTime:0.014648s ]
INFO: [ view_parse ] --END-- [ RunTime:0.014648s ]
INFO: [ view_filter ] --START--
INFO: ContentReplace Behavior ::run [ RunTime:0.000977s ]
INFO: TokenBuild Behavior ::run [ RunTime:0.000976s ]
INFO: WriteHtmlCache Behavior ::run [ RunTime:0.000977s ]
INFO: ShowRuntime Behavior ::run [ RunTime:0.001953s ]
INFO: [ view_filter ] --END-- [ RunTime:0.004883s ]
INFO: [ view_end ] --START--
INFO: ShowPageTrace Behavior ::run [ RunTime:0.000977s ]
INFO: [ view_end ] --END-- [ RunTime:0.000977s ]

[ 2013-10-31T21:17:03+08:00 ] 127.0.0.1 /beifeng/index.php/Index/verify.html
INFO: [ route_check ] --START--
INFO: CheckRoute Behavior ::run [ RunTime:0.000977s ]
INFO: [ route_check ] --END-- [ RunTime:0.001953s ]
INFO: [ app_begin ] --START--
INFO: ReadHtmlCache Behavior ::run [ RunTime:0.013672s ]
INFO: [ app_begin ] --END-- [ RunTime:0.013672s ]
ERR: 非法操作:verify

[ 2013-10-31T21:17:34+08:00 ] 127.0.0.1 /beifeng/index.php/Index/addNewTopic
INFO: [ route_check ] --START--
INFO: CheckRoute Behavior ::run [ RunTime:0.000976s ]
INFO: [ route_check ] --END-- [ RunTime:0.000976s ]
INFO: [ app_begin ] --START--
INFO: ReadHtmlCache Behavior ::run [ RunTime:0.000976s ]
INFO: [ app_begin ] --END-- [ RunTime:0.000976s ]
NOTIC: [8] Constant THEME_NAME already defined C:\xampp\htdocs\Beifeng\ThinkPHP\Lib\Core\View.class.php 第 223 行.
NOTIC: [8] Constant THEME_PATH already defined C:\xampp\htdocs\Beifeng\ThinkPHP\Lib\Core\View.class.php 第 174 行.
NOTIC: [8] Constant APP_TMPL_PATH already defined C:\xampp\htdocs\Beifeng\ThinkPHP\Lib\Core\View.class.php 第 175 行.
INFO: [ view_parse ] --START--
NOTIC: [2] file_get_contents(./App/Tpl/Public/public_left.html): failed to open stream: No such file or directory C:\xampp\htdocs\Beifeng\ThinkPHP\Lib\Template\ThinkTemplate.class.php 第 695 行.
NOTIC: [8] Undefined index: isLogin C:\xampp\htdocs\Beifeng\App\Runtime\Cache\58f239e8ed0e3b5d72dd8517f970ba4b.php 第 61 行.
NOTIC: [8] Undefined variable: category C:\xampp\htdocs\Beifeng\App\Runtime\Cache\58f239e8ed0e3b5d72dd8517f970ba4b.php 第 117 行.
INFO: ParseTemplate Behavior ::run [ RunTime:0.013671s ]
INFO: [ view_parse ] --END-- [ RunTime:0.013671s ]
INFO: [ view_filter ] --START--
INFO: ContentReplace Behavior ::run [ RunTime:0.000977s ]
INFO: TokenBuild Behavior ::run [ RunTime:0.000977s ]
INFO: WriteHtmlCache Behavior ::run [ RunTime:0.000000s ]
INFO: ShowRuntime Behavior ::run [ RunTime:0.000976s ]
INFO: [ view_filter ] --END-- [ RunTime:0.002930s ]
INFO: [ view_end ] --START--
INFO: ShowPageTrace Behavior ::run [ RunTime:0.000977s ]
INFO: [ view_end ] --END-- [ RunTime:0.000977s ]

[ 2013-10-31T21:17:34+08:00 ] 127.0.0.1 /beifeng/index.php/Index/verify.html
INFO: [ route_check ] --START--
INFO: CheckRoute Behavior ::run [ RunTime:0.000977s ]
INFO: [ route_check ] --END-- [ RunTime:0.000977s ]
INFO: [ app_begin ] --START--
INFO: ReadHtmlCache Behavior ::run [ RunTime:0.001953s ]
INFO: [ app_begin ] --END-- [ RunTime:0.001953s ]
ERR: 非法操作:verify

[ 2013-10-31T21:17:57+08:00 ] 127.0.0.1 /beifeng/index.php/Index/addNewTopic
INFO: [ route_check ] --START--
INFO: CheckRoute Behavior ::run [ RunTime:0.001953s ]
INFO: [ route_check ] --END-- [ RunTime:0.001953s ]
INFO: [ app_begin ] --START--
INFO: ReadHtmlCache Behavior ::run [ RunTime:0.000000s ]
INFO: [ app_begin ] --END-- [ RunTime:0.001953s ]
NOTIC: [8] Constant THEME_NAME already defined C:\xampp\htdocs\Beifeng\ThinkPHP\Lib\Core\View.class.php 第 223 行.
NOTIC: [8] Constant THEME_PATH already defined C:\xampp\htdocs\Beifeng\ThinkPHP\Lib\Core\View.class.php 第 174 行.
NOTIC: [8] Constant APP_TMPL_PATH already defined C:\xampp\htdocs\Beifeng\ThinkPHP\Lib\Core\View.class.php 第 175 行.
INFO: [ view_parse ] --START--
NOTIC: [8] Undefined index: isLogin C:\xampp\htdocs\Beifeng\App\Runtime\Cache\58f239e8ed0e3b5d72dd8517f970ba4b.php 第 61 行.
NOTIC: [8] Undefined variable: category C:\xampp\htdocs\Beifeng\App\Runtime\Cache\58f239e8ed0e3b5d72dd8517f970ba4b.php 第 117 行.
INFO: ParseTemplate Behavior ::run [ RunTime:0.014649s ]
INFO: [ view_parse ] --END-- [ RunTime:0.014649s ]
INFO: [ view_filter ] --START--
INFO: ContentReplace Behavior ::run [ RunTime:0.000976s ]
INFO: TokenBuild Behavior ::run [ RunTime:0.000000s ]
INFO: WriteHtmlCache Behavior ::run [ RunTime:0.000000s ]
INFO: ShowRuntime Behavior ::run [ RunTime:0.000976s ]
INFO: [ view_filter ] --END-- [ RunTime:0.002929s ]
INFO: [ view_end ] --START--
INFO: ShowPageTrace Behavior ::run [ RunTime:0.000977s ]
INFO: [ view_end ] --END-- [ RunTime:0.000977s ]

[ 2013-10-31T21:17:57+08:00 ] 127.0.0.1 /beifeng/index.php/Index/verify.html
INFO: [ route_check ] --START--
INFO: CheckRoute Behavior ::run [ RunTime:0.000976s ]
INFO: [ route_check ] --END-- [ RunTime:0.000976s ]
INFO: [ app_begin ] --START--
INFO: ReadHtmlCache Behavior ::run [ RunTime:0.000977s ]
INFO: [ app_begin ] --END-- [ RunTime:0.000977s ]
ERR: 非法操作:verify

[ 2013-10-31T21:18:13+08:00 ] 127.0.0.1 /beifeng/index.php/Index/addNewTopic
INFO: [ route_check ] --START--
INFO: CheckRoute Behavior ::run [ RunTime:0.002930s ]
INFO: [ route_check ] --END-- [ RunTime:0.002930s ]
INFO: [ app_begin ] --START--
INFO: ReadHtmlCache Behavior ::run [ RunTime:0.000977s ]
INFO: [ app_begin ] --END-- [ RunTime:0.000977s ]
NOTIC: [8] Constant THEME_NAME already defined C:\xampp\htdocs\Beifeng\ThinkPHP\Lib\Core\View.class.php 第 223 行.
NOTIC: [8] Constant THEME_PATH already defined C:\xampp\htdocs\Beifeng\ThinkPHP\Lib\Core\View.class.php 第 174 行.
NOTIC: [8] Constant APP_TMPL_PATH already defined C:\xampp\htdocs\Beifeng\ThinkPHP\Lib\Core\View.class.php 第 175 行.
INFO: [ view_parse ] --START--
NOTIC: [8] Undefined index: isLogin C:\xampp\htdocs\Beifeng\App\Runtime\Cache\58f239e8ed0e3b5d72dd8517f970ba4b.php 第 61 行.
NOTIC: [8] Undefined variable: category C:\xampp\htdocs\Beifeng\App\Runtime\Cache\58f239e8ed0e3b5d72dd8517f970ba4b.php 第 117 行.
INFO: ParseTemplate Behavior ::run [ RunTime:0.014648s ]
INFO: [ view_parse ] --END-- [ RunTime:0.014648s ]
INFO: [ view_filter ] --START--
INFO: ContentReplace Behavior ::run [ RunTime:0.000977s ]
INFO: TokenBuild Behavior ::run [ RunTime:0.000000s ]
INFO: WriteHtmlCache Behavior ::run [ RunTime:0.000976s ]
INFO: ShowRuntime Behavior ::run [ RunTime:0.000977s ]
INFO: [ view_filter ] --END-- [ RunTime:0.002930s ]
INFO: [ view_end ] --START--
INFO: ShowPageTrace Behavior ::run [ RunTime:0.000976s ]
INFO: [ view_end ] --END-- [ RunTime:0.000976s ]

[ 2013-10-31T21:18:14+08:00 ] 127.0.0.1 /beifeng/index.php/Index/verify.html
INFO: [ route_check ] --START--
INFO: CheckRoute Behavior ::run [ RunTime:0.000977s ]
INFO: [ route_check ] --END-- [ RunTime:0.000977s ]
INFO: [ app_begin ] --START--
INFO: ReadHtmlCache Behavior ::run [ RunTime:0.001953s ]
INFO: [ app_begin ] --END-- [ RunTime:0.001953s ]
ERR: 非法操作:verify

[ 2013-10-31T21:18:23+08:00 ] 127.0.0.1 /beifeng/index.php/Index/addNewTopic
INFO: [ route_check ] --START--
INFO: CheckRoute Behavior ::run [ RunTime:0.001953s ]
INFO: [ route_check ] --END-- [ RunTime:0.001953s ]
INFO: [ app_begin ] --START--
INFO: ReadHtmlCache Behavior ::run [ RunTime:0.000976s ]
INFO: [ app_begin ] --END-- [ RunTime:0.000976s ]
NOTIC: [8] Constant THEME_NAME already defined C:\xampp\htdocs\Beifeng\ThinkPHP\Lib\Core\View.class.php 第 223 行.
NOTIC: [8] Constant THEME_PATH already defined C:\xampp\htdocs\Beifeng\ThinkPHP\Lib\Core\View.class.php 第 174 行.
NOTIC: [8] Constant APP_TMPL_PATH already defined C:\xampp\htdocs\Beifeng\ThinkPHP\Lib\Core\View.class.php 第 175 行.
INFO: [ view_parse ] --START--
NOTIC: [8] Undefined index: isLogin C:\xampp\htdocs\Beifeng\App\Runtime\Cache\58f239e8ed0e3b5d72dd8517f970ba4b.php 第 61 行.
NOTIC: [8] Undefined variable: category C:\xampp\htdocs\Beifeng\App\Runtime\Cache\58f239e8ed0e3b5d72dd8517f970ba4b.php 第 117 行.
INFO: ParseTemplate Behavior ::run [ RunTime:0.013672s ]
INFO: [ view_parse ] --END-- [ RunTime:0.013672s ]
INFO: [ view_filter ] --START--
INFO: ContentReplace Behavior ::run [ RunTime:0.000977s ]
INFO: TokenBuild Behavior ::run [ RunTime:0.000976s ]
INFO: WriteHtmlCache Behavior ::run [ RunTime:0.000977s ]
INFO: ShowRuntime Behavior ::run [ RunTime:0.001953s ]
INFO: [ view_filter ] --END-- [ RunTime:0.004883s ]
INFO: [ view_end ] --START--
INFO: ShowPageTrace Behavior ::run [ RunTime:0.000976s ]
INFO: [ view_end ] --END-- [ RunTime:0.000976s ]

[ 2013-10-31T21:18:23+08:00 ] 127.0.0.1 /beifeng/index.php/Index/verify.html
INFO: [ route_check ] --START--
INFO: CheckRoute Behavior ::run [ RunTime:0.000976s ]
INFO: [ route_check ] --END-- [ RunTime:0.000976s ]
INFO: [ app_begin ] --START--
INFO: ReadHtmlCache Behavior ::run [ RunTime:0.000976s ]
INFO: [ app_begin ] --END-- [ RunTime:0.000976s ]
ERR: 非法操作:verify

[ 2013-10-31T21:18:50+08:00 ] 127.0.0.1 /beifeng/index.php/Index/addNewTopic
INFO: [ route_check ] --START--
INFO: CheckRoute Behavior ::run [ RunTime:0.000976s ]
INFO: [ route_check ] --END-- [ RunTime:0.000976s ]
INFO: [ app_begin ] --START--
INFO: ReadHtmlCache Behavior ::run [ RunTime:0.000000s ]
INFO: [ app_begin ] --END-- [ RunTime:0.000977s ]
NOTIC: [8] Constant THEME_NAME already defined C:\xampp\htdocs\Beifeng\ThinkPHP\Lib\Core\View.class.php 第 223 行.
NOTIC: [8] Constant THEME_PATH already defined C:\xampp\htdocs\Beifeng\ThinkPHP\Lib\Core\View.class.php 第 174 行.
NOTIC: [8] Constant APP_TMPL_PATH already defined C:\xampp\htdocs\Beifeng\ThinkPHP\Lib\Core\View.class.php 第 175 行.
INFO: [ view_parse ] --START--
NOTIC: [8] Undefined index: isLogin C:\xampp\htdocs\Beifeng\App\Runtime\Cache\58f239e8ed0e3b5d72dd8517f970ba4b.php 第 61 行.
NOTIC: [8] Undefined variable: category C:\xampp\htdocs\Beifeng\App\Runtime\Cache\58f239e8ed0e3b5d72dd8517f970ba4b.php 第 117 行.
INFO: ParseTemplate Behavior ::run [ RunTime:0.011718s ]
INFO: [ view_parse ] --END-- [ RunTime:0.012695s ]
INFO: [ view_filter ] --START--
INFO: ContentReplace Behavior ::run [ RunTime:0.000000s ]
INFO: TokenBuild Behavior ::run [ RunTime:0.001953s ]
INFO: WriteHtmlCache Behavior ::run [ RunTime:0.001953s ]
INFO: ShowRuntime Behavior ::run [ RunTime:0.000977s ]
INFO: [ view_filter ] --END-- [ RunTime:0.004883s ]
INFO: [ view_end ] --START--
INFO: ShowPageTrace Behavior ::run [ RunTime:0.000976s ]
INFO: [ view_end ] --END-- [ RunTime:0.000976s ]

[ 2013-10-31T21:18:51+08:00 ] 127.0.0.1 /beifeng/index.php/Index/verify.html
INFO: [ route_check ] --START--
INFO: CheckRoute Behavior ::run [ RunTime:0.002930s ]
INFO: [ route_check ] --END-- [ RunTime:0.002930s ]
INFO: [ app_begin ] --START--
INFO: ReadHtmlCache Behavior ::run [ RunTime:0.000977s ]
INFO: [ app_begin ] --END-- [ RunTime:0.000977s ]
ERR: 非法操作:verify

[ 2013-10-31T21:19:14+08:00 ] 127.0.0.1 /beifeng/index.php/Index/addNewTopic
INFO: [ route_check ] --START--
INFO: CheckRoute Behavior ::run [ RunTime:0.000976s ]
INFO: [ route_check ] --END-- [ RunTime:0.001953s ]
INFO: [ app_begin ] --START--
INFO: ReadHtmlCache Behavior ::run [ RunTime:0.000976s ]
INFO: [ app_begin ] --END-- [ RunTime:0.000976s ]
NOTIC: [8] Constant THEME_NAME already defined C:\xampp\htdocs\Beifeng\ThinkPHP\Lib\Core\View.class.php 第 223 行.
NOTIC: [8] Constant THEME_PATH already defined C:\xampp\htdocs\Beifeng\ThinkPHP\Lib\Core\View.class.php 第 174 行.
NOTIC: [8] Constant APP_TMPL_PATH already defined C:\xampp\htdocs\Beifeng\ThinkPHP\Lib\Core\View.class.php 第 175 行.
INFO: [ view_parse ] --START--
NOTIC: [8] Undefined index: isLogin C:\xampp\htdocs\Beifeng\App\Runtime\Cache\58f239e8ed0e3b5d72dd8517f970ba4b.php 第 61 行.
NOTIC: [8] Undefined variable: category C:\xampp\htdocs\Beifeng\App\Runtime\Cache\58f239e8ed0e3b5d72dd8517f970ba4b.php 第 117 行.
INFO: ParseTemplate Behavior ::run [ RunTime:0.011719s ]
INFO: [ view_parse ] --END-- [ RunTime:0.011719s ]
INFO: [ view_filter ] --START--
INFO: ContentReplace Behavior ::run [ RunTime:0.000977s ]
INFO: TokenBuild Behavior ::run [ RunTime:0.000976s ]
INFO: WriteHtmlCache Behavior ::run [ RunTime:0.000977s ]
INFO: ShowRuntime Behavior ::run [ RunTime:0.001953s ]
INFO: [ view_filter ] --END-- [ RunTime:0.004883s ]
INFO: [ view_end ] --START--
INFO: ShowPageTrace Behavior ::run [ RunTime:0.000976s ]
INFO: [ view_end ] --END-- [ RunTime:0.000976s ]

[ 2013-10-31T21:19:14+08:00 ] 127.0.0.1 /beifeng/index.php/Index/verify.html
INFO: [ route_check ] --START--
INFO: CheckRoute Behavior ::run [ RunTime:0.006836s ]
INFO: [ route_check ] --END-- [ RunTime:0.006836s ]
INFO: [ app_begin ] --START--
INFO: ReadHtmlCache Behavior ::run [ RunTime:0.000977s ]
INFO: [ app_begin ] --END-- [ RunTime:0.000977s ]
ERR: 非法操作:verify

[ 2013-10-31T21:19:25+08:00 ] 127.0.0.1 /beifeng/index.php/Index
INFO: [ route_check ] --START--
INFO: CheckRoute Behavior ::run [ RunTime:0.000977s ]
INFO: [ route_check ] --END-- [ RunTime:0.001953s ]
INFO: [ app_begin ] --START--
INFO: ReadHtmlCache Behavior ::run [ RunTime:0.000976s ]
INFO: [ app_begin ] --END-- [ RunTime:0.000976s ]
INFO: [ view_parse ] --START--
NOTIC: [8] Undefined index: isLogin C:\xampp\htdocs\Beifeng\App\Runtime\Cache\f331a3f0d874c4248458495ef2c2c2d1.php 第 61 行.
NOTIC: [8] Undefined variable: lists C:\xampp\htdocs\Beifeng\App\Runtime\Cache\f331a3f0d874c4248458495ef2c2c2d1.php 第 98 行.
NOTIC: [8] Undefined variable: lists C:\xampp\htdocs\Beifeng\App\Runtime\Cache\f331a3f0d874c4248458495ef2c2c2d1.php 第 99 行.
NOTIC: [8] Undefined variable: lists C:\xampp\htdocs\Beifeng\App\Runtime\Cache\f331a3f0d874c4248458495ef2c2c2d1.php 第 100 行.
INFO: ParseTemplate Behavior ::run [ RunTime:0.014648s ]
INFO: [ view_parse ] --END-- [ RunTime:0.014648s ]
INFO: [ view_filter ] --START--
INFO: ContentReplace Behavior ::run [ RunTime:0.000977s ]
INFO: TokenBuild Behavior ::run [ RunTime:0.000000s ]
INFO: WriteHtmlCache Behavior ::run [ RunTime:0.000976s ]
INFO: ShowRuntime Behavior ::run [ RunTime:0.000977s ]
INFO: [ view_filter ] --END-- [ RunTime:0.002930s ]
INFO: [ view_end ] --START--
INFO: ShowPageTrace Behavior ::run [ RunTime:0.001953s ]
INFO: [ view_end ] --END-- [ RunTime:0.001953s ]

[ 2013-10-31T21:19:33+08:00 ] 127.0.0.1 /beifeng/index.php/Index/addTopic
INFO: [ route_check ] --START--
INFO: CheckRoute Behavior ::run [ RunTime:0.001953s ]
INFO: [ route_check ] --END-- [ RunTime:0.001953s ]
INFO: [ app_begin ] --START--
INFO: ReadHtmlCache Behavior ::run [ RunTime:0.000976s ]
INFO: [ app_begin ] --END-- [ RunTime:0.000976s ]
ERR: 非法操作:addTopic

[ 2013-10-31T21:19:38+08:00 ] 127.0.0.1 /beifeng/index.php/Index/addNewTopic
INFO: [ route_check ] --START--
INFO: CheckRoute Behavior ::run [ RunTime:0.000976s ]
INFO: [ route_check ] --END-- [ RunTime:0.000976s ]
INFO: [ app_begin ] --START--
INFO: ReadHtmlCache Behavior ::run [ RunTime:0.000976s ]
INFO: [ app_begin ] --END-- [ RunTime:0.001953s ]
NOTIC: [8] Constant THEME_NAME already defined C:\xampp\htdocs\Beifeng\ThinkPHP\Lib\Core\View.class.php 第 223 行.
NOTIC: [8] Constant THEME_PATH already defined C:\xampp\htdocs\Beifeng\ThinkPHP\Lib\Core\View.class.php 第 174 行.
NOTIC: [8] Constant APP_TMPL_PATH already defined C:\xampp\htdocs\Beifeng\ThinkPHP\Lib\Core\View.class.php 第 175 行.
INFO: [ view_parse ] --START--
NOTIC: [8] Undefined index: isLogin C:\xampp\htdocs\Beifeng\App\Runtime\Cache\58f239e8ed0e3b5d72dd8517f970ba4b.php 第 61 行.
NOTIC: [8] Undefined variable: category C:\xampp\htdocs\Beifeng\App\Runtime\Cache\58f239e8ed0e3b5d72dd8517f970ba4b.php 第 117 行.
INFO: ParseTemplate Behavior ::run [ RunTime:0.014648s ]
INFO: [ view_parse ] --END-- [ RunTime:0.014648s ]
INFO: [ view_filter ] --START--
INFO: ContentReplace Behavior ::run [ RunTime:0.000977s ]
INFO: TokenBuild Behavior ::run [ RunTime:0.000976s ]
INFO: WriteHtmlCache Behavior ::run [ RunTime:0.000977s ]
INFO: ShowRuntime Behavior ::run [ RunTime:0.000977s ]
INFO: [ view_filter ] --END-- [ RunTime:0.003907s ]
INFO: [ view_end ] --START--
INFO: ShowPageTrace Behavior ::run [ RunTime:0.000976s ]
INFO: [ view_end ] --END-- [ RunTime:0.000976s ]

[ 2013-10-31T21:19:38+08:00 ] 127.0.0.1 /beifeng/index.php/Index/verify.html
INFO: [ route_check ] --START--
INFO: CheckRoute Behavior ::run [ RunTime:0.000977s ]
INFO: [ route_check ] --END-- [ RunTime:0.000977s ]
INFO: [ app_begin ] --START--
INFO: ReadHtmlCache Behavior ::run [ RunTime:0.000977s ]
INFO: [ app_begin ] --END-- [ RunTime:0.000977s ]
ERR: 非法操作:verify

[ 2013-10-31T21:31:25+08:00 ] 127.0.0.1 /beifeng/index.php
INFO: [ app_begin ] --START--
INFO: ReadHtmlCache Behavior ::run [ RunTime:0.001953s ]
INFO: [ app_begin ] --END-- [ RunTime:0.001953s ]
INFO: [ view_parse ] --START--
NOTIC: [8] Undefined index: isLogin C:\xampp\htdocs\Beifeng\App\Runtime\Cache\f331a3f0d874c4248458495ef2c2c2d1.php 第 61 行.
NOTIC: [8] Undefined variable: lists C:\xampp\htdocs\Beifeng\App\Runtime\Cache\f331a3f0d874c4248458495ef2c2c2d1.php 第 98 行.
NOTIC: [8] Undefined variable: lists C:\xampp\htdocs\Beifeng\App\Runtime\Cache\f331a3f0d874c4248458495ef2c2c2d1.php 第 99 行.
NOTIC: [8] Undefined variable: lists C:\xampp\htdocs\Beifeng\App\Runtime\Cache\f331a3f0d874c4248458495ef2c2c2d1.php 第 100 行.
INFO: ParseTemplate Behavior ::run [ RunTime:0.016602s ]
INFO: [ view_parse ] --END-- [ RunTime:0.016602s ]
INFO: [ view_filter ] --START--
INFO: ContentReplace Behavior ::run [ RunTime:0.000977s ]
INFO: TokenBuild Behavior ::run [ RunTime:0.000976s ]
INFO: WriteHtmlCache Behavior ::run [ RunTime:0.000977s ]
INFO: ShowRuntime Behavior ::run [ RunTime:0.000976s ]
INFO: [ view_filter ] --END-- [ RunTime:0.003906s ]
INFO: [ view_end ] --START--
INFO: ShowPageTrace Behavior ::run [ RunTime:0.000977s ]
INFO: [ view_end ] --END-- [ RunTime:0.000977s ]

[ 2013-10-31T21:31:27+08:00 ] 127.0.0.1 /beifeng/index.php/User/register.html
INFO: [ route_check ] --START--
INFO: CheckRoute Behavior ::run [ RunTime:0.004883s ]
INFO: [ route_check ] --END-- [ RunTime:0.004883s ]
INFO: [ app_begin ] --START--
INFO: ReadHtmlCache Behavior ::run [ RunTime:0.000976s ]
INFO: [ app_begin ] --END-- [ RunTime:0.001953s ]
INFO: [ view_parse ] --START--
NOTIC: [8] Undefined index: isLogin C:\xampp\htdocs\Beifeng\App\Runtime\Cache\8e6f540285baea4bd4dec05c9e3d8c96.php 第 61 行.
INFO: ParseTemplate Behavior ::run [ RunTime:0.035156s ]
INFO: [ view_parse ] --END-- [ RunTime:0.035156s ]
INFO: [ view_filter ] --START--
INFO: ContentReplace Behavior ::run [ RunTime:0.001953s ]
INFO: TokenBuild Behavior ::run [ RunTime:0.000977s ]
INFO: WriteHtmlCache Behavior ::run [ RunTime:0.002930s ]
INFO: ShowRuntime Behavior ::run [ RunTime:0.001953s ]
INFO: [ view_filter ] --END-- [ RunTime:0.007813s ]
INFO: [ view_end ] --START--
INFO: ShowPageTrace Behavior ::run [ RunTime:0.001953s ]
INFO: [ view_end ] --END-- [ RunTime:0.001953s ]

[ 2013-10-31T21:32:05+08:00 ] 127.0.0.1 /beifeng/index.php/User/register.html
INFO: [ route_check ] --START--
INFO: CheckRoute Behavior ::run [ RunTime:0.000976s ]
INFO: [ route_check ] --END-- [ RunTime:0.001953s ]
INFO: [ app_begin ] --START--
INFO: ReadHtmlCache Behavior ::run [ RunTime:0.000976s ]
INFO: [ app_begin ] --END-- [ RunTime:0.000976s ]
INFO: [ view_parse ] --START--
NOTIC: [8] Undefined index: isLogin C:\xampp\htdocs\Beifeng\App\Runtime\Cache\8e6f540285baea4bd4dec05c9e3d8c96.php 第 61 行.
INFO: ParseTemplate Behavior ::run [ RunTime:0.013672s ]
INFO: [ view_parse ] --END-- [ RunTime:0.013672s ]
INFO: [ view_filter ] --START--
INFO: ContentReplace Behavior ::run [ RunTime:0.000976s ]
INFO: TokenBuild Behavior ::run [ RunTime:0.000977s ]
INFO: WriteHtmlCache Behavior ::run [ RunTime:0.000976s ]
INFO: ShowRuntime Behavior ::run [ RunTime:0.001954s ]
INFO: [ view_filter ] --END-- [ RunTime:0.004883s ]
INFO: [ view_end ] --START--
INFO: ShowPageTrace Behavior ::run [ RunTime:0.000976s ]
INFO: [ view_end ] --END-- [ RunTime:0.001953s ]

[ 2013-10-31T21:33:52+08:00 ] 127.0.0.1 /beifeng/index.php/User/register.html
INFO: [ route_check ] --START--
INFO: CheckRoute Behavior ::run [ RunTime:0.000977s ]
INFO: [ route_check ] --END-- [ RunTime:0.000977s ]
INFO: [ app_begin ] --START--
INFO: ReadHtmlCache Behavior ::run [ RunTime:0.001953s ]
INFO: [ app_begin ] --END-- [ RunTime:0.001953s ]
INFO: [ view_parse ] --START--
NOTIC: [8] Undefined index: isLogin C:\xampp\htdocs\Beifeng\App\Runtime\Cache\8e6f540285baea4bd4dec05c9e3d8c96.php 第 61 行.
INFO: ParseTemplate Behavior ::run [ RunTime:0.016601s ]
INFO: [ view_parse ] --END-- [ RunTime:0.016601s ]
INFO: [ view_filter ] --START--
INFO: ContentReplace Behavior ::run [ RunTime:0.000977s ]
INFO: TokenBuild Behavior ::run [ RunTime:0.000976s ]
INFO: WriteHtmlCache Behavior ::run [ RunTime:0.000977s ]
INFO: ShowRuntime Behavior ::run [ RunTime:0.000976s ]
INFO: [ view_filter ] --END-- [ RunTime:0.003906s ]
INFO: [ view_end ] --START--
INFO: ShowPageTrace Behavior ::run [ RunTime:0.000977s ]
INFO: [ view_end ] --END-- [ RunTime:0.000977s ]

[ 2013-10-31T21:34:45+08:00 ] 127.0.0.1 /beifeng/index.php/User/register.html
INFO: [ route_check ] --START--
INFO: CheckRoute Behavior ::run [ RunTime:0.001953s ]
INFO: [ route_check ] --END-- [ RunTime:0.001953s ]
INFO: [ app_begin ] --START--
INFO: ReadHtmlCache Behavior ::run [ RunTime:0.001953s ]
INFO: [ app_begin ] --END-- [ RunTime:0.001953s ]
INFO: [ view_parse ] --START--
NOTIC: [8] Undefined index: isLogin C:\xampp\htdocs\Beifeng\App\Runtime\Cache\8e6f540285baea4bd4dec05c9e3d8c96.php 第 61 行.
INFO: ParseTemplate Behavior ::run [ RunTime:0.020507s ]
INFO: [ view_parse ] --END-- [ RunTime:0.020507s ]
INFO: [ view_filter ] --START--
INFO: ContentReplace Behavior ::run [ RunTime:0.000977s ]
INFO: TokenBuild Behavior ::run [ RunTime:0.000977s ]
INFO: WriteHtmlCache Behavior ::run [ RunTime:0.001953s ]
INFO: ShowRuntime Behavior ::run [ RunTime:0.000977s ]
INFO: [ view_filter ] --END-- [ RunTime:0.005860s ]
INFO: [ view_end ] --START--
INFO: ShowPageTrace Behavior ::run [ RunTime:0.000976s ]
INFO: [ view_end ] --END-- [ RunTime:0.000976s ]

[ 2013-10-31T21:48:47+08:00 ] 127.0.0.1 /beifeng/index.php/User/register.html
INFO: [ route_check ] --START--
INFO: CheckRoute Behavior ::run [ RunTime:0.001953s ]
INFO: [ route_check ] --END-- [ RunTime:0.001953s ]
INFO: [ app_begin ] --START--
INFO: ReadHtmlCache Behavior ::run [ RunTime:0.001953s ]
INFO: [ app_begin ] --END-- [ RunTime:0.001953s ]
INFO: [ view_parse ] --START--
NOTIC: [8] Undefined index: isLogin C:\xampp\htdocs\Beifeng\App\Runtime\Cache\8e6f540285baea4bd4dec05c9e3d8c96.php 第 61 行.
INFO: ParseTemplate Behavior ::run [ RunTime:0.012695s ]
INFO: [ view_parse ] --END-- [ RunTime:0.012695s ]
INFO: [ view_filter ] --START--
INFO: ContentReplace Behavior ::run [ RunTime:0.002930s ]
INFO: TokenBuild Behavior ::run [ RunTime:0.000976s ]
INFO: WriteHtmlCache Behavior ::run [ RunTime:0.000977s ]
INFO: ShowRuntime Behavior ::run [ RunTime:0.000976s ]
INFO: [ view_filter ] --END-- [ RunTime:0.005859s ]
INFO: [ view_end ] --START--
INFO: ShowPageTrace Behavior ::run [ RunTime:0.000977s ]
INFO: [ view_end ] --END-- [ RunTime:0.001953s ]

[ 2013-10-31T21:48:50+08:00 ] 127.0.0.1 /beifeng/index.php/Index/addTopic.html
INFO: [ route_check ] --START--
INFO: CheckRoute Behavior ::run [ RunTime:0.000977s ]
INFO: [ route_check ] --END-- [ RunTime:0.000977s ]
INFO: [ app_begin ] --START--
INFO: ReadHtmlCache Behavior ::run [ RunTime:0.000977s ]
INFO: [ app_begin ] --END-- [ RunTime:0.000977s ]
NOTIC: [8] Undefined index: isLogin C:\xampp\htdocs\Beifeng\App\Lib\Action\IndexAction.class.php 第 17 行.
INFO: [ view_parse ] --START--
INFO: ParseTemplate Behavior ::run [ RunTime:0.010742s ]
INFO: [ view_parse ] --END-- [ RunTime:0.010742s ]
INFO: [ view_filter ] --START--
INFO: ContentReplace Behavior ::run [ RunTime:0.000977s ]
INFO: TokenBuild Behavior ::run [ RunTime:0.001953s ]
INFO: WriteHtmlCache Behavior ::run [ RunTime:0.001953s ]
INFO: ShowRuntime Behavior ::run [ RunTime:0.000976s ]
INFO: [ view_filter ] --END-- [ RunTime:0.005859s ]
INFO: [ view_end ] --START--
INFO: ShowPageTrace Behavior ::run [ RunTime:0.000977s ]
INFO: [ view_end ] --END-- [ RunTime:0.000977s ]

[ 2013-10-31T21:48:53+08:00 ] 127.0.0.1 /beifeng/index.php/User/login.html
INFO: [ route_check ] --START--
INFO: CheckRoute Behavior ::run [ RunTime:0.001953s ]
INFO: [ route_check ] --END-- [ RunTime:0.001953s ]
INFO: [ app_begin ] --START--
INFO: ReadHtmlCache Behavior ::run [ RunTime:0.001953s ]
INFO: [ app_begin ] --END-- [ RunTime:0.001953s ]
INFO: [ view_parse ] --START--
NOTIC: [8] Undefined index: isLogin C:\xampp\htdocs\Beifeng\App\Runtime\Cache\f0b6776c2e2528b7b581d55514547e92.php 第 61 行.
INFO: ParseTemplate Behavior ::run [ RunTime:0.020508s ]
INFO: [ view_parse ] --END-- [ RunTime:0.020508s ]
INFO: [ view_filter ] --START--
INFO: ContentReplace Behavior ::run [ RunTime:0.001953s ]
INFO: TokenBuild Behavior ::run [ RunTime:0.000977s ]
INFO: WriteHtmlCache Behavior ::run [ RunTime:0.001953s ]
INFO: ShowRuntime Behavior ::run [ RunTime:0.000976s ]
INFO: [ view_filter ] --END-- [ RunTime:0.005859s ]
INFO: [ view_end ] --START--
INFO: ShowPageTrace Behavior ::run [ RunTime:0.001953s ]
INFO: [ view_end ] --END-- [ RunTime:0.001953s ]

[ 2013-10-31T21:48:57+08:00 ] 127.0.0.1 /beifeng/index.php/User/doLogin.html
INFO: [ route_check ] --START--
INFO: CheckRoute Behavior ::run [ RunTime:0.001953s ]
INFO: [ route_check ] --END-- [ RunTime:0.001953s ]
INFO: [ app_begin ] --START--
INFO: ReadHtmlCache Behavior ::run [ RunTime:0.000977s ]
INFO: [ app_begin ] --END-- [ RunTime:0.000977s ]
SQL: blog.getCollection(user) [ RunTime:0.000000s ]
NOTIC: [8] Undefined index: field C:\xampp\htdocs\Beifeng\ThinkPHP\Extend\Driver\Db\DbMongo.class.php 第 443 行.
SQL: blog.user.findOne({"uname":"dz5362111","password":"4297f44b13955235245b2497399d7a93"}) [ RunTime:0.000000s ]
INFO: [ view_parse ] --START--
INFO: ParseTemplate Behavior ::run [ RunTime:0.013672s ]
INFO: [ view_parse ] --END-- [ RunTime:0.013672s ]
INFO: [ view_filter ] --START--
INFO: ContentReplace Behavior ::run [ RunTime:0.000976s ]
INFO: TokenBuild Behavior ::run [ RunTime:0.001953s ]
INFO: WriteHtmlCache Behavior ::run [ RunTime:0.001953s ]
INFO: ShowRuntime Behavior ::run [ RunTime:0.001954s ]
INFO: [ view_filter ] --END-- [ RunTime:0.006836s ]
INFO: [ view_end ] --START--
INFO: ShowPageTrace Behavior ::run [ RunTime:0.002929s ]
INFO: [ view_end ] --END-- [ RunTime:0.002929s ]

[ 2013-10-31T21:48:59+08:00 ] 127.0.0.1 /beifeng/index.php/Index/index.html
INFO: [ route_check ] --START--
INFO: CheckRoute Behavior ::run [ RunTime:0.000976s ]
INFO: [ route_check ] --END-- [ RunTime:0.001953s ]
INFO: [ app_begin ] --START--
INFO: ReadHtmlCache Behavior ::run [ RunTime:0.001953s ]
INFO: [ app_begin ] --END-- [ RunTime:0.001953s ]
INFO: [ view_parse ] --START--
NOTIC: [8] Undefined variable: lists C:\xampp\htdocs\Beifeng\App\Runtime\Cache\f331a3f0d874c4248458495ef2c2c2d1.php 第 98 行.
NOTIC: [8] Undefined variable: lists C:\xampp\htdocs\Beifeng\App\Runtime\Cache\f331a3f0d874c4248458495ef2c2c2d1.php 第 99 行.
NOTIC: [8] Undefined variable: lists C:\xampp\htdocs\Beifeng\App\Runtime\Cache\f331a3f0d874c4248458495ef2c2c2d1.php 第 100 行.
INFO: ParseTemplate Behavior ::run [ RunTime:0.015625s ]
INFO: [ view_parse ] --END-- [ RunTime:0.015625s ]
INFO: [ view_filter ] --START--
INFO: ContentReplace Behavior ::run [ RunTime:0.000000s ]
INFO: TokenBuild Behavior ::run [ RunTime:0.000000s ]
INFO: WriteHtmlCache Behavior ::run [ RunTime:0.000976s ]
INFO: ShowRuntime Behavior ::run [ RunTime:0.000977s ]
INFO: [ view_filter ] --END-- [ RunTime:0.003906s ]
INFO: [ view_end ] --START--
INFO: ShowPageTrace Behavior ::run [ RunTime:0.000976s ]
INFO: [ view_end ] --END-- [ RunTime:0.001953s ]

[ 2013-10-31T21:49:00+08:00 ] 127.0.0.1 /beifeng/index.php/Index/addTopic.html
INFO: [ route_check ] --START--
INFO: CheckRoute Behavior ::run [ RunTime:0.001953s ]
INFO: [ route_check ] --END-- [ RunTime:0.001953s ]
INFO: [ app_begin ] --START--
INFO: ReadHtmlCache Behavior ::run [ RunTime:0.000977s ]
INFO: [ app_begin ] --END-- [ RunTime:0.000977s ]
INFO: [ view_parse ] --START--
INFO: ParseTemplate Behavior ::run [ RunTime:0.012695s ]
INFO: [ view_parse ] --END-- [ RunTime:0.012695s ]
INFO: [ view_filter ] --START--
INFO: ContentReplace Behavior ::run [ RunTime:0.000976s ]
INFO: TokenBuild Behavior ::run [ RunTime:0.000976s ]
INFO: WriteHtmlCache Behavior ::run [ RunTime:0.000000s ]
INFO: ShowRuntime Behavior ::run [ RunTime:0.000000s ]
INFO: [ view_filter ] --END-- [ RunTime:0.004883s ]
INFO: [ view_end ] --START--
INFO: ShowPageTrace Behavior ::run [ RunTime:0.000976s ]
INFO: [ view_end ] --END-- [ RunTime:0.000976s ]

[ 2013-10-31T21:51:32+08:00 ] 127.0.0.1 /beifeng/index.php/Index/addTopic.html
INFO: [ route_check ] --START--
INFO: CheckRoute Behavior ::run [ RunTime:0.000977s ]
INFO: [ route_check ] --END-- [ RunTime:0.000977s ]
INFO: [ app_begin ] --START--
INFO: ReadHtmlCache Behavior ::run [ RunTime:0.001954s ]
INFO: [ app_begin ] --END-- [ RunTime:0.001954s ]
INFO: [ view_parse ] --START--
NOTIC: [8] Array to string conversion C:\xampp\htdocs\Beifeng\App\Runtime\Cache\1f593e7c6dfcd0369cfaa68218d3e831.php 第 68 行.
NOTIC: [8] Undefined variable: category C:\xampp\htdocs\Beifeng\App\Runtime\Cache\1f593e7c6dfcd0369cfaa68218d3e831.php 第 117 行.
INFO: ParseTemplate Behavior ::run [ RunTime:0.018554s ]
INFO: [ view_parse ] --END-- [ RunTime:0.019531s ]
INFO: [ view_filter ] --START--
INFO: ContentReplace Behavior ::run [ RunTime:0.000977s ]
INFO: TokenBuild Behavior ::run [ RunTime:0.000976s ]
INFO: WriteHtmlCache Behavior ::run [ RunTime:0.000000s ]
INFO: ShowRuntime Behavior ::run [ RunTime:0.000977s ]
INFO: [ view_filter ] --END-- [ RunTime:0.002930s ]
INFO: [ view_end ] --START--
INFO: ShowPageTrace Behavior ::run [ RunTime:0.000000s ]
INFO: [ view_end ] --END-- [ RunTime:0.000000s ]

[ 2013-10-31T21:51:32+08:00 ] 127.0.0.1 /beifeng/index.php/Index/verify.html
INFO: [ route_check ] --START--
INFO: CheckRoute Behavior ::run [ RunTime:0.001953s ]
INFO: [ route_check ] --END-- [ RunTime:0.001953s ]
INFO: [ app_begin ] --START--
INFO: ReadHtmlCache Behavior ::run [ RunTime:0.000977s ]
INFO: [ app_begin ] --END-- [ RunTime:0.000977s ]
ERR: 非法操作:verify

[ 2013-10-31T21:53:06+08:00 ] 127.0.0.1 /beifeng/index.php/Index/addTopic.html
INFO: [ route_check ] --START--
INFO: CheckRoute Behavior ::run [ RunTime:0.001953s ]
INFO: [ route_check ] --END-- [ RunTime:0.002929s ]
INFO: [ app_begin ] --START--
INFO: ReadHtmlCache Behavior ::run [ RunTime:0.001953s ]
INFO: [ app_begin ] --END-- [ RunTime:0.001953s ]
INFO: [ view_parse ] --START--
NOTIC: [8] Array to string conversion C:\xampp\htdocs\Beifeng\App\Runtime\Cache\1f593e7c6dfcd0369cfaa68218d3e831.php 第 68 行.
NOTIC: [8] Undefined variable: category C:\xampp\htdocs\Beifeng\App\Runtime\Cache\1f593e7c6dfcd0369cfaa68218d3e831.php 第 117 行.
INFO: ParseTemplate Behavior ::run [ RunTime:0.016602s ]
INFO: [ view_parse ] --END-- [ RunTime:0.016602s ]
INFO: [ view_filter ] --START--
INFO: ContentReplace Behavior ::run [ RunTime:0.000976s ]
INFO: TokenBuild Behavior ::run [ RunTime:0.001953s ]
INFO: WriteHtmlCache Behavior ::run [ RunTime:0.000977s ]
INFO: ShowRuntime Behavior ::run [ RunTime:0.000976s ]
INFO: [ view_filter ] --END-- [ RunTime:0.004882s ]
INFO: [ view_end ] --START--
INFO: ShowPageTrace Behavior ::run [ RunTime:0.000977s ]
INFO: [ view_end ] --END-- [ RunTime:0.000977s ]

[ 2013-10-31T21:53:06+08:00 ] 127.0.0.1 /beifeng/index.php/Index/verify.html
INFO: [ route_check ] --START--
INFO: CheckRoute Behavior ::run [ RunTime:0.001953s ]
INFO: [ route_check ] --END-- [ RunTime:0.001953s ]
INFO: [ app_begin ] --START--
INFO: ReadHtmlCache Behavior ::run [ RunTime:0.000977s ]
INFO: [ app_begin ] --END-- [ RunTime:0.000977s ]
ERR: 非法操作:verify

[ 2013-10-31T21:53:07+08:00 ] 127.0.0.1 /beifeng/index.php/Index/verify.html
INFO: [ route_check ] --START--
INFO: CheckRoute Behavior ::run [ RunTime:0.001953s ]
INFO: [ route_check ] --END-- [ RunTime:0.001953s ]
INFO: [ app_begin ] --START--
INFO: ReadHtmlCache Behavior ::run [ RunTime:0.000977s ]
INFO: [ app_begin ] --END-- [ RunTime:0.000977s ]
ERR: 非法操作:verify

[ 2013-10-31T21:58:39+08:00 ] 127.0.0.1 /beifeng/index.php/Index/addTopic.html
INFO: [ route_check ] --START--
INFO: CheckRoute Behavior ::run [ RunTime:0.000976s ]
INFO: [ route_check ] --END-- [ RunTime:0.000976s ]
INFO: [ app_begin ] --START--
INFO: ReadHtmlCache Behavior ::run [ RunTime:0.000976s ]
INFO: [ app_begin ] --END-- [ RunTime:0.000976s ]
INFO: [ view_parse ] --START--
NOTIC: [8] Array to string conversion C:\xampp\htdocs\Beifeng\App\Runtime\Cache\1f593e7c6dfcd0369cfaa68218d3e831.php 第 68 行.
NOTIC: [8] Undefined variable: category C:\xampp\htdocs\Beifeng\App\Runtime\Cache\1f593e7c6dfcd0369cfaa68218d3e831.php 第 118 行.
INFO: ParseTemplate Behavior ::run [ RunTime:0.015625s ]
INFO: [ view_parse ] --END-- [ RunTime:0.015625s ]
INFO: [ view_filter ] --START--
INFO: ContentReplace Behavior ::run [ RunTime:0.000977s ]
INFO: TokenBuild Behavior ::run [ RunTime:0.000976s ]
INFO: WriteHtmlCache Behavior ::run [ RunTime:0.000977s ]
INFO: ShowRuntime Behavior ::run [ RunTime:0.001953s ]
INFO: [ view_filter ] --END-- [ RunTime:0.004883s ]
INFO: [ view_end ] --START--
INFO: ShowPageTrace Behavior ::run [ RunTime:0.000976s ]
INFO: [ view_end ] --END-- [ RunTime:0.000976s ]

[ 2013-10-31T21:58:39+08:00 ] 127.0.0.1 /beifeng/index.php/Index/verify.html
INFO: [ route_check ] --START--
INFO: CheckRoute Behavior ::run [ RunTime:0.001954s ]
INFO: [ route_check ] --END-- [ RunTime:0.001954s ]
INFO: [ app_begin ] --START--
INFO: ReadHtmlCache Behavior ::run [ RunTime:0.000977s ]
INFO: [ app_begin ] --END-- [ RunTime:0.000977s ]
ERR: 非法操作:verify

[ 2013-10-31T21:58:49+08:00 ] 127.0.0.1 /beifeng/index.php/Index/doAddNewTopic.html
INFO: [ route_check ] --START--
INFO: CheckRoute Behavior ::run [ RunTime:0.001953s ]
INFO: [ route_check ] --END-- [ RunTime:0.001953s ]
INFO: [ app_begin ] --START--
INFO: ReadHtmlCache Behavior ::run [ RunTime:0.000976s ]
INFO: [ app_begin ] --END-- [ RunTime:0.000976s ]

[ 2013-10-31T22:03:09+08:00 ] 127.0.0.1 /beifeng/index.php/Index/verify.html
INFO: [ route_check ] --START--
INFO: CheckRoute Behavior ::run [ RunTime:0.005859s ]
INFO: [ route_check ] --END-- [ RunTime:0.005859s ]
INFO: [ app_begin ] --START--
INFO: ReadHtmlCache Behavior ::run [ RunTime:0.000976s ]
INFO: [ app_begin ] --END-- [ RunTime:0.000976s ]
ERR: 非法操作:verify

[ 2013-10-31T22:03:12+08:00 ] 127.0.0.1 /beifeng/index.php/Index/addTopic.html
INFO: [ route_check ] --START--
INFO: CheckRoute Behavior ::run [ RunTime:0.000976s ]
INFO: [ route_check ] --END-- [ RunTime:0.001953s ]
INFO: [ app_begin ] --START--
INFO: ReadHtmlCache Behavior ::run [ RunTime:0.001953s ]
INFO: [ app_begin ] --END-- [ RunTime:0.001953s ]
INFO: [ view_parse ] --START--
NOTIC: [8] Array to string conversion C:\xampp\htdocs\Beifeng\App\Runtime\Cache\1f593e7c6dfcd0369cfaa68218d3e831.php 第 68 行.
NOTIC: [8] Undefined variable: category C:\xampp\htdocs\Beifeng\App\Runtime\Cache\1f593e7c6dfcd0369cfaa68218d3e831.php 第 118 行.
INFO: ParseTemplate Behavior ::run [ RunTime:0.012695s ]
INFO: [ view_parse ] --END-- [ RunTime:0.013672s ]
INFO: [ view_filter ] --START--
INFO: ContentReplace Behavior ::run [ RunTime:0.000000s ]
INFO: TokenBuild Behavior ::run [ RunTime:0.000976s ]
INFO: WriteHtmlCache Behavior ::run [ RunTime:0.001954s ]
INFO: ShowRuntime Behavior ::run [ RunTime:0.001953s ]
INFO: [ view_filter ] --END-- [ RunTime:0.004883s ]
INFO: [ view_end ] --START--
INFO: ShowPageTrace Behavior ::run [ RunTime:0.000976s ]
INFO: [ view_end ] --END-- [ RunTime:0.001953s ]

[ 2013-10-31T22:03:12+08:00 ] 127.0.0.1 /beifeng/index.php/Index/verify.html
INFO: [ route_check ] --START--
INFO: CheckRoute Behavior ::run [ RunTime:0.000977s ]
INFO: [ route_check ] --END-- [ RunTime:0.000977s ]
INFO: [ app_begin ] --START--
INFO: ReadHtmlCache Behavior ::run [ RunTime:0.000977s ]
INFO: [ app_begin ] --END-- [ RunTime:0.000977s ]
ERR: 非法操作:verify

[ 2013-10-31T22:03:24+08:00 ] 127.0.0.1 /beifeng/index.php/Index/doAddNewTopic.html
INFO: [ route_check ] --START--
INFO: CheckRoute Behavior ::run [ RunTime:0.000977s ]
INFO: [ route_check ] --END-- [ RunTime:0.000977s ]
INFO: [ app_begin ] --START--
INFO: ReadHtmlCache Behavior ::run [ RunTime:0.000976s ]
INFO: [ app_begin ] --END-- [ RunTime:0.000976s ]
NOTIC: [8] Undefined index: body C:\xampp\htdocs\Beifeng\App\Lib\Action\IndexAction.class.php 第 25 行.
NOTIC: [8] Undefined index: type_id C:\xampp\htdocs\Beifeng\App\Lib\Action\IndexAction.class.php 第 27 行.
SQL: blog.getCollection(post) [ RunTime:0.000976s ]
SQL: blog.post.insert({"title":"\u4e0d\u77e5\u9053\u4e3a\u4ec0\u4e48\u8fd9\u4e2a\u5f88\u597d\u7528\uff01\u554a12121212","body":null,"tag":["1","2","3"],"type_id":null,"comment_count":0,"created_date":1383228204,"hits":0}) [ RunTime:0.004883s ]
INFO: [ view_parse ] --START--
INFO: ParseTemplate Behavior ::run [ RunTime:0.013671s ]
INFO: [ view_parse ] --END-- [ RunTime:0.013671s ]
INFO: [ view_filter ] --START--
INFO: ContentReplace Behavior ::run [ RunTime:0.001954s ]
INFO: TokenBuild Behavior ::run [ RunTime:0.001953s ]
INFO: WriteHtmlCache Behavior ::run [ RunTime:0.000976s ]
INFO: ShowRuntime Behavior ::run [ RunTime:0.000977s ]
INFO: [ view_filter ] --END-- [ RunTime:0.005860s ]
INFO: [ view_end ] --START--
INFO: ShowPageTrace Behavior ::run [ RunTime:0.001953s ]
INFO: [ view_end ] --END-- [ RunTime:0.001953s ]

[ 2013-10-31T22:03:25+08:00 ] 127.0.0.1 /beifeng/index.php/Index/index.html
INFO: [ route_check ] --START--
INFO: CheckRoute Behavior ::run [ RunTime:0.001953s ]
INFO: [ route_check ] --END-- [ RunTime:0.001953s ]
INFO: [ app_begin ] --START--
INFO: ReadHtmlCache Behavior ::run [ RunTime:0.001953s ]
INFO: [ app_begin ] --END-- [ RunTime:0.001953s ]
INFO: [ view_parse ] --START--
NOTIC: [8] Array to string conversion C:\xampp\htdocs\Beifeng\App\Runtime\Cache\f331a3f0d874c4248458495ef2c2c2d1.php 第 68 行.
NOTIC: [8] Undefined variable: lists C:\xampp\htdocs\Beifeng\App\Runtime\Cache\f331a3f0d874c4248458495ef2c2c2d1.php 第 98 行.
NOTIC: [8] Undefined variable: lists C:\xampp\htdocs\Beifeng\App\Runtime\Cache\f331a3f0d874c4248458495ef2c2c2d1.php 第 99 行.
NOTIC: [8] Undefined variable: lists C:\xampp\htdocs\Beifeng\App\Runtime\Cache\f331a3f0d874c4248458495ef2c2c2d1.php 第 100 行.
INFO: ParseTemplate Behavior ::run [ RunTime:0.016601s ]
INFO: [ view_parse ] --END-- [ RunTime:0.016601s ]
INFO: [ view_filter ] --START--
INFO: ContentReplace Behavior ::run [ RunTime:0.000977s ]
INFO: TokenBuild Behavior ::run [ RunTime:0.001953s ]
INFO: WriteHtmlCache Behavior ::run [ RunTime:0.000000s ]
INFO: ShowRuntime Behavior ::run [ RunTime:0.000976s ]
INFO: [ view_filter ] --END-- [ RunTime:0.004883s ]
INFO: [ view_end ] --START--
INFO: ShowPageTrace Behavior ::run [ RunTime:0.000977s ]
INFO: [ view_end ] --END-- [ RunTime:0.000977s ]

[ 2013-10-31T22:53:43+08:00 ] 127.0.0.1 /beifeng/
INFO: [ app_begin ] --START--
INFO: ReadHtmlCache Behavior ::run [ RunTime:0.000977s ]
INFO: [ app_begin ] --END-- [ RunTime:0.000977s ]
INFO: [ view_parse ] --START--
NOTIC: [8] Array to string conversion C:\xampp\htdocs\Beifeng\App\Runtime\Cache\f331a3f0d874c4248458495ef2c2c2d1.php 第 68 行.
NOTIC: [8] Undefined variable: lists C:\xampp\htdocs\Beifeng\App\Runtime\Cache\f331a3f0d874c4248458495ef2c2c2d1.php 第 98 行.
NOTIC: [8] Undefined variable: lists C:\xampp\htdocs\Beifeng\App\Runtime\Cache\f331a3f0d874c4248458495ef2c2c2d1.php 第 99 行.
NOTIC: [8] Undefined variable: lists C:\xampp\htdocs\Beifeng\App\Runtime\Cache\f331a3f0d874c4248458495ef2c2c2d1.php 第 100 行.
INFO: ParseTemplate Behavior ::run [ RunTime:0.016602s ]
INFO: [ view_parse ] --END-- [ RunTime:0.016602s ]
INFO: [ view_filter ] --START--
INFO: ContentReplace Behavior ::run [ RunTime:0.000976s ]
INFO: TokenBuild Behavior ::run [ RunTime:0.000977s ]
INFO: WriteHtmlCache Behavior ::run [ RunTime:0.001953s ]
INFO: ShowRuntime Behavior ::run [ RunTime:0.000976s ]
INFO: [ view_filter ] --END-- [ RunTime:0.004882s ]
INFO: [ view_end ] --START--
INFO: ShowPageTrace Behavior ::run [ RunTime:0.001954s ]
INFO: [ view_end ] --END-- [ RunTime:0.001954s ]

[ 2013-10-31T22:53:45+08:00 ] 127.0.0.1 /beifeng/index.php/Index/addTopic.html
INFO: [ route_check ] --START--
INFO: CheckRoute Behavior ::run [ RunTime:0.000976s ]
INFO: [ route_check ] --END-- [ RunTime:0.000976s ]
INFO: [ app_begin ] --START--
INFO: ReadHtmlCache Behavior ::run [ RunTime:0.001953s ]
INFO: [ app_begin ] --END-- [ RunTime:0.001953s ]
INFO: [ view_parse ] --START--
NOTIC: [8] Array to string conversion C:\xampp\htdocs\Beifeng\App\Runtime\Cache\1f593e7c6dfcd0369cfaa68218d3e831.php 第 68 行.
NOTIC: [8] Undefined variable: category C:\xampp\htdocs\Beifeng\App\Runtime\Cache\1f593e7c6dfcd0369cfaa68218d3e831.php 第 118 行.
INFO: ParseTemplate Behavior ::run [ RunTime:0.019531s ]
INFO: [ view_parse ] --END-- [ RunTime:0.019531s ]
INFO: [ view_filter ] --START--
INFO: ContentReplace Behavior ::run [ RunTime:0.000977s ]
INFO: TokenBuild Behavior ::run [ RunTime:0.000000s ]
INFO: WriteHtmlCache Behavior ::run [ RunTime:0.000976s ]
INFO: ShowRuntime Behavior ::run [ RunTime:0.000977s ]
INFO: [ view_filter ] --END-- [ RunTime:0.002930s ]
INFO: [ view_end ] --START--
INFO: ShowPageTrace Behavior ::run [ RunTime:0.001953s ]
INFO: [ view_end ] --END-- [ RunTime:0.001953s ]

[ 2013-10-31T22:53:45+08:00 ] 127.0.0.1 /beifeng/index.php/Index/verify.html
INFO: [ route_check ] --START--
INFO: CheckRoute Behavior ::run [ RunTime:0.001953s ]
INFO: [ route_check ] --END-- [ RunTime:0.001953s ]
INFO: [ app_begin ] --START--
INFO: ReadHtmlCache Behavior ::run [ RunTime:0.000976s ]
INFO: [ app_begin ] --END-- [ RunTime:0.000976s ]
ERR: 非法操作:verify

[ 2013-10-31T22:53:48+08:00 ] 127.0.0.1 /beifeng/index.php/User/layout.html
INFO: [ route_check ] --START--
INFO: CheckRoute Behavior ::run [ RunTime:0.000977s ]
INFO: [ route_check ] --END-- [ RunTime:0.000977s ]
INFO: [ app_begin ] --START--
INFO: ReadHtmlCache Behavior ::run [ RunTime:0.001953s ]
INFO: [ app_begin ] --END-- [ RunTime:0.001953s ]
INFO: [ view_parse ] --START--
INFO: ParseTemplate Behavior ::run [ RunTime:0.015625s ]
INFO: [ view_parse ] --END-- [ RunTime:0.015625s ]
INFO: [ view_filter ] --START--
INFO: ContentReplace Behavior ::run [ RunTime:0.000977s ]
INFO: TokenBuild Behavior ::run [ RunTime:0.000000s ]
INFO: WriteHtmlCache Behavior ::run [ RunTime:0.000976s ]
INFO: ShowRuntime Behavior ::run [ RunTime:0.000977s ]
INFO: [ view_filter ] --END-- [ RunTime:0.002930s ]
INFO: [ view_end ] --START--
INFO: ShowPageTrace Behavior ::run [ RunTime:0.001953s ]
INFO: [ view_end ] --END-- [ RunTime:0.001953s ]

[ 2013-10-31T22:53:49+08:00 ] 127.0.0.1 /beifeng/index.php/Index/index.html
INFO: [ route_check ] --START--
INFO: CheckRoute Behavior ::run [ RunTime:0.000977s ]
INFO: [ route_check ] --END-- [ RunTime:0.000977s ]
INFO: [ app_begin ] --START--
INFO: ReadHtmlCache Behavior ::run [ RunTime:0.000976s ]
INFO: [ app_begin ] --END-- [ RunTime:0.000976s ]
INFO: [ view_parse ] --START--
NOTIC: [8] Undefined index: isLogin C:\xampp\htdocs\Beifeng\App\Runtime\Cache\f331a3f0d874c4248458495ef2c2c2d1.php 第 61 行.
NOTIC: [8] Undefined variable: lists C:\xampp\htdocs\Beifeng\App\Runtime\Cache\f331a3f0d874c4248458495ef2c2c2d1.php 第 98 行.
NOTIC: [8] Undefined variable: lists C:\xampp\htdocs\Beifeng\App\Runtime\Cache\f331a3f0d874c4248458495ef2c2c2d1.php 第 99 行.
NOTIC: [8] Undefined variable: lists C:\xampp\htdocs\Beifeng\App\Runtime\Cache\f331a3f0d874c4248458495ef2c2c2d1.php 第 100 行.
INFO: ParseTemplate Behavior ::run [ RunTime:0.024414s ]
INFO: [ view_parse ] --END-- [ RunTime:0.024414s ]
INFO: [ view_filter ] --START--
INFO: ContentReplace Behavior ::run [ RunTime:0.001953s ]
INFO: TokenBuild Behavior ::run [ RunTime:0.000000s ]
INFO: WriteHtmlCache Behavior ::run [ RunTime:0.000977s ]
INFO: ShowRuntime Behavior ::run [ RunTime:0.000977s ]
INFO: [ view_filter ] --END-- [ RunTime:0.003907s ]
INFO: [ view_end ] --START--
INFO: ShowPageTrace Behavior ::run [ RunTime:0.000976s ]
INFO: [ view_end ] --END-- [ RunTime:0.000976s ]

[ 2013-10-31T22:54:04+08:00 ] 127.0.0.1 /beifeng/index.php/User/login.html
INFO: [ route_check ] --START--
INFO: CheckRoute Behavior ::run [ RunTime:0.000977s ]
INFO: [ route_check ] --END-- [ RunTime:0.000977s ]
INFO: [ app_begin ] --START--
INFO: ReadHtmlCache Behavior ::run [ RunTime:0.001953s ]
INFO: [ app_begin ] --END-- [ RunTime:0.001953s ]
INFO: [ view_parse ] --START--
INFO: ParseTemplate Behavior ::run [ RunTime:0.015625s ]
INFO: [ view_parse ] --END-- [ RunTime:0.015625s ]
INFO: [ view_filter ] --START--
INFO: ContentReplace Behavior ::run [ RunTime:0.000977s ]
INFO: TokenBuild Behavior ::run [ RunTime:0.000976s ]
INFO: WriteHtmlCache Behavior ::run [ RunTime:0.000000s ]
INFO: ShowRuntime Behavior ::run [ RunTime:0.000977s ]
INFO: [ view_filter ] --END-- [ RunTime:0.003906s ]
INFO: [ view_end ] --START--
INFO: ShowPageTrace Behavior ::run [ RunTime:0.000977s ]
INFO: [ view_end ] --END-- [ RunTime:0.000977s ]

[ 2013-10-31T22:54:10+08:00 ] 127.0.0.1 /beifeng/index.php/User/doLogin.html
INFO: [ route_check ] --START--
INFO: CheckRoute Behavior ::run [ RunTime:0.001953s ]
INFO: [ route_check ] --END-- [ RunTime:0.001953s ]
INFO: [ app_begin ] --START--
INFO: ReadHtmlCache Behavior ::run [ RunTime:0.001954s ]
INFO: [ app_begin ] --END-- [ RunTime:0.001954s ]
SQL: blog.getCollection(user) [ RunTime:0.000000s ]
NOTIC: [8] Undefined index: field C:\xampp\htdocs\Beifeng\ThinkPHP\Extend\Driver\Db\DbMongo.class.php 第 443 行.
SQL: blog.user.findOne({"uname":"dz5362111","password":"4297f44b13955235245b2497399d7a93"}) [ RunTime:0.000000s ]
INFO: [ view_parse ] --START--
INFO: ParseTemplate Behavior ::run [ RunTime:0.013672s ]
INFO: [ view_parse ] --END-- [ RunTime:0.013672s ]
INFO: [ view_filter ] --START--
INFO: ContentReplace Behavior ::run [ RunTime:0.000977s ]
INFO: TokenBuild Behavior ::run [ RunTime:0.000976s ]
INFO: WriteHtmlCache Behavior ::run [ RunTime:0.001954s ]
INFO: ShowRuntime Behavior ::run [ RunTime:0.000977s ]
INFO: [ view_filter ] --END-- [ RunTime:0.005860s ]
INFO: [ view_end ] --START--
INFO: ShowPageTrace Behavior ::run [ RunTime:0.001953s ]
INFO: [ view_end ] --END-- [ RunTime:0.001953s ]

[ 2013-10-31T22:54:11+08:00 ] 127.0.0.1 /beifeng/index.php/Index/index.html
INFO: [ route_check ] --START--
INFO: CheckRoute Behavior ::run [ RunTime:0.000977s ]
INFO: [ route_check ] --END-- [ RunTime:0.001954s ]
INFO: [ app_begin ] --START--
INFO: ReadHtmlCache Behavior ::run [ RunTime:0.000977s ]
INFO: [ app_begin ] --END-- [ RunTime:0.001953s ]
INFO: [ view_parse ] --START--
NOTIC: [8] Undefined variable: lists C:\xampp\htdocs\Beifeng\App\Runtime\Cache\f331a3f0d874c4248458495ef2c2c2d1.php 第 98 行.
NOTIC: [8] Undefined variable: lists C:\xampp\htdocs\Beifeng\App\Runtime\Cache\f331a3f0d874c4248458495ef2c2c2d1.php 第 99 行.
NOTIC: [8] Undefined variable: lists C:\xampp\htdocs\Beifeng\App\Runtime\Cache\f331a3f0d874c4248458495ef2c2c2d1.php 第 100 行.
INFO: ParseTemplate Behavior ::run [ RunTime:0.015625s ]
INFO: [ view_parse ] --END-- [ RunTime:0.015625s ]
INFO: [ view_filter ] --START--
INFO: ContentReplace Behavior ::run [ RunTime:0.000977s ]
INFO: TokenBuild Behavior ::run [ RunTime:0.000976s ]
INFO: WriteHtmlCache Behavior ::run [ RunTime:0.000977s ]
INFO: ShowRuntime Behavior ::run [ RunTime:0.000977s ]
INFO: [ view_filter ] --END-- [ RunTime:0.004883s ]
INFO: [ view_end ] --START--
INFO: ShowPageTrace Behavior ::run [ RunTime:0.000977s ]
INFO: [ view_end ] --END-- [ RunTime:0.000977s ]

[ 2013-10-31T22:55:04+08:00 ] 127.0.0.1 /beifeng/index.php/Index/addTopic.html
INFO: [ route_check ] --START--
INFO: CheckRoute Behavior ::run [ RunTime:0.001953s ]
INFO: [ route_check ] --END-- [ RunTime:0.001953s ]
INFO: [ app_begin ] --START--
INFO: ReadHtmlCache Behavior ::run [ RunTime:0.000977s ]
INFO: [ app_begin ] --END-- [ RunTime:0.000977s ]
INFO: [ view_parse ] --START--
NOTIC: [8] Undefined variable: category C:\xampp\htdocs\Beifeng\App\Runtime\Cache\1f593e7c6dfcd0369cfaa68218d3e831.php 第 118 行.
INFO: ParseTemplate Behavior ::run [ RunTime:0.015625s ]
INFO: [ view_parse ] --END-- [ RunTime:0.015625s ]
INFO: [ view_filter ] --START--
INFO: ContentReplace Behavior ::run [ RunTime:0.000976s ]
INFO: TokenBuild Behavior ::run [ RunTime:0.001954s ]
INFO: WriteHtmlCache Behavior ::run [ RunTime:0.000000s ]
INFO: ShowRuntime Behavior ::run [ RunTime:0.000976s ]
INFO: [ view_filter ] --END-- [ RunTime:0.003906s ]
INFO: [ view_end ] --START--
INFO: ShowPageTrace Behavior ::run [ RunTime:0.000977s ]
INFO: [ view_end ] --END-- [ RunTime:0.000977s ]

[ 2013-10-31T22:55:04+08:00 ] 127.0.0.1 /beifeng/index.php/Index/verify.html
INFO: [ route_check ] --START--
INFO: CheckRoute Behavior ::run [ RunTime:0.000977s ]
INFO: [ route_check ] --END-- [ RunTime:0.000977s ]
INFO: [ app_begin ] --START--
INFO: ReadHtmlCache Behavior ::run [ RunTime:0.000000s ]
INFO: [ app_begin ] --END-- [ RunTime:0.000977s ]
ERR: 非法操作:verify

[ 2013-10-31T22:57:53+08:00 ] 127.0.0.1 /beifeng/index.php/Index/addTopic.html
INFO: [ route_check ] --START--
INFO: CheckRoute Behavior ::run [ RunTime:0.001953s ]
INFO: [ route_check ] --END-- [ RunTime:0.001953s ]
INFO: [ app_begin ] --START--
INFO: ReadHtmlCache Behavior ::run [ RunTime:0.001953s ]
INFO: [ app_begin ] --END-- [ RunTime:0.001953s ]
INFO: [ view_parse ] --START--
NOTIC: [8] Undefined variable: category C:\xampp\htdocs\Beifeng\App\Runtime\Cache\1f593e7c6dfcd0369cfaa68218d3e831.php 第 118 行.
INFO: ParseTemplate Behavior ::run [ RunTime:0.013672s ]
INFO: [ view_parse ] --END-- [ RunTime:0.013672s ]
INFO: [ view_filter ] --START--
INFO: ContentReplace Behavior ::run [ RunTime:0.000976s ]
INFO: TokenBuild Behavior ::run [ RunTime:0.000977s ]
INFO: WriteHtmlCache Behavior ::run [ RunTime:0.000977s ]
INFO: ShowRuntime Behavior ::run [ RunTime:0.000000s ]
INFO: [ view_filter ] --END-- [ RunTime:0.002930s ]
INFO: [ view_end ] --START--
INFO: ShowPageTrace Behavior ::run [ RunTime:0.000977s ]
INFO: [ view_end ] --END-- [ RunTime:0.000977s ]

[ 2013-10-31T22:57:53+08:00 ] 127.0.0.1 /beifeng/index.php/Index/verify.html
INFO: [ route_check ] --START--
INFO: CheckRoute Behavior ::run [ RunTime:0.001953s ]
INFO: [ route_check ] --END-- [ RunTime:0.001953s ]
INFO: [ app_begin ] --START--
INFO: ReadHtmlCache Behavior ::run [ RunTime:0.000977s ]
INFO: [ app_begin ] --END-- [ RunTime:0.000977s ]
ERR: 非法操作:verify

[ 2013-10-31T23:02:53+08:00 ] 127.0.0.1 /beifeng/index.php/Index/addTopic.html
INFO: [ route_check ] --START--
INFO: CheckRoute Behavior ::run [ RunTime:0.000976s ]
INFO: [ route_check ] --END-- [ RunTime:0.000976s ]
INFO: [ app_begin ] --START--
INFO: ReadHtmlCache Behavior ::run [ RunTime:0.000976s ]
INFO: [ app_begin ] --END-- [ RunTime:0.000976s ]
SQL: blog.getCollection(post) [ RunTime:0.000000s ]
SQL: blog.getCollection(category) [ RunTime:0.000000s ]
NOTIC: [8] Undefined index: where C:\xampp\htdocs\Beifeng\ThinkPHP\Extend\Driver\Db\DbMongo.class.php 第 367 行.
NOTIC: [2] Invalid argument supplied for foreach() C:\xampp\htdocs\Beifeng\ThinkPHP\Extend\Driver\Db\DbMongo.class.php 第 648 行.
NOTIC: [8] Undefined index: order C:\xampp\htdocs\Beifeng\ThinkPHP\Extend\Driver\Db\DbMongo.class.php 第 379 行.
SQL: blog.category.find({},["name"]) [ RunTime:0.000000s ]
INFO: [ view_parse ] --START--
NOTIC: [8] Undefined variable: category C:\xampp\htdocs\Beifeng\App\Runtime\Cache\1f593e7c6dfcd0369cfaa68218d3e831.php 第 118 行.
INFO: ParseTemplate Behavior ::run [ RunTime:0.014649s ]
INFO: [ view_parse ] --END-- [ RunTime:0.014649s ]
INFO: [ view_filter ] --START--
INFO: ContentReplace Behavior ::run [ RunTime:0.000976s ]
INFO: TokenBuild Behavior ::run [ RunTime:0.000977s ]
INFO: WriteHtmlCache Behavior ::run [ RunTime:0.000977s ]
INFO: ShowRuntime Behavior ::run [ RunTime:0.000000s ]
INFO: [ view_filter ] --END-- [ RunTime:0.002930s ]
INFO: [ view_end ] --START--
INFO: ShowPageTrace Behavior ::run [ RunTime:0.000977s ]
INFO: [ view_end ] --END-- [ RunTime:0.000977s ]

[ 2013-10-31T23:02:53+08:00 ] 127.0.0.1 /beifeng/index.php/Index/verify.html
INFO: [ route_check ] --START--
INFO: CheckRoute Behavior ::run [ RunTime:0.000977s ]
INFO: [ route_check ] --END-- [ RunTime:0.001953s ]
INFO: [ app_begin ] --START--
INFO: ReadHtmlCache Behavior ::run [ RunTime:0.000977s ]
INFO: [ app_begin ] --END-- [ RunTime:0.000977s ]
SQL: blog.getCollection(post) [ RunTime:0.000000s ]
SQL: blog.getCollection(category) [ RunTime:0.000000s ]
ERR: 非法操作:verify

[ 2013-10-31T23:04:30+08:00 ] 127.0.0.1 /beifeng/index.php/Index/addTopic.html
INFO: [ route_check ] --START--
INFO: CheckRoute Behavior ::run [ RunTime:0.000976s ]
INFO: [ route_check ] --END-- [ RunTime:0.000976s ]
INFO: [ app_begin ] --START--
INFO: ReadHtmlCache Behavior ::run [ RunTime:0.000976s ]
INFO: [ app_begin ] --END-- [ RunTime:0.001953s ]
SQL: blog.getCollection(post) [ RunTime:0.000000s ]
SQL: blog.getCollection(category) [ RunTime:0.000976s ]
NOTIC: [8] Undefined index: where C:\xampp\htdocs\Beifeng\ThinkPHP\Extend\Driver\Db\DbMongo.class.php 第 367 行.
NOTIC: [2] Invalid argument supplied for foreach() C:\xampp\htdocs\Beifeng\ThinkPHP\Extend\Driver\Db\DbMongo.class.php 第 648 行.
NOTIC: [8] Undefined index: order C:\xampp\htdocs\Beifeng\ThinkPHP\Extend\Driver\Db\DbMongo.class.php 第 379 行.
SQL: blog.category.find({},["name"]) [ RunTime:0.000000s ]
INFO: [ view_parse ] --START--
INFO: ParseTemplate Behavior ::run [ RunTime:0.015625s ]
INFO: [ view_parse ] --END-- [ RunTime:0.015625s ]
INFO: [ view_filter ] --START--
INFO: ContentReplace Behavior ::run [ RunTime:0.000976s ]
INFO: TokenBuild Behavior ::run [ RunTime:0.000977s ]
INFO: WriteHtmlCache Behavior ::run [ RunTime:0.000976s ]
INFO: ShowRuntime Behavior ::run [ RunTime:0.000000s ]
INFO: [ view_filter ] --END-- [ RunTime:0.003906s ]
INFO: [ view_end ] --START--
INFO: ShowPageTrace Behavior ::run [ RunTime:0.000976s ]
INFO: [ view_end ] --END-- [ RunTime:0.000976s ]

[ 2013-10-31T23:04:30+08:00 ] 127.0.0.1 /beifeng/index.php/Index/verify.html
INFO: [ route_check ] --START--
INFO: CheckRoute Behavior ::run [ RunTime:0.000977s ]
INFO: [ route_check ] --END-- [ RunTime:0.000977s ]
INFO: [ app_begin ] --START--
INFO: ReadHtmlCache Behavior ::run [ RunTime:0.000977s ]
INFO: [ app_begin ] --END-- [ RunTime:0.000977s ]
SQL: blog.getCollection(post) [ RunTime:0.000000s ]
SQL: blog.getCollection(category) [ RunTime:0.000000s ]
ERR: 非法操作:verify

[ 2013-10-31T23:05:18+08:00 ] 127.0.0.1 /beifeng/index.php/Index/doAddNewTopic.html
INFO: [ route_check ] --START--
INFO: CheckRoute Behavior ::run [ RunTime:0.002929s ]
INFO: [ route_check ] --END-- [ RunTime:0.002929s ]
INFO: [ app_begin ] --START--
INFO: ReadHtmlCache Behavior ::run [ RunTime:0.000976s ]
INFO: [ app_begin ] --END-- [ RunTime:0.000976s ]
SQL: blog.getCollection(post) [ RunTime:0.000000s ]
SQL: blog.getCollection(category) [ RunTime:0.000000s ]
NOTIC: [8] Undefined index: body C:\xampp\htdocs\Beifeng\App\Lib\Action\IndexAction.class.php 第 34 行.
NOTIC: [8] Undefined index: type_id C:\xampp\htdocs\Beifeng\App\Lib\Action\IndexAction.class.php 第 36 行.
SQL: blog.getCollection(post) [ RunTime:0.000000s ]
SQL: blog.post.insert({"title":"\u6d4b\u8bd5\u8bdd\u9898\u5206\u7c7b1","body":null,"tag":["1","2","3"],"type_id":null,"comment_count":0,"created_date":1383231918,"hits":0}) [ RunTime:0.000000s ]
INFO: [ view_parse ] --START--
INFO: ParseTemplate Behavior ::run [ RunTime:0.011719s ]
INFO: [ view_parse ] --END-- [ RunTime:0.011719s ]
INFO: [ view_filter ] --START--
INFO: ContentReplace Behavior ::run [ RunTime:0.000976s ]
INFO: TokenBuild Behavior ::run [ RunTime:0.000977s ]
INFO: WriteHtmlCache Behavior ::run [ RunTime:0.000977s ]
INFO: ShowRuntime Behavior ::run [ RunTime:0.000976s ]
INFO: [ view_filter ] --END-- [ RunTime:0.003906s ]
INFO: [ view_end ] --START--
INFO: ShowPageTrace Behavior ::run [ RunTime:0.001953s ]
INFO: [ view_end ] --END-- [ RunTime:0.001953s ]

[ 2013-10-31T23:05:19+08:00 ] 127.0.0.1 /beifeng/index.php/Index/index.html
INFO: [ route_check ] --START--
INFO: CheckRoute Behavior ::run [ RunTime:0.000976s ]
INFO: [ route_check ] --END-- [ RunTime:0.000976s ]
INFO: [ app_begin ] --START--
INFO: ReadHtmlCache Behavior ::run [ RunTime:0.000977s ]
INFO: [ app_begin ] --END-- [ RunTime:0.000977s ]
SQL: blog.getCollection(post) [ RunTime:0.000000s ]
SQL: blog.getCollection(category) [ RunTime:0.000000s ]
INFO: [ view_parse ] --START--
NOTIC: [8] Undefined variable: lists C:\xampp\htdocs\Beifeng\App\Runtime\Cache\f331a3f0d874c4248458495ef2c2c2d1.php 第 98 行.
NOTIC: [8] Undefined variable: lists C:\xampp\htdocs\Beifeng\App\Runtime\Cache\f331a3f0d874c4248458495ef2c2c2d1.php 第 99 行.
NOTIC: [8] Undefined variable: lists C:\xampp\htdocs\Beifeng\App\Runtime\Cache\f331a3f0d874c4248458495ef2c2c2d1.php 第 100 行.
INFO: ParseTemplate Behavior ::run [ RunTime:0.014648s ]
INFO: [ view_parse ] --END-- [ RunTime:0.014648s ]
INFO: [ view_filter ] --START--
INFO: ContentReplace Behavior ::run [ RunTime:0.000977s ]
INFO: TokenBuild Behavior ::run [ RunTime:0.000976s ]
INFO: WriteHtmlCache Behavior ::run [ RunTime:0.000977s ]
INFO: ShowRuntime Behavior ::run [ RunTime:0.000977s ]
INFO: [ view_filter ] --END-- [ RunTime:0.003907s ]
INFO: [ view_end ] --START--
INFO: ShowPageTrace Behavior ::run [ RunTime:0.000976s ]
INFO: [ view_end ] --END-- [ RunTime:0.000976s ]

[ 2013-10-31T23:05:54+08:00 ] 127.0.0.1 /beifeng/index.php/Index/addTopic.html
INFO: [ route_check ] --START--
INFO: CheckRoute Behavior ::run [ RunTime:0.001954s ]
INFO: [ route_check ] --END-- [ RunTime:0.001954s ]
INFO: [ app_begin ] --START--
INFO: ReadHtmlCache Behavior ::run [ RunTime:0.001953s ]
INFO: [ app_begin ] --END-- [ RunTime:0.001953s ]
SQL: blog.getCollection(post) [ RunTime:0.000000s ]
SQL: blog.getCollection(category) [ RunTime:0.000000s ]
NOTIC: [8] Undefined index: where C:\xampp\htdocs\Beifeng\ThinkPHP\Extend\Driver\Db\DbMongo.class.php 第 367 行.
NOTIC: [2] Invalid argument supplied for foreach() C:\xampp\htdocs\Beifeng\ThinkPHP\Extend\Driver\Db\DbMongo.class.php 第 648 行.
NOTIC: [8] Undefined index: order C:\xampp\htdocs\Beifeng\ThinkPHP\Extend\Driver\Db\DbMongo.class.php 第 379 行.
SQL: blog.category.find({},["name"]) [ RunTime:0.000000s ]
INFO: [ view_parse ] --START--
INFO: ParseTemplate Behavior ::run [ RunTime:0.021484s ]
INFO: [ view_parse ] --END-- [ RunTime:0.021484s ]
INFO: [ view_filter ] --START--
INFO: ContentReplace Behavior ::run [ RunTime:0.000977s ]
INFO: TokenBuild Behavior ::run [ RunTime:0.000977s ]
INFO: WriteHtmlCache Behavior ::run [ RunTime:0.000976s ]
INFO: ShowRuntime Behavior ::run [ RunTime:0.000977s ]
INFO: [ view_filter ] --END-- [ RunTime:0.003907s ]
INFO: [ view_end ] --START--
INFO: ShowPageTrace Behavior ::run [ RunTime:0.000976s ]
INFO: [ view_end ] --END-- [ RunTime:0.000976s ]

[ 2013-10-31T23:05:54+08:00 ] 127.0.0.1 /beifeng/index.php/Index/verify.html
INFO: [ route_check ] --START--
INFO: CheckRoute Behavior ::run [ RunTime:0.000977s ]
INFO: [ route_check ] --END-- [ RunTime:0.001953s ]
INFO: [ app_begin ] --START--
INFO: ReadHtmlCache Behavior ::run [ RunTime:0.004883s ]
INFO: [ app_begin ] --END-- [ RunTime:0.004883s ]
SQL: blog.getCollection(post) [ RunTime:0.000000s ]
SQL: blog.getCollection(category) [ RunTime:0.000000s ]
ERR: 非法操作:verify

[ 2013-10-31T23:06:05+08:00 ] 127.0.0.1 /beifeng/index.php/Index/doAddNewTopic.html
INFO: [ route_check ] --START--
INFO: CheckRoute Behavior ::run [ RunTime:0.001953s ]
INFO: [ route_check ] --END-- [ RunTime:0.001953s ]
INFO: [ app_begin ] --START--
INFO: ReadHtmlCache Behavior ::run [ RunTime:0.000977s ]
INFO: [ app_begin ] --END-- [ RunTime:0.000977s ]
SQL: blog.getCollection(post) [ RunTime:0.000000s ]
SQL: blog.getCollection(category) [ RunTime:0.000000s ]
NOTIC: [8] Undefined index: type_id C:\xampp\htdocs\Beifeng\App\Lib\Action\IndexAction.class.php 第 36 行.
SQL: blog.getCollection(post) [ RunTime:0.000000s ]
SQL: blog.post.insert({"title":"\u6d4b\u8bd5\u8bdd\u9898\u5206\u7c7b2","body":"\u6d4b\u8bd5\u8bdd\u9898\u5206\u7c7b1\u6d4b\u8bd5\u8bdd\u9898\u5206\u7c7b1\u6d4b\u8bd5\u8bdd\u9898\u5206\u7c7b1\u6d4b\u8bd5\u8bdd\u9898\u5206\u7c7b1","tag":["1","2","3"],"type_id":null,"comment_count":0,"created_date":1383231965,"hits":0}) [ RunTime:0.000977s ]
INFO: [ view_parse ] --START--
INFO: ParseTemplate Behavior ::run [ RunTime:0.010742s ]
INFO: [ view_parse ] --END-- [ RunTime:0.010742s ]
INFO: [ view_filter ] --START--
INFO: ContentReplace Behavior ::run [ RunTime:0.000976s ]
INFO: TokenBuild Behavior ::run [ RunTime:0.000977s ]
INFO: WriteHtmlCache Behavior ::run [ RunTime:0.000000s ]
INFO: ShowRuntime Behavior ::run [ RunTime:0.000976s ]
INFO: [ view_filter ] --END-- [ RunTime:0.002929s ]
INFO: [ view_end ] --START--
INFO: ShowPageTrace Behavior ::run [ RunTime:0.001954s ]
INFO: [ view_end ] --END-- [ RunTime:0.001954s ]

[ 2013-10-31T23:06:06+08:00 ] 127.0.0.1 /beifeng/index.php/Index/index.html
INFO: [ route_check ] --START--
INFO: CheckRoute Behavior ::run [ RunTime:0.001953s ]
INFO: [ route_check ] --END-- [ RunTime:0.001953s ]
INFO: [ app_begin ] --START--
INFO: ReadHtmlCache Behavior ::run [ RunTime:0.000977s ]
INFO: [ app_begin ] --END-- [ RunTime:0.000977s ]
SQL: blog.getCollection(post) [ RunTime:0.000000s ]
SQL: blog.getCollection(category) [ RunTime:0.000000s ]
INFO: [ view_parse ] --START--
NOTIC: [8] Undefined variable: lists C:\xampp\htdocs\Beifeng\App\Runtime\Cache\f331a3f0d874c4248458495ef2c2c2d1.php 第 98 行.
NOTIC: [8] Undefined variable: lists C:\xampp\htdocs\Beifeng\App\Runtime\Cache\f331a3f0d874c4248458495ef2c2c2d1.php 第 99 行.
NOTIC: [8] Undefined variable: lists C:\xampp\htdocs\Beifeng\App\Runtime\Cache\f331a3f0d874c4248458495ef2c2c2d1.php 第 100 行.
INFO: ParseTemplate Behavior ::run [ RunTime:0.016602s ]
INFO: [ view_parse ] --END-- [ RunTime:0.016602s ]
INFO: [ view_filter ] --START--
INFO: ContentReplace Behavior ::run [ RunTime:0.000976s ]
INFO: TokenBuild Behavior ::run [ RunTime:0.000977s ]
INFO: WriteHtmlCache Behavior ::run [ RunTime:0.000000s ]
INFO: ShowRuntime Behavior ::run [ RunTime:0.000976s ]
INFO: [ view_filter ] --END-- [ RunTime:0.002929s ]
INFO: [ view_end ] --START--
INFO: ShowPageTrace Behavior ::run [ RunTime:0.000977s ]
INFO: [ view_end ] --END-- [ RunTime:0.000977s ]

[ 2013-10-31T23:06:58+08:00 ] 127.0.0.1 /beifeng/index.php/Index/addTopic.html
INFO: [ route_check ] --START--
INFO: CheckRoute Behavior ::run [ RunTime:0.000976s ]
INFO: [ route_check ] --END-- [ RunTime:0.000976s ]
INFO: [ app_begin ] --START--
INFO: ReadHtmlCache Behavior ::run [ RunTime:0.000976s ]
INFO: [ app_begin ] --END-- [ RunTime:0.001953s ]
SQL: blog.getCollection(post) [ RunTime:0.000000s ]
SQL: blog.getCollection(category) [ RunTime:0.000000s ]
NOTIC: [8] Undefined index: where C:\xampp\htdocs\Beifeng\ThinkPHP\Extend\Driver\Db\DbMongo.class.php 第 367 行.
NOTIC: [2] Invalid argument supplied for foreach() C:\xampp\htdocs\Beifeng\ThinkPHP\Extend\Driver\Db\DbMongo.class.php 第 648 行.
NOTIC: [8] Undefined index: order C:\xampp\htdocs\Beifeng\ThinkPHP\Extend\Driver\Db\DbMongo.class.php 第 379 行.
SQL: blog.category.find({},["name"]) [ RunTime:0.000000s ]
INFO: [ view_parse ] --START--
INFO: ParseTemplate Behavior ::run [ RunTime:0.016602s ]
INFO: [ view_parse ] --END-- [ RunTime:0.016602s ]
INFO: [ view_filter ] --START--
INFO: ContentReplace Behavior ::run [ RunTime:0.000976s ]
INFO: TokenBuild Behavior ::run [ RunTime:0.001953s ]
INFO: WriteHtmlCache Behavior ::run [ RunTime:0.000977s ]
INFO: ShowRuntime Behavior ::run [ RunTime:0.001953s ]
INFO: [ view_filter ] --END-- [ RunTime:0.005859s ]
INFO: [ view_end ] --START--
INFO: ShowPageTrace Behavior ::run [ RunTime:0.000976s ]
INFO: [ view_end ] --END-- [ RunTime:0.002930s ]

[ 2013-10-31T23:06:58+08:00 ] 127.0.0.1 /beifeng/index.php/Index/verify.html
INFO: [ route_check ] --START--
INFO: CheckRoute Behavior ::run [ RunTime:0.001953s ]
INFO: [ route_check ] --END-- [ RunTime:0.001953s ]
INFO: [ app_begin ] --START--
INFO: ReadHtmlCache Behavior ::run [ RunTime:0.000976s ]
INFO: [ app_begin ] --END-- [ RunTime:0.000976s ]
SQL: blog.getCollection(post) [ RunTime:0.000000s ]
SQL: blog.getCollection(category) [ RunTime:0.000000s ]
ERR: 非法操作:verify

[ 2013-10-31T23:07:15+08:00 ] 127.0.0.1 /beifeng/index.php/Index/doAddNewTopic.html
INFO: [ route_check ] --START--
INFO: CheckRoute Behavior ::run [ RunTime:0.000976s ]
INFO: [ route_check ] --END-- [ RunTime:0.000976s ]
INFO: [ app_begin ] --START--
INFO: ReadHtmlCache Behavior ::run [ RunTime:0.000977s ]
INFO: [ app_begin ] --END-- [ RunTime:0.000977s ]
SQL: blog.getCollection(post) [ RunTime:0.000000s ]
SQL: blog.getCollection(category) [ RunTime:0.000000s ]
SQL: blog.getCollection(post) [ RunTime:0.000000s ]
SQL: blog.post.insert({"title":"\u6d4b\u8bd5\u8bdd\u9898\u5206\u7c7b3","body":"typetypetypetype","tag":["1","2","3"],"type_id":"52726fa34c16fd367f0b1e5c","comment_count":0,"created_date":1383232035,"hits":0}) [ RunTime:0.000977s ]
INFO: [ view_parse ] --START--
INFO: ParseTemplate Behavior ::run [ RunTime:0.011718s ]
INFO: [ view_parse ] --END-- [ RunTime:0.011718s ]
INFO: [ view_filter ] --START--
INFO: ContentReplace Behavior ::run [ RunTime:0.000977s ]
INFO: TokenBuild Behavior ::run [ RunTime:0.000977s ]
INFO: WriteHtmlCache Behavior ::run [ RunTime:0.000000s ]
INFO: ShowRuntime Behavior ::run [ RunTime:0.000976s ]
INFO: [ view_filter ] --END-- [ RunTime:0.002930s ]
INFO: [ view_end ] --START--
INFO: ShowPageTrace Behavior ::run [ RunTime:0.000977s ]
INFO: [ view_end ] --END-- [ RunTime:0.000977s ]

[ 2013-10-31T23:07:17+08:00 ] 127.0.0.1 /beifeng/index.php/Index/index.html
INFO: [ route_check ] --START--
INFO: CheckRoute Behavior ::run [ RunTime:0.000977s ]
INFO: [ route_check ] --END-- [ RunTime:0.000977s ]
INFO: [ app_begin ] --START--
INFO: ReadHtmlCache Behavior ::run [ RunTime:0.000977s ]
INFO: [ app_begin ] --END-- [ RunTime:0.000977s ]
SQL: blog.getCollection(post) [ RunTime:0.000000s ]
SQL: blog.getCollection(category) [ RunTime:0.000000s ]
INFO: [ view_parse ] --START--
NOTIC: [8] Undefined variable: lists C:\xampp\htdocs\Beifeng\App\Runtime\Cache\f331a3f0d874c4248458495ef2c2c2d1.php 第 98 行.
NOTIC: [8] Undefined variable: lists C:\xampp\htdocs\Beifeng\App\Runtime\Cache\f331a3f0d874c4248458495ef2c2c2d1.php 第 99 行.
NOTIC: [8] Undefined variable: lists C:\xampp\htdocs\Beifeng\App\Runtime\Cache\f331a3f0d874c4248458495ef2c2c2d1.php 第 100 行.
INFO: ParseTemplate Behavior ::run [ RunTime:0.011719s ]
INFO: [ view_parse ] --END-- [ RunTime:0.011719s ]
INFO: [ view_filter ] --START--
INFO: ContentReplace Behavior ::run [ RunTime:0.000976s ]
INFO: TokenBuild Behavior ::run [ RunTime:0.000977s ]
INFO: WriteHtmlCache Behavior ::run [ RunTime:0.000976s ]
INFO: ShowRuntime Behavior ::run [ RunTime:0.000000s ]
INFO: [ view_filter ] --END-- [ RunTime:0.002929s ]
INFO: [ view_end ] --START--
INFO: ShowPageTrace Behavior ::run [ RunTime:0.000977s ]
INFO: [ view_end ] --END-- [ RunTime:0.000977s ]

