[ 2013-10-27T17:16:03+08:00 ] 127.0.0.1 /Beifeng/index.php/Index/addForm.html
INFO: [ route_check ] --START--
INFO: CheckRoute Behavior ::run [ RunTime:0.001953s ]
INFO: [ route_check ] --END-- [ RunTime:0.001953s ]
INFO: [ app_begin ] --START--
INFO: ReadHtmlCache Behavior ::run [ RunTime:0.001953s ]
INFO: [ app_begin ] --END-- [ RunTime:0.001953s ]
ERR: 非法操作:addForm

[ 2013-10-27T17:16:06+08:00 ] 127.0.0.1 /Beifeng/index.php
INFO: [ app_begin ] --START--
INFO: ReadHtmlCache Behavior ::run [ RunTime:0.000977s ]
INFO: [ app_begin ] --END-- [ RunTime:0.000977s ]
SQL: blog.getCollection(user) [ RunTime:0.000000s ]
INFO: [ view_parse ] --START--
NOTIC: [8] Undefined variable: lists C:\xampp\htdocs\Beifeng\App\Runtime\Cache\f331a3f0d874c4248458495ef2c2c2d1.php 第 95 行.
NOTIC: [8] Undefined variable: lists C:\xampp\htdocs\Beifeng\App\Runtime\Cache\f331a3f0d874c4248458495ef2c2c2d1.php 第 96 行.
NOTIC: [8] Undefined variable: lists C:\xampp\htdocs\Beifeng\App\Runtime\Cache\f331a3f0d874c4248458495ef2c2c2d1.php 第 97 行.
INFO: ParseTemplate Behavior ::run [ RunTime:0.015625s ]
INFO: [ view_parse ] --END-- [ RunTime:0.016602s ]
INFO: [ view_filter ] --START--
INFO: ContentReplace Behavior ::run [ RunTime:0.001953s ]
INFO: TokenBuild Behavior ::run [ RunTime:0.000977s ]
INFO: WriteHtmlCache Behavior ::run [ RunTime:0.001953s ]
INFO: ShowRuntime Behavior ::run [ RunTime:0.001953s ]
INFO: [ view_filter ] --END-- [ RunTime:0.006836s ]
NOTIC: [2] Cannot modify header information - headers already sent by (output started at C:\xampp\htdocs\Beifeng\ThinkPHP\Common\functions.php:97) C:\xampp\htdocs\Beifeng\ThinkPHP\Lib\Core\View.class.php 第 95 行.
NOTIC: [2] Cannot modify header information - headers already sent by (output started at C:\xampp\htdocs\Beifeng\ThinkPHP\Common\functions.php:97) C:\xampp\htdocs\Beifeng\ThinkPHP\Lib\Core\View.class.php 第 96 行.
NOTIC: [2] Cannot modify header information - headers already sent by (output started at C:\xampp\htdocs\Beifeng\ThinkPHP\Common\functions.php:97) C:\xampp\htdocs\Beifeng\ThinkPHP\Lib\Core\View.class.php 第 97 行.
INFO: [ view_end ] --START--
INFO: ShowPageTrace Behavior ::run [ RunTime:0.002930s ]
INFO: [ view_end ] --END-- [ RunTime:0.002930s ]

[ 2013-10-27T17:16:40+08:00 ] 127.0.0.1 /Beifeng/index.php
INFO: [ app_begin ] --START--
INFO: ReadHtmlCache Behavior ::run [ RunTime:0.000977s ]
INFO: [ app_begin ] --END-- [ RunTime:0.000977s ]
SQL: blog.getCollection(user) [ RunTime:0.000000s ]
NOTIC: [8] Undefined index: where C:\xampp\htdocs\Beifeng\ThinkPHP\Extend\Driver\Db\DbMongo.class.php 第 442 行.
NOTIC: [2] Invalid argument supplied for foreach() C:\xampp\htdocs\Beifeng\ThinkPHP\Extend\Driver\Db\DbMongo.class.php 第 648 行.
NOTIC: [8] Undefined index: field C:\xampp\htdocs\Beifeng\ThinkPHP\Extend\Driver\Db\DbMongo.class.php 第 443 行.
SQL: blog.user.findOne({}) [ RunTime:0.000000s ]
INFO: [ view_parse ] --START--
NOTIC: [8] Undefined variable: lists C:\xampp\htdocs\Beifeng\App\Runtime\Cache\f331a3f0d874c4248458495ef2c2c2d1.php 第 95 行.
NOTIC: [8] Undefined variable: lists C:\xampp\htdocs\Beifeng\App\Runtime\Cache\f331a3f0d874c4248458495ef2c2c2d1.php 第 96 行.
NOTIC: [8] Undefined variable: lists C:\xampp\htdocs\Beifeng\App\Runtime\Cache\f331a3f0d874c4248458495ef2c2c2d1.php 第 97 行.
INFO: ParseTemplate Behavior ::run [ RunTime:0.014648s ]
INFO: [ view_parse ] --END-- [ RunTime:0.014648s ]
INFO: [ view_filter ] --START--
INFO: ContentReplace Behavior ::run [ RunTime:0.000977s ]
INFO: TokenBuild Behavior ::run [ RunTime:0.000977s ]
INFO: WriteHtmlCache Behavior ::run [ RunTime:0.000976s ]
INFO: ShowRuntime Behavior ::run [ RunTime:0.000977s ]
INFO: [ view_filter ] --END-- [ RunTime:0.003907s ]
INFO: [ view_end ] --START--
INFO: ShowPageTrace Behavior ::run [ RunTime:0.000976s ]
INFO: [ view_end ] --END-- [ RunTime:0.000976s ]

[ 2013-10-27T17:17:38+08:00 ] 127.0.0.1 /Beifeng/index.php
INFO: [ app_begin ] --START--
INFO: ReadHtmlCache Behavior ::run [ RunTime:0.000976s ]
INFO: [ app_begin ] --END-- [ RunTime:0.000976s ]
SQL: blog.getCollection(user) [ RunTime:0.000000s ]
NOTIC: [8] Undefined index: where C:\xampp\htdocs\Beifeng\ThinkPHP\Extend\Driver\Db\DbMongo.class.php 第 442 行.
NOTIC: [2] Invalid argument supplied for foreach() C:\xampp\htdocs\Beifeng\ThinkPHP\Extend\Driver\Db\DbMongo.class.php 第 648 行.
NOTIC: [8] Undefined index: field C:\xampp\htdocs\Beifeng\ThinkPHP\Extend\Driver\Db\DbMongo.class.php 第 443 行.
SQL: blog.user.findOne({}) [ RunTime:0.000000s ]
INFO: [ view_parse ] --START--
NOTIC: [8] Undefined variable: lists C:\xampp\htdocs\Beifeng\App\Runtime\Cache\f331a3f0d874c4248458495ef2c2c2d1.php 第 95 行.
NOTIC: [8] Undefined variable: lists C:\xampp\htdocs\Beifeng\App\Runtime\Cache\f331a3f0d874c4248458495ef2c2c2d1.php 第 96 行.
NOTIC: [8] Undefined variable: lists C:\xampp\htdocs\Beifeng\App\Runtime\Cache\f331a3f0d874c4248458495ef2c2c2d1.php 第 97 行.
INFO: ParseTemplate Behavior ::run [ RunTime:0.014649s ]
INFO: [ view_parse ] --END-- [ RunTime:0.014649s ]
INFO: [ view_filter ] --START--
INFO: ContentReplace Behavior ::run [ RunTime:0.000976s ]
INFO: TokenBuild Behavior ::run [ RunTime:0.000977s ]
INFO: WriteHtmlCache Behavior ::run [ RunTime:0.000976s ]
INFO: ShowRuntime Behavior ::run [ RunTime:0.000977s ]
INFO: [ view_filter ] --END-- [ RunTime:0.003906s ]
INFO: [ view_end ] --START--
INFO: ShowPageTrace Behavior ::run [ RunTime:0.000977s ]
INFO: [ view_end ] --END-- [ RunTime:0.000977s ]

[ 2013-10-27T17:18:13+08:00 ] 127.0.0.1 /Beifeng/index.php/User/register
INFO: [ route_check ] --START--
INFO: CheckRoute Behavior ::run [ RunTime:0.001953s ]
INFO: [ route_check ] --END-- [ RunTime:0.001953s ]
INFO: [ app_begin ] --START--
INFO: ReadHtmlCache Behavior ::run [ RunTime:0.000977s ]
INFO: [ app_begin ] --END-- [ RunTime:0.000977s ]
ERR: 非法操作:register

[ 2013-10-27T17:23:08+08:00 ] 127.0.0.1 /Beifeng/index.php/User/register
INFO: [ route_check ] --START--
INFO: CheckRoute Behavior ::run [ RunTime:0.001953s ]
INFO: [ route_check ] --END-- [ RunTime:0.001953s ]
INFO: [ app_begin ] --START--
INFO: ReadHtmlCache Behavior ::run [ RunTime:0.000976s ]
INFO: [ app_begin ] --END-- [ RunTime:0.000976s ]
NOTIC: [8] Constant THEME_NAME already defined C:\xampp\htdocs\Beifeng\ThinkPHP\Lib\Core\View.class.php 第 223 行.
NOTIC: [8] Constant THEME_PATH already defined C:\xampp\htdocs\Beifeng\ThinkPHP\Lib\Core\View.class.php 第 174 行.
NOTIC: [8] Constant APP_TMPL_PATH already defined C:\xampp\htdocs\Beifeng\ThinkPHP\Lib\Core\View.class.php 第 175 行.
INFO: [ view_parse ] --START--
INFO: ParseTemplate Behavior ::run [ RunTime:0.013672s ]
INFO: [ view_parse ] --END-- [ RunTime:0.013672s ]
INFO: [ view_filter ] --START--
INFO: ContentReplace Behavior ::run [ RunTime:0.000977s ]
INFO: TokenBuild Behavior ::run [ RunTime:0.000976s ]
INFO: WriteHtmlCache Behavior ::run [ RunTime:0.000977s ]
INFO: ShowRuntime Behavior ::run [ RunTime:0.000977s ]
INFO: [ view_filter ] --END-- [ RunTime:0.003907s ]
INFO: [ view_end ] --START--
INFO: ShowPageTrace Behavior ::run [ RunTime:0.000976s ]
INFO: [ view_end ] --END-- [ RunTime:0.000976s ]

[ 2013-10-27T17:23:56+08:00 ] 127.0.0.1 /Beifeng/index.php/User/register
INFO: [ route_check ] --START--
INFO: CheckRoute Behavior ::run [ RunTime:0.000977s ]
INFO: [ route_check ] --END-- [ RunTime:0.000977s ]
INFO: [ app_begin ] --START--
INFO: ReadHtmlCache Behavior ::run [ RunTime:0.000977s ]
INFO: [ app_begin ] --END-- [ RunTime:0.000977s ]
NOTIC: [8] Constant THEME_NAME already defined C:\xampp\htdocs\Beifeng\ThinkPHP\Lib\Core\View.class.php 第 223 行.
NOTIC: [8] Constant THEME_PATH already defined C:\xampp\htdocs\Beifeng\ThinkPHP\Lib\Core\View.class.php 第 174 行.
NOTIC: [8] Constant APP_TMPL_PATH already defined C:\xampp\htdocs\Beifeng\ThinkPHP\Lib\Core\View.class.php 第 175 行.
INFO: [ view_parse ] --START--
INFO: ParseTemplate Behavior ::run [ RunTime:0.015625s ]
INFO: [ view_parse ] --END-- [ RunTime:0.015625s ]
INFO: [ view_filter ] --START--
INFO: ContentReplace Behavior ::run [ RunTime:0.000977s ]
INFO: TokenBuild Behavior ::run [ RunTime:0.000977s ]
INFO: WriteHtmlCache Behavior ::run [ RunTime:0.000976s ]
INFO: ShowRuntime Behavior ::run [ RunTime:0.000977s ]
INFO: [ view_filter ] --END-- [ RunTime:0.003907s ]
INFO: [ view_end ] --START--
INFO: ShowPageTrace Behavior ::run [ RunTime:0.000976s ]
INFO: [ view_end ] --END-- [ RunTime:0.000976s ]

[ 2013-10-27T17:24:25+08:00 ] 127.0.0.1 /Beifeng/index.php/User/doRegister.html
INFO: [ route_check ] --START--
INFO: CheckRoute Behavior ::run [ RunTime:0.001953s ]
INFO: [ route_check ] --END-- [ RunTime:0.002930s ]
INFO: [ app_begin ] --START--
INFO: ReadHtmlCache Behavior ::run [ RunTime:0.001953s ]
INFO: [ app_begin ] --END-- [ RunTime:0.001953s ]
ERR: 非法操作:doRegister

[ 2013-10-27T17:47:41+08:00 ] 127.0.0.1 /beifeng/
INFO: [ app_begin ] --START--
INFO: ReadHtmlCache Behavior ::run [ RunTime:0.000976s ]
INFO: [ app_begin ] --END-- [ RunTime:0.001953s ]
SQL: blog.getCollection(user) [ RunTime:0.000000s ]
NOTIC: [8] Undefined index: where C:\xampp\htdocs\Beifeng\ThinkPHP\Extend\Driver\Db\DbMongo.class.php 第 442 行.
NOTIC: [2] Invalid argument supplied for foreach() C:\xampp\htdocs\Beifeng\ThinkPHP\Extend\Driver\Db\DbMongo.class.php 第 648 行.
NOTIC: [8] Undefined index: field C:\xampp\htdocs\Beifeng\ThinkPHP\Extend\Driver\Db\DbMongo.class.php 第 443 行.
SQL: blog.user.findOne({}) [ RunTime:0.000000s ]
INFO: [ view_parse ] --START--
NOTIC: [8] Undefined variable: lists C:\xampp\htdocs\Beifeng\App\Runtime\Cache\f331a3f0d874c4248458495ef2c2c2d1.php 第 95 行.
NOTIC: [8] Undefined variable: lists C:\xampp\htdocs\Beifeng\App\Runtime\Cache\f331a3f0d874c4248458495ef2c2c2d1.php 第 96 行.
NOTIC: [8] Undefined variable: lists C:\xampp\htdocs\Beifeng\App\Runtime\Cache\f331a3f0d874c4248458495ef2c2c2d1.php 第 97 行.
INFO: ParseTemplate Behavior ::run [ RunTime:0.012696s ]
INFO: [ view_parse ] --END-- [ RunTime:0.012696s ]
INFO: [ view_filter ] --START--
INFO: ContentReplace Behavior ::run [ RunTime:0.000976s ]
INFO: TokenBuild Behavior ::run [ RunTime:0.000000s ]
INFO: WriteHtmlCache Behavior ::run [ RunTime:0.000000s ]
INFO: ShowRuntime Behavior ::run [ RunTime:0.000976s ]
INFO: [ view_filter ] --END-- [ RunTime:0.002929s ]
INFO: [ view_end ] --START--
INFO: ShowPageTrace Behavior ::run [ RunTime:0.001953s ]
INFO: [ view_end ] --END-- [ RunTime:0.001953s ]

[ 2013-10-27T17:51:19+08:00 ] 127.0.0.1 /beifeng/
INFO: [ app_begin ] --START--
INFO: ReadHtmlCache Behavior ::run [ RunTime:0.000976s ]
INFO: [ app_begin ] --END-- [ RunTime:0.001953s ]
SQL: blog.getCollection(user) [ RunTime:0.000000s ]
NOTIC: [8] Undefined index: where C:\xampp\htdocs\Beifeng\ThinkPHP\Extend\Driver\Db\DbMongo.class.php 第 442 行.
NOTIC: [2] Invalid argument supplied for foreach() C:\xampp\htdocs\Beifeng\ThinkPHP\Extend\Driver\Db\DbMongo.class.php 第 648 行.
NOTIC: [8] Undefined index: field C:\xampp\htdocs\Beifeng\ThinkPHP\Extend\Driver\Db\DbMongo.class.php 第 443 行.
SQL: blog.user.findOne({}) [ RunTime:0.000000s ]

[ 2013-10-27T17:51:31+08:00 ] 127.0.0.1 /beifeng/
INFO: [ app_begin ] --START--
INFO: ReadHtmlCache Behavior ::run [ RunTime:0.000976s ]
INFO: [ app_begin ] --END-- [ RunTime:0.000976s ]
SQL: blog.getCollection(user) [ RunTime:0.000000s ]
NOTIC: [8] Undefined index: where C:\xampp\htdocs\Beifeng\ThinkPHP\Extend\Driver\Db\DbMongo.class.php 第 442 行.
NOTIC: [2] Invalid argument supplied for foreach() C:\xampp\htdocs\Beifeng\ThinkPHP\Extend\Driver\Db\DbMongo.class.php 第 648 行.
NOTIC: [8] Undefined index: field C:\xampp\htdocs\Beifeng\ThinkPHP\Extend\Driver\Db\DbMongo.class.php 第 443 行.
SQL: blog.user.findOne({}) [ RunTime:0.000000s ]
SQL: blog.user.insert({"name":"zhangsan","sex":1,"age":18}) [ RunTime:0.000000s ]
INFO: [ view_parse ] --START--
NOTIC: [8] Undefined variable: lists C:\xampp\htdocs\Beifeng\App\Runtime\Cache\f331a3f0d874c4248458495ef2c2c2d1.php 第 95 行.
NOTIC: [8] Undefined variable: lists C:\xampp\htdocs\Beifeng\App\Runtime\Cache\f331a3f0d874c4248458495ef2c2c2d1.php 第 96 行.
NOTIC: [8] Undefined variable: lists C:\xampp\htdocs\Beifeng\App\Runtime\Cache\f331a3f0d874c4248458495ef2c2c2d1.php 第 97 行.
INFO: ParseTemplate Behavior ::run [ RunTime:0.013672s ]
INFO: [ view_parse ] --END-- [ RunTime:0.013672s ]
INFO: [ view_filter ] --START--
INFO: ContentReplace Behavior ::run [ RunTime:0.001953s ]
INFO: TokenBuild Behavior ::run [ RunTime:0.000977s ]
INFO: WriteHtmlCache Behavior ::run [ RunTime:0.000976s ]
INFO: ShowRuntime Behavior ::run [ RunTime:0.000000s ]
INFO: [ view_filter ] --END-- [ RunTime:0.003906s ]
INFO: [ view_end ] --START--
INFO: ShowPageTrace Behavior ::run [ RunTime:0.000000s ]
INFO: [ view_end ] --END-- [ RunTime:0.000000s ]

[ 2013-10-27T17:53:28+08:00 ] 127.0.0.1 /beifeng/
INFO: [ app_begin ] --START--
INFO: ReadHtmlCache Behavior ::run [ RunTime:0.000977s ]
INFO: [ app_begin ] --END-- [ RunTime:0.000977s ]
SQL: blog.getCollection(user) [ RunTime:0.000000s ]
NOTIC: [8] Undefined index: where C:\xampp\htdocs\Beifeng\ThinkPHP\Extend\Driver\Db\DbMongo.class.php 第 442 行.
NOTIC: [2] Invalid argument supplied for foreach() C:\xampp\htdocs\Beifeng\ThinkPHP\Extend\Driver\Db\DbMongo.class.php 第 648 行.
NOTIC: [8] Undefined index: field C:\xampp\htdocs\Beifeng\ThinkPHP\Extend\Driver\Db\DbMongo.class.php 第 443 行.
SQL: blog.user.findOne({}) [ RunTime:0.000000s ]
SQL: blog.user.insert({"name":"zhangsan","sex":1,"age":18}) [ RunTime:0.000000s ]
INFO: [ view_parse ] --START--
NOTIC: [8] Undefined variable: lists C:\xampp\htdocs\Beifeng\App\Runtime\Cache\f331a3f0d874c4248458495ef2c2c2d1.php 第 95 行.
NOTIC: [8] Undefined variable: lists C:\xampp\htdocs\Beifeng\App\Runtime\Cache\f331a3f0d874c4248458495ef2c2c2d1.php 第 96 行.
NOTIC: [8] Undefined variable: lists C:\xampp\htdocs\Beifeng\App\Runtime\Cache\f331a3f0d874c4248458495ef2c2c2d1.php 第 97 行.
INFO: ParseTemplate Behavior ::run [ RunTime:0.013672s ]
INFO: [ view_parse ] --END-- [ RunTime:0.013672s ]
INFO: [ view_filter ] --START--
INFO: ContentReplace Behavior ::run [ RunTime:0.000977s ]
INFO: TokenBuild Behavior ::run [ RunTime:0.000976s ]
INFO: WriteHtmlCache Behavior ::run [ RunTime:0.000977s ]
INFO: ShowRuntime Behavior ::run [ RunTime:0.000976s ]
INFO: [ view_filter ] --END-- [ RunTime:0.003906s ]
INFO: [ view_end ] --START--
INFO: ShowPageTrace Behavior ::run [ RunTime:0.001953s ]
INFO: [ view_end ] --END-- [ RunTime:0.002930s ]

[ 2013-10-27T17:53:39+08:00 ] 127.0.0.1 /beifeng/
INFO: [ app_begin ] --START--
INFO: ReadHtmlCache Behavior ::run [ RunTime:0.002930s ]
INFO: [ app_begin ] --END-- [ RunTime:0.002930s ]
SQL: blog.getCollection(user) [ RunTime:0.000000s ]
NOTIC: [8] Undefined index: where C:\xampp\htdocs\Beifeng\ThinkPHP\Extend\Driver\Db\DbMongo.class.php 第 442 行.
NOTIC: [2] Invalid argument supplied for foreach() C:\xampp\htdocs\Beifeng\ThinkPHP\Extend\Driver\Db\DbMongo.class.php 第 648 行.
NOTIC: [8] Undefined index: field C:\xampp\htdocs\Beifeng\ThinkPHP\Extend\Driver\Db\DbMongo.class.php 第 443 行.
SQL: blog.user.findOne({}) [ RunTime:0.000976s ]
SQL: blog.user.insert({"name":"zhangsan","sex":1,"age":18}) [ RunTime:0.000000s ]
INFO: [ view_parse ] --START--
NOTIC: [8] Undefined variable: lists C:\xampp\htdocs\Beifeng\App\Runtime\Cache\f331a3f0d874c4248458495ef2c2c2d1.php 第 95 行.
NOTIC: [8] Undefined variable: lists C:\xampp\htdocs\Beifeng\App\Runtime\Cache\f331a3f0d874c4248458495ef2c2c2d1.php 第 96 行.
NOTIC: [8] Undefined variable: lists C:\xampp\htdocs\Beifeng\App\Runtime\Cache\f331a3f0d874c4248458495ef2c2c2d1.php 第 97 行.
INFO: ParseTemplate Behavior ::run [ RunTime:0.024414s ]
INFO: [ view_parse ] --END-- [ RunTime:0.024414s ]
INFO: [ view_filter ] --START--
INFO: ContentReplace Behavior ::run [ RunTime:0.000976s ]
INFO: TokenBuild Behavior ::run [ RunTime:0.000977s ]
INFO: WriteHtmlCache Behavior ::run [ RunTime:0.000000s ]
INFO: ShowRuntime Behavior ::run [ RunTime:0.001953s ]
INFO: [ view_filter ] --END-- [ RunTime:0.007812s ]
INFO: [ view_end ] --START--
INFO: ShowPageTrace Behavior ::run [ RunTime:0.001954s ]
INFO: [ view_end ] --END-- [ RunTime:0.002930s ]

[ 2013-10-27T17:55:09+08:00 ] 127.0.0.1 /beifeng/
INFO: [ app_begin ] --START--
INFO: ReadHtmlCache Behavior ::run [ RunTime:0.001953s ]
INFO: [ app_begin ] --END-- [ RunTime:0.001953s ]
INFO: [ view_parse ] --START--
NOTIC: [8] Undefined variable: lists C:\xampp\htdocs\Beifeng\App\Runtime\Cache\f331a3f0d874c4248458495ef2c2c2d1.php 第 95 行.
NOTIC: [8] Undefined variable: lists C:\xampp\htdocs\Beifeng\App\Runtime\Cache\f331a3f0d874c4248458495ef2c2c2d1.php 第 96 行.
NOTIC: [8] Undefined variable: lists C:\xampp\htdocs\Beifeng\App\Runtime\Cache\f331a3f0d874c4248458495ef2c2c2d1.php 第 97 行.
INFO: ParseTemplate Behavior ::run [ RunTime:0.015625s ]
INFO: [ view_parse ] --END-- [ RunTime:0.015625s ]
INFO: [ view_filter ] --START--
INFO: ContentReplace Behavior ::run [ RunTime:0.000977s ]
INFO: TokenBuild Behavior ::run [ RunTime:0.000000s ]
INFO: WriteHtmlCache Behavior ::run [ RunTime:0.000000s ]
INFO: ShowRuntime Behavior ::run [ RunTime:0.000976s ]
INFO: [ view_filter ] --END-- [ RunTime:0.002930s ]
INFO: [ view_end ] --START--
INFO: ShowPageTrace Behavior ::run [ RunTime:0.000977s ]
INFO: [ view_end ] --END-- [ RunTime:0.000977s ]

[ 2013-10-27T17:57:09+08:00 ] 127.0.0.1 /beifeng/
INFO: [ app_begin ] --START--
INFO: ReadHtmlCache Behavior ::run [ RunTime:0.000977s ]
INFO: [ app_begin ] --END-- [ RunTime:0.000977s ]
INFO: [ view_parse ] --START--
NOTIC: [8] Undefined variable: lists C:\xampp\htdocs\Beifeng\App\Runtime\Cache\f331a3f0d874c4248458495ef2c2c2d1.php 第 98 行.
NOTIC: [8] Undefined variable: lists C:\xampp\htdocs\Beifeng\App\Runtime\Cache\f331a3f0d874c4248458495ef2c2c2d1.php 第 99 行.
NOTIC: [8] Undefined variable: lists C:\xampp\htdocs\Beifeng\App\Runtime\Cache\f331a3f0d874c4248458495ef2c2c2d1.php 第 100 行.
INFO: ParseTemplate Behavior ::run [ RunTime:0.014649s ]
INFO: [ view_parse ] --END-- [ RunTime:0.014649s ]
INFO: [ view_filter ] --START--
INFO: ContentReplace Behavior ::run [ RunTime:0.000976s ]
INFO: TokenBuild Behavior ::run [ RunTime:0.000000s ]
INFO: WriteHtmlCache Behavior ::run [ RunTime:0.000977s ]
INFO: ShowRuntime Behavior ::run [ RunTime:0.000977s ]
INFO: [ view_filter ] --END-- [ RunTime:0.002930s ]
INFO: [ view_end ] --START--
INFO: ShowPageTrace Behavior ::run [ RunTime:0.000000s ]
INFO: [ view_end ] --END-- [ RunTime:0.000976s ]

[ 2013-10-27T17:57:26+08:00 ] 127.0.0.1 /beifeng/
INFO: [ app_begin ] --START--
INFO: ReadHtmlCache Behavior ::run [ RunTime:0.000977s ]
INFO: [ app_begin ] --END-- [ RunTime:0.001953s ]
INFO: [ view_parse ] --START--
NOTIC: [8] Undefined variable: lists C:\xampp\htdocs\Beifeng\App\Runtime\Cache\f331a3f0d874c4248458495ef2c2c2d1.php 第 98 行.
NOTIC: [8] Undefined variable: lists C:\xampp\htdocs\Beifeng\App\Runtime\Cache\f331a3f0d874c4248458495ef2c2c2d1.php 第 99 行.
NOTIC: [8] Undefined variable: lists C:\xampp\htdocs\Beifeng\App\Runtime\Cache\f331a3f0d874c4248458495ef2c2c2d1.php 第 100 行.
INFO: ParseTemplate Behavior ::run [ RunTime:0.012696s ]
INFO: [ view_parse ] --END-- [ RunTime:0.012696s ]
INFO: [ view_filter ] --START--
INFO: ContentReplace Behavior ::run [ RunTime:0.001953s ]
INFO: TokenBuild Behavior ::run [ RunTime:0.000976s ]
INFO: WriteHtmlCache Behavior ::run [ RunTime:0.000977s ]
INFO: ShowRuntime Behavior ::run [ RunTime:0.000977s ]
INFO: [ view_filter ] --END-- [ RunTime:0.004883s ]
INFO: [ view_end ] --START--
INFO: ShowPageTrace Behavior ::run [ RunTime:0.000976s ]
INFO: [ view_end ] --END-- [ RunTime:0.000976s ]

[ 2013-10-27T17:57:42+08:00 ] 127.0.0.1 /beifeng/
INFO: [ app_begin ] --START--
INFO: ReadHtmlCache Behavior ::run [ RunTime:0.000977s ]
INFO: [ app_begin ] --END-- [ RunTime:0.000977s ]
INFO: [ view_parse ] --START--
NOTIC: [8] Undefined index: isLogins C:\xampp\htdocs\Beifeng\App\Runtime\Cache\f331a3f0d874c4248458495ef2c2c2d1.php 第 61 行.
NOTIC: [8] Undefined variable: lists C:\xampp\htdocs\Beifeng\App\Runtime\Cache\f331a3f0d874c4248458495ef2c2c2d1.php 第 98 行.
NOTIC: [8] Undefined variable: lists C:\xampp\htdocs\Beifeng\App\Runtime\Cache\f331a3f0d874c4248458495ef2c2c2d1.php 第 99 行.
NOTIC: [8] Undefined variable: lists C:\xampp\htdocs\Beifeng\App\Runtime\Cache\f331a3f0d874c4248458495ef2c2c2d1.php 第 100 行.
INFO: ParseTemplate Behavior ::run [ RunTime:0.015625s ]
INFO: [ view_parse ] --END-- [ RunTime:0.016601s ]
INFO: [ view_filter ] --START--
INFO: ContentReplace Behavior ::run [ RunTime:0.000977s ]
INFO: TokenBuild Behavior ::run [ RunTime:0.001953s ]
INFO: WriteHtmlCache Behavior ::run [ RunTime:0.001953s ]
INFO: ShowRuntime Behavior ::run [ RunTime:0.000977s ]
INFO: [ view_filter ] --END-- [ RunTime:0.005860s ]
INFO: [ view_end ] --START--
INFO: ShowPageTrace Behavior ::run [ RunTime:0.000976s ]
INFO: [ view_end ] --END-- [ RunTime:0.000976s ]

[ 2013-10-27T17:58:01+08:00 ] 127.0.0.1 /beifeng/
INFO: [ app_begin ] --START--
INFO: ReadHtmlCache Behavior ::run [ RunTime:0.001953s ]
INFO: [ app_begin ] --END-- [ RunTime:0.001953s ]
INFO: [ view_parse ] --START--
NOTIC: [8] Undefined variable: lists C:\xampp\htdocs\Beifeng\App\Runtime\Cache\f331a3f0d874c4248458495ef2c2c2d1.php 第 98 行.
NOTIC: [8] Undefined variable: lists C:\xampp\htdocs\Beifeng\App\Runtime\Cache\f331a3f0d874c4248458495ef2c2c2d1.php 第 99 行.
NOTIC: [8] Undefined variable: lists C:\xampp\htdocs\Beifeng\App\Runtime\Cache\f331a3f0d874c4248458495ef2c2c2d1.php 第 100 行.
INFO: ParseTemplate Behavior ::run [ RunTime:0.014648s ]
INFO: [ view_parse ] --END-- [ RunTime:0.014648s ]
INFO: [ view_filter ] --START--
INFO: ContentReplace Behavior ::run [ RunTime:0.000977s ]
INFO: TokenBuild Behavior ::run [ RunTime:0.000977s ]
INFO: WriteHtmlCache Behavior ::run [ RunTime:0.000000s ]
INFO: ShowRuntime Behavior ::run [ RunTime:0.001953s ]
INFO: [ view_filter ] --END-- [ RunTime:0.004883s ]
INFO: [ view_end ] --START--
INFO: ShowPageTrace Behavior ::run [ RunTime:0.000977s ]
INFO: [ view_end ] --END-- [ RunTime:0.000977s ]

[ 2013-10-27T17:58:40+08:00 ] 127.0.0.1 /beifeng/
INFO: [ app_begin ] --START--
INFO: ReadHtmlCache Behavior ::run [ RunTime:0.001953s ]
INFO: [ app_begin ] --END-- [ RunTime:0.001953s ]
INFO: [ view_parse ] --START--
NOTIC: [8] Undefined variable: lists C:\xampp\htdocs\Beifeng\App\Runtime\Cache\f331a3f0d874c4248458495ef2c2c2d1.php 第 98 行.
NOTIC: [8] Undefined variable: lists C:\xampp\htdocs\Beifeng\App\Runtime\Cache\f331a3f0d874c4248458495ef2c2c2d1.php 第 99 行.
NOTIC: [8] Undefined variable: lists C:\xampp\htdocs\Beifeng\App\Runtime\Cache\f331a3f0d874c4248458495ef2c2c2d1.php 第 100 行.
INFO: ParseTemplate Behavior ::run [ RunTime:0.013672s ]
INFO: [ view_parse ] --END-- [ RunTime:0.014649s ]
INFO: [ view_filter ] --START--
INFO: ContentReplace Behavior ::run [ RunTime:0.000976s ]
INFO: TokenBuild Behavior ::run [ RunTime:0.000977s ]
INFO: WriteHtmlCache Behavior ::run [ RunTime:0.001953s ]
INFO: ShowRuntime Behavior ::run [ RunTime:0.001953s ]
INFO: [ view_filter ] --END-- [ RunTime:0.005859s ]
INFO: [ view_end ] --START--
INFO: ShowPageTrace Behavior ::run [ RunTime:0.000977s ]
INFO: [ view_end ] --END-- [ RunTime:0.000977s ]

[ 2013-10-27T17:58:42+08:00 ] 127.0.0.1 /beifeng/index.php/User/login.html
INFO: [ route_check ] --START--
INFO: CheckRoute Behavior ::run [ RunTime:0.000976s ]
INFO: [ route_check ] --END-- [ RunTime:0.000976s ]
INFO: [ app_begin ] --START--
INFO: ReadHtmlCache Behavior ::run [ RunTime:0.001953s ]
INFO: [ app_begin ] --END-- [ RunTime:0.001953s ]
INFO: [ view_parse ] --START--
INFO: ParseTemplate Behavior ::run [ RunTime:0.015625s ]
INFO: [ view_parse ] --END-- [ RunTime:0.015625s ]
INFO: [ view_filter ] --START--
INFO: ContentReplace Behavior ::run [ RunTime:0.000977s ]
INFO: TokenBuild Behavior ::run [ RunTime:0.000976s ]
INFO: WriteHtmlCache Behavior ::run [ RunTime:0.000977s ]
INFO: ShowRuntime Behavior ::run [ RunTime:0.001953s ]
INFO: [ view_filter ] --END-- [ RunTime:0.004883s ]
INFO: [ view_end ] --START--
INFO: ShowPageTrace Behavior ::run [ RunTime:0.000976s ]
INFO: [ view_end ] --END-- [ RunTime:0.000976s ]

[ 2013-10-27T17:58:44+08:00 ] 127.0.0.1 /beifeng/index.php/User/register.html
INFO: [ route_check ] --START--
INFO: CheckRoute Behavior ::run [ RunTime:0.000977s ]
INFO: [ route_check ] --END-- [ RunTime:0.000977s ]
INFO: [ app_begin ] --START--
INFO: ReadHtmlCache Behavior ::run [ RunTime:0.000977s ]
INFO: [ app_begin ] --END-- [ RunTime:0.000977s ]
INFO: [ view_parse ] --START--
INFO: ParseTemplate Behavior ::run [ RunTime:0.011719s ]
INFO: [ view_parse ] --END-- [ RunTime:0.011719s ]
INFO: [ view_filter ] --START--
INFO: ContentReplace Behavior ::run [ RunTime:0.000976s ]
INFO: TokenBuild Behavior ::run [ RunTime:0.000977s ]
INFO: WriteHtmlCache Behavior ::run [ RunTime:0.000976s ]
INFO: ShowRuntime Behavior ::run [ RunTime:0.000977s ]
INFO: [ view_filter ] --END-- [ RunTime:0.003906s ]
INFO: [ view_end ] --START--
INFO: ShowPageTrace Behavior ::run [ RunTime:0.001953s ]
INFO: [ view_end ] --END-- [ RunTime:0.001953s ]

[ 2013-10-27T17:59:29+08:00 ] 127.0.0.1 /beifeng/index.php/User/doRegister.html
INFO: [ route_check ] --START--
INFO: CheckRoute Behavior ::run [ RunTime:0.002929s ]
INFO: [ route_check ] --END-- [ RunTime:0.002929s ]
INFO: [ app_begin ] --START--
INFO: ReadHtmlCache Behavior ::run [ RunTime:0.000976s ]
INFO: [ app_begin ] --END-- [ RunTime:0.000976s ]

[ 2013-10-27T18:02:38+08:00 ] 127.0.0.1 /beifeng/index.php/User/register.html
INFO: [ route_check ] --START--
INFO: CheckRoute Behavior ::run [ RunTime:0.000976s ]
INFO: [ route_check ] --END-- [ RunTime:0.000976s ]
INFO: [ app_begin ] --START--
INFO: ReadHtmlCache Behavior ::run [ RunTime:0.001953s ]
INFO: [ app_begin ] --END-- [ RunTime:0.001953s ]
INFO: [ view_parse ] --START--
INFO: ParseTemplate Behavior ::run [ RunTime:0.012695s ]
INFO: [ view_parse ] --END-- [ RunTime:0.012695s ]
INFO: [ view_filter ] --START--
INFO: ContentReplace Behavior ::run [ RunTime:0.000977s ]
INFO: TokenBuild Behavior ::run [ RunTime:0.000000s ]
INFO: WriteHtmlCache Behavior ::run [ RunTime:0.000000s ]
INFO: ShowRuntime Behavior ::run [ RunTime:0.000976s ]
INFO: [ view_filter ] --END-- [ RunTime:0.002930s ]
INFO: [ view_end ] --START--
INFO: ShowPageTrace Behavior ::run [ RunTime:0.000977s ]
INFO: [ view_end ] --END-- [ RunTime:0.000977s ]

[ 2013-10-27T18:02:41+08:00 ] 127.0.0.1 /beifeng/index.php/User/doRegister.html
INFO: [ route_check ] --START--
INFO: CheckRoute Behavior ::run [ RunTime:0.001953s ]
INFO: [ route_check ] --END-- [ RunTime:0.001953s ]
INFO: [ app_begin ] --START--
INFO: ReadHtmlCache Behavior ::run [ RunTime:0.000977s ]
INFO: [ app_begin ] --END-- [ RunTime:0.000977s ]
SQL: blog.getCollection(user) [ RunTime:0.000000s ]
NOTIC: [8] Undefined index: field C:\xampp\htdocs\Beifeng\ThinkPHP\Extend\Driver\Db\DbMongo.class.php 第 443 行.
SQL: blog.user.findOne({"uname":"dz5362"}) [ RunTime:0.000000s ]

[ 2013-10-27T18:02:49+08:00 ] 127.0.0.1 /beifeng/index.php/User/doRegister.html
INFO: [ route_check ] --START--
INFO: CheckRoute Behavior ::run [ RunTime:0.000977s ]
INFO: [ route_check ] --END-- [ RunTime:0.000977s ]
INFO: [ app_begin ] --START--
INFO: ReadHtmlCache Behavior ::run [ RunTime:0.000977s ]
INFO: [ app_begin ] --END-- [ RunTime:0.000977s ]
SQL: blog.getCollection(user) [ RunTime:0.000000s ]
NOTIC: [8] Undefined index: field C:\xampp\htdocs\Beifeng\ThinkPHP\Extend\Driver\Db\DbMongo.class.php 第 443 行.
SQL: blog.user.findOne({"uname":"dz53621"}) [ RunTime:0.000977s ]

[ 2013-10-27T18:03:23+08:00 ] 127.0.0.1 /beifeng/index.php/User/register.html
INFO: [ route_check ] --START--
INFO: CheckRoute Behavior ::run [ RunTime:0.000977s ]
INFO: [ route_check ] --END-- [ RunTime:0.000977s ]
INFO: [ app_begin ] --START--
INFO: ReadHtmlCache Behavior ::run [ RunTime:0.000977s ]
INFO: [ app_begin ] --END-- [ RunTime:0.000977s ]
INFO: [ view_parse ] --START--
INFO: ParseTemplate Behavior ::run [ RunTime:0.017578s ]
INFO: [ view_parse ] --END-- [ RunTime:0.017578s ]
INFO: [ view_filter ] --START--
INFO: ContentReplace Behavior ::run [ RunTime:0.000976s ]
INFO: TokenBuild Behavior ::run [ RunTime:0.000000s ]
INFO: WriteHtmlCache Behavior ::run [ RunTime:0.000977s ]
INFO: ShowRuntime Behavior ::run [ RunTime:0.000976s ]
INFO: [ view_filter ] --END-- [ RunTime:0.002929s ]
INFO: [ view_end ] --START--
INFO: ShowPageTrace Behavior ::run [ RunTime:0.000977s ]
INFO: [ view_end ] --END-- [ RunTime:0.000977s ]

[ 2013-10-27T18:03:27+08:00 ] 127.0.0.1 /beifeng/index.php/User/doRegister.html
INFO: [ route_check ] --START--
INFO: CheckRoute Behavior ::run [ RunTime:0.000976s ]
INFO: [ route_check ] --END-- [ RunTime:0.001953s ]
INFO: [ app_begin ] --START--
INFO: ReadHtmlCache Behavior ::run [ RunTime:0.001953s ]
INFO: [ app_begin ] --END-- [ RunTime:0.002929s ]
SQL: blog.getCollection(user) [ RunTime:0.000000s ]
NOTIC: [8] Undefined index: field C:\xampp\htdocs\Beifeng\ThinkPHP\Extend\Driver\Db\DbMongo.class.php 第 443 行.
SQL: blog.user.findOne({"uname":"dz5362"}) [ RunTime:0.000000s ]
INFO: [ view_parse ] --START--
INFO: ParseTemplate Behavior ::run [ RunTime:0.010742s ]
INFO: [ view_parse ] --END-- [ RunTime:0.010742s ]
INFO: [ view_filter ] --START--
INFO: ContentReplace Behavior ::run [ RunTime:0.000976s ]
INFO: TokenBuild Behavior ::run [ RunTime:0.001953s ]
INFO: WriteHtmlCache Behavior ::run [ RunTime:0.002930s ]
INFO: ShowRuntime Behavior ::run [ RunTime:0.000977s ]
INFO: [ view_filter ] --END-- [ RunTime:0.007812s ]
INFO: [ view_end ] --START--
INFO: ShowPageTrace Behavior ::run [ RunTime:0.000977s ]
INFO: [ view_end ] --END-- [ RunTime:0.000977s ]

[ 2013-10-27T18:07:24+08:00 ] 127.0.0.1 /beifeng/index.php/User/register.html
INFO: [ route_check ] --START--
INFO: CheckRoute Behavior ::run [ RunTime:0.001953s ]
INFO: [ route_check ] --END-- [ RunTime:0.001953s ]
INFO: [ app_begin ] --START--
INFO: ReadHtmlCache Behavior ::run [ RunTime:0.001953s ]
INFO: [ app_begin ] --END-- [ RunTime:0.001953s ]
INFO: [ view_parse ] --START--
INFO: ParseTemplate Behavior ::run [ RunTime:0.011718s ]
INFO: [ view_parse ] --END-- [ RunTime:0.011718s ]
INFO: [ view_filter ] --START--
INFO: ContentReplace Behavior ::run [ RunTime:0.000977s ]
INFO: TokenBuild Behavior ::run [ RunTime:0.000976s ]
INFO: WriteHtmlCache Behavior ::run [ RunTime:0.000977s ]
INFO: ShowRuntime Behavior ::run [ RunTime:0.000000s ]
INFO: [ view_filter ] --END-- [ RunTime:0.002930s ]
INFO: [ view_end ] --START--
INFO: ShowPageTrace Behavior ::run [ RunTime:0.000976s ]
INFO: [ view_end ] --END-- [ RunTime:0.000976s ]

[ 2013-10-27T18:07:38+08:00 ] 127.0.0.1 /beifeng/index.php/User/doRegister.html
INFO: [ route_check ] --START--
INFO: CheckRoute Behavior ::run [ RunTime:0.001953s ]
INFO: [ route_check ] --END-- [ RunTime:0.001953s ]
INFO: [ app_begin ] --START--
INFO: ReadHtmlCache Behavior ::run [ RunTime:0.002930s ]
INFO: [ app_begin ] --END-- [ RunTime:0.002930s ]
SQL: blog.getCollection(user) [ RunTime:0.000000s ]
NOTIC: [8] Undefined index: field C:\xampp\htdocs\Beifeng\ThinkPHP\Extend\Driver\Db\DbMongo.class.php 第 443 行.
SQL: blog.user.findOne({"uname":"admin2"}) [ RunTime:0.000000s ]
SQL: blog.user.insert({"uname":"admin2","email":"12312@123.com","password":"4297f44b13955235245b2497399d7a93","status":0,"ctime":1382868458,"ip":"127.0.0.1"}) [ RunTime:0.000000s ]
INFO: [ view_parse ] --START--
INFO: ParseTemplate Behavior ::run [ RunTime:0.013672s ]
INFO: [ view_parse ] --END-- [ RunTime:0.013672s ]
INFO: [ view_filter ] --START--
INFO: ContentReplace Behavior ::run [ RunTime:0.000977s ]
INFO: TokenBuild Behavior ::run [ RunTime:0.000976s ]
INFO: WriteHtmlCache Behavior ::run [ RunTime:0.000000s ]
INFO: ShowRuntime Behavior ::run [ RunTime:0.003907s ]
INFO: [ view_filter ] --END-- [ RunTime:0.005860s ]
INFO: [ view_end ] --START--
INFO: ShowPageTrace Behavior ::run [ RunTime:0.003906s ]
INFO: [ view_end ] --END-- [ RunTime:0.003906s ]

[ 2013-10-27T18:07:39+08:00 ] 127.0.0.1 /beifeng/index.php/Index/index.html
INFO: [ route_check ] --START--
INFO: CheckRoute Behavior ::run [ RunTime:0.000976s ]
INFO: [ route_check ] --END-- [ RunTime:0.002929s ]
INFO: [ app_begin ] --START--
INFO: ReadHtmlCache Behavior ::run [ RunTime:0.000976s ]
INFO: [ app_begin ] --END-- [ RunTime:0.000976s ]
INFO: [ view_parse ] --START--
NOTIC: [8] Undefined variable: lists C:\xampp\htdocs\Beifeng\App\Runtime\Cache\f331a3f0d874c4248458495ef2c2c2d1.php 第 98 行.
NOTIC: [8] Undefined variable: lists C:\xampp\htdocs\Beifeng\App\Runtime\Cache\f331a3f0d874c4248458495ef2c2c2d1.php 第 99 行.
NOTIC: [8] Undefined variable: lists C:\xampp\htdocs\Beifeng\App\Runtime\Cache\f331a3f0d874c4248458495ef2c2c2d1.php 第 100 行.
INFO: ParseTemplate Behavior ::run [ RunTime:0.014648s ]
INFO: [ view_parse ] --END-- [ RunTime:0.014648s ]
INFO: [ view_filter ] --START--
INFO: ContentReplace Behavior ::run [ RunTime:0.001954s ]
INFO: TokenBuild Behavior ::run [ RunTime:0.000976s ]
INFO: WriteHtmlCache Behavior ::run [ RunTime:0.000977s ]
INFO: ShowRuntime Behavior ::run [ RunTime:0.000976s ]
INFO: [ view_filter ] --END-- [ RunTime:0.004883s ]
INFO: [ view_end ] --START--
INFO: ShowPageTrace Behavior ::run [ RunTime:0.000977s ]
INFO: [ view_end ] --END-- [ RunTime:0.000977s ]

[ 2013-10-27T18:09:06+08:00 ] 127.0.0.1 /beifeng/index.php/Index/index.html
INFO: [ route_check ] --START--
INFO: CheckRoute Behavior ::run [ RunTime:0.001953s ]
INFO: [ route_check ] --END-- [ RunTime:0.001953s ]
INFO: [ app_begin ] --START--
INFO: ReadHtmlCache Behavior ::run [ RunTime:0.000976s ]
INFO: [ app_begin ] --END-- [ RunTime:0.001953s ]
INFO: [ view_parse ] --START--
NOTIC: [8] Undefined index: userinfo C:\xampp\htdocs\Beifeng\App\Runtime\Cache\f331a3f0d874c4248458495ef2c2c2d1.php 第 68 行.
NOTIC: [8] Undefined variable: lists C:\xampp\htdocs\Beifeng\App\Runtime\Cache\f331a3f0d874c4248458495ef2c2c2d1.php 第 98 行.
NOTIC: [8] Undefined variable: lists C:\xampp\htdocs\Beifeng\App\Runtime\Cache\f331a3f0d874c4248458495ef2c2c2d1.php 第 99 行.
NOTIC: [8] Undefined variable: lists C:\xampp\htdocs\Beifeng\App\Runtime\Cache\f331a3f0d874c4248458495ef2c2c2d1.php 第 100 行.
INFO: ParseTemplate Behavior ::run [ RunTime:0.011718s ]
INFO: [ view_parse ] --END-- [ RunTime:0.012695s ]
INFO: [ view_filter ] --START--
INFO: ContentReplace Behavior ::run [ RunTime:0.000976s ]
INFO: TokenBuild Behavior ::run [ RunTime:0.000977s ]
INFO: WriteHtmlCache Behavior ::run [ RunTime:0.000977s ]
INFO: ShowRuntime Behavior ::run [ RunTime:0.000000s ]
INFO: [ view_filter ] --END-- [ RunTime:0.002930s ]
INFO: [ view_end ] --START--
INFO: ShowPageTrace Behavior ::run [ RunTime:0.000977s ]
INFO: [ view_end ] --END-- [ RunTime:0.000977s ]

[ 2013-10-27T18:10:28+08:00 ] 127.0.0.1 /beifeng/index.php/Index/index.html
INFO: [ route_check ] --START--
INFO: CheckRoute Behavior ::run [ RunTime:0.001953s ]
INFO: [ route_check ] --END-- [ RunTime:0.001953s ]
INFO: [ app_begin ] --START--
INFO: ReadHtmlCache Behavior ::run [ RunTime:0.000976s ]
INFO: [ app_begin ] --END-- [ RunTime:0.000976s ]
INFO: [ view_parse ] --START--
NOTIC: [8] Undefined index: userinfo C:\xampp\htdocs\Beifeng\App\Runtime\Cache\f331a3f0d874c4248458495ef2c2c2d1.php 第 68 行.
NOTIC: [8] Undefined variable: lists C:\xampp\htdocs\Beifeng\App\Runtime\Cache\f331a3f0d874c4248458495ef2c2c2d1.php 第 98 行.
NOTIC: [8] Undefined variable: lists C:\xampp\htdocs\Beifeng\App\Runtime\Cache\f331a3f0d874c4248458495ef2c2c2d1.php 第 99 行.
NOTIC: [8] Undefined variable: lists C:\xampp\htdocs\Beifeng\App\Runtime\Cache\f331a3f0d874c4248458495ef2c2c2d1.php 第 100 行.
INFO: ParseTemplate Behavior ::run [ RunTime:0.013671s ]
INFO: [ view_parse ] --END-- [ RunTime:0.013671s ]
INFO: [ view_filter ] --START--
INFO: ContentReplace Behavior ::run [ RunTime:0.000000s ]
INFO: TokenBuild Behavior ::run [ RunTime:0.000977s ]
INFO: WriteHtmlCache Behavior ::run [ RunTime:0.000976s ]
INFO: ShowRuntime Behavior ::run [ RunTime:0.000977s ]
INFO: [ view_filter ] --END-- [ RunTime:0.003907s ]
INFO: [ view_end ] --START--
INFO: ShowPageTrace Behavior ::run [ RunTime:0.000976s ]
INFO: [ view_end ] --END-- [ RunTime:0.000976s ]

[ 2013-10-27T18:10:30+08:00 ] 127.0.0.1 /beifeng/index.php/User/layout.html
INFO: [ route_check ] --START--
INFO: CheckRoute Behavior ::run [ RunTime:0.001953s ]
INFO: [ route_check ] --END-- [ RunTime:0.001953s ]
INFO: [ app_begin ] --START--
INFO: ReadHtmlCache Behavior ::run [ RunTime:0.001953s ]
INFO: [ app_begin ] --END-- [ RunTime:0.001953s ]
INFO: [ view_parse ] --START--
INFO: ParseTemplate Behavior ::run [ RunTime:0.010742s ]
INFO: [ view_parse ] --END-- [ RunTime:0.010742s ]
INFO: [ view_filter ] --START--
INFO: ContentReplace Behavior ::run [ RunTime:0.000976s ]
INFO: TokenBuild Behavior ::run [ RunTime:0.000977s ]
INFO: WriteHtmlCache Behavior ::run [ RunTime:0.000977s ]
INFO: ShowRuntime Behavior ::run [ RunTime:0.000976s ]
INFO: [ view_filter ] --END-- [ RunTime:0.003906s ]
INFO: [ view_end ] --START--
INFO: ShowPageTrace Behavior ::run [ RunTime:0.000977s ]
INFO: [ view_end ] --END-- [ RunTime:0.000977s ]

[ 2013-10-27T18:10:31+08:00 ] 127.0.0.1 /beifeng/index.php/Index/index.html
INFO: [ route_check ] --START--
INFO: CheckRoute Behavior ::run [ RunTime:0.001953s ]
INFO: [ route_check ] --END-- [ RunTime:0.001953s ]
INFO: [ app_begin ] --START--
INFO: ReadHtmlCache Behavior ::run [ RunTime:0.000977s ]
INFO: [ app_begin ] --END-- [ RunTime:0.000977s ]
INFO: [ view_parse ] --START--
NOTIC: [8] Undefined index: isLogin C:\xampp\htdocs\Beifeng\App\Runtime\Cache\f331a3f0d874c4248458495ef2c2c2d1.php 第 61 行.
NOTIC: [8] Undefined variable: lists C:\xampp\htdocs\Beifeng\App\Runtime\Cache\f331a3f0d874c4248458495ef2c2c2d1.php 第 98 行.
NOTIC: [8] Undefined variable: lists C:\xampp\htdocs\Beifeng\App\Runtime\Cache\f331a3f0d874c4248458495ef2c2c2d1.php 第 99 行.
NOTIC: [8] Undefined variable: lists C:\xampp\htdocs\Beifeng\App\Runtime\Cache\f331a3f0d874c4248458495ef2c2c2d1.php 第 100 行.
INFO: ParseTemplate Behavior ::run [ RunTime:0.013672s ]
INFO: [ view_parse ] --END-- [ RunTime:0.013672s ]
INFO: [ view_filter ] --START--
INFO: ContentReplace Behavior ::run [ RunTime:0.000976s ]
INFO: TokenBuild Behavior ::run [ RunTime:0.000977s ]
INFO: WriteHtmlCache Behavior ::run [ RunTime:0.000976s ]
INFO: ShowRuntime Behavior ::run [ RunTime:0.000977s ]
INFO: [ view_filter ] --END-- [ RunTime:0.003906s ]
INFO: [ view_end ] --START--
INFO: ShowPageTrace Behavior ::run [ RunTime:0.000976s ]
INFO: [ view_end ] --END-- [ RunTime:0.000976s ]

[ 2013-10-27T18:10:34+08:00 ] 127.0.0.1 /beifeng/index.php/User/register.html
INFO: [ route_check ] --START--
INFO: CheckRoute Behavior ::run [ RunTime:0.001953s ]
INFO: [ route_check ] --END-- [ RunTime:0.001953s ]
INFO: [ app_begin ] --START--
INFO: ReadHtmlCache Behavior ::run [ RunTime:0.000976s ]
INFO: [ app_begin ] --END-- [ RunTime:0.000976s ]
INFO: [ view_parse ] --START--
NOTIC: [8] Undefined index: isLogin C:\xampp\htdocs\Beifeng\App\Runtime\Cache\8e6f540285baea4bd4dec05c9e3d8c96.php 第 61 行.
INFO: ParseTemplate Behavior ::run [ RunTime:0.019531s ]
INFO: [ view_parse ] --END-- [ RunTime:0.019531s ]
INFO: [ view_filter ] --START--
INFO: ContentReplace Behavior ::run [ RunTime:0.000977s ]
INFO: TokenBuild Behavior ::run [ RunTime:0.001953s ]
INFO: WriteHtmlCache Behavior ::run [ RunTime:0.000977s ]
INFO: ShowRuntime Behavior ::run [ RunTime:0.001953s ]
INFO: [ view_filter ] --END-- [ RunTime:0.005860s ]
INFO: [ view_end ] --START--
INFO: ShowPageTrace Behavior ::run [ RunTime:0.000977s ]
INFO: [ view_end ] --END-- [ RunTime:0.001953s ]

[ 2013-10-27T18:10:40+08:00 ] 127.0.0.1 /beifeng/index.php/User/doRegister.html
INFO: [ route_check ] --START--
INFO: CheckRoute Behavior ::run [ RunTime:0.001954s ]
INFO: [ route_check ] --END-- [ RunTime:0.001954s ]
INFO: [ app_begin ] --START--
INFO: ReadHtmlCache Behavior ::run [ RunTime:0.001953s ]
INFO: [ app_begin ] --END-- [ RunTime:0.001953s ]
SQL: blog.getCollection(user) [ RunTime:0.000000s ]
NOTIC: [8] Undefined index: field C:\xampp\htdocs\Beifeng\ThinkPHP\Extend\Driver\Db\DbMongo.class.php 第 443 行.
SQL: blog.user.findOne({"uname":"admin3"}) [ RunTime:0.000976s ]
SQL: blog.user.insert({"uname":"admin3","email":"admin_2@admin.com","password":"4297f44b13955235245b2497399d7a93","status":0,"ctime":1382868640,"ip":"127.0.0.1"}) [ RunTime:0.000977s ]
INFO: [ view_parse ] --START--
INFO: ParseTemplate Behavior ::run [ RunTime:0.013672s ]
INFO: [ view_parse ] --END-- [ RunTime:0.013672s ]
INFO: [ view_filter ] --START--
INFO: ContentReplace Behavior ::run [ RunTime:0.001953s ]
INFO: TokenBuild Behavior ::run [ RunTime:0.000976s ]
INFO: WriteHtmlCache Behavior ::run [ RunTime:0.000977s ]
INFO: ShowRuntime Behavior ::run [ RunTime:0.000976s ]
INFO: [ view_filter ] --END-- [ RunTime:0.006836s ]
INFO: [ view_end ] --START--
INFO: ShowPageTrace Behavior ::run [ RunTime:0.000977s ]
INFO: [ view_end ] --END-- [ RunTime:0.000977s ]

[ 2013-10-27T18:10:41+08:00 ] 127.0.0.1 /beifeng/index.php/Index/index.html
INFO: [ route_check ] --START--
INFO: CheckRoute Behavior ::run [ RunTime:0.000976s ]
INFO: [ route_check ] --END-- [ RunTime:0.000976s ]
INFO: [ app_begin ] --START--
INFO: ReadHtmlCache Behavior ::run [ RunTime:0.000976s ]
INFO: [ app_begin ] --END-- [ RunTime:0.000976s ]
INFO: [ view_parse ] --START--
NOTIC: [2] Illegal string offset 'uname' C:\xampp\htdocs\Beifeng\App\Runtime\Cache\f331a3f0d874c4248458495ef2c2c2d1.php 第 68 行.
NOTIC: [8] Undefined variable: lists C:\xampp\htdocs\Beifeng\App\Runtime\Cache\f331a3f0d874c4248458495ef2c2c2d1.php 第 98 行.
NOTIC: [8] Undefined variable: lists C:\xampp\htdocs\Beifeng\App\Runtime\Cache\f331a3f0d874c4248458495ef2c2c2d1.php 第 99 行.
NOTIC: [8] Undefined variable: lists C:\xampp\htdocs\Beifeng\App\Runtime\Cache\f331a3f0d874c4248458495ef2c2c2d1.php 第 100 行.
INFO: ParseTemplate Behavior ::run [ RunTime:0.013672s ]
INFO: [ view_parse ] --END-- [ RunTime:0.013672s ]
INFO: [ view_filter ] --START--
INFO: ContentReplace Behavior ::run [ RunTime:0.000976s ]
INFO: TokenBuild Behavior ::run [ RunTime:0.000977s ]
INFO: WriteHtmlCache Behavior ::run [ RunTime:0.000976s ]
INFO: ShowRuntime Behavior ::run [ RunTime:0.000977s ]
INFO: [ view_filter ] --END-- [ RunTime:0.003906s ]
INFO: [ view_end ] --START--
INFO: ShowPageTrace Behavior ::run [ RunTime:0.000977s ]
INFO: [ view_end ] --END-- [ RunTime:0.001953s ]

[ 2013-10-27T18:10:58+08:00 ] 127.0.0.1 /beifeng/index.php/Index/index.html
INFO: [ route_check ] --START--
INFO: CheckRoute Behavior ::run [ RunTime:0.001954s ]
INFO: [ route_check ] --END-- [ RunTime:0.001954s ]
INFO: [ app_begin ] --START--
INFO: ReadHtmlCache Behavior ::run [ RunTime:0.000976s ]
INFO: [ app_begin ] --END-- [ RunTime:0.000976s ]
INFO: [ view_parse ] --START--
NOTIC: [2] Illegal string offset 'uname' C:\xampp\htdocs\Beifeng\App\Runtime\Cache\f331a3f0d874c4248458495ef2c2c2d1.php 第 68 行.
NOTIC: [8] Undefined variable: lists C:\xampp\htdocs\Beifeng\App\Runtime\Cache\f331a3f0d874c4248458495ef2c2c2d1.php 第 98 行.
NOTIC: [8] Undefined variable: lists C:\xampp\htdocs\Beifeng\App\Runtime\Cache\f331a3f0d874c4248458495ef2c2c2d1.php 第 99 行.
NOTIC: [8] Undefined variable: lists C:\xampp\htdocs\Beifeng\App\Runtime\Cache\f331a3f0d874c4248458495ef2c2c2d1.php 第 100 行.
INFO: ParseTemplate Behavior ::run [ RunTime:0.013672s ]
INFO: [ view_parse ] --END-- [ RunTime:0.013672s ]
INFO: [ view_filter ] --START--
INFO: ContentReplace Behavior ::run [ RunTime:0.000977s ]
INFO: TokenBuild Behavior ::run [ RunTime:0.001953s ]
INFO: WriteHtmlCache Behavior ::run [ RunTime:0.000976s ]
INFO: ShowRuntime Behavior ::run [ RunTime:0.000977s ]
INFO: [ view_filter ] --END-- [ RunTime:0.004883s ]
INFO: [ view_end ] --START--
INFO: ShowPageTrace Behavior ::run [ RunTime:0.000976s ]
INFO: [ view_end ] --END-- [ RunTime:0.000976s ]

[ 2013-10-27T18:11:00+08:00 ] 127.0.0.1 /beifeng/index.php/Index/index.html
INFO: [ route_check ] --START--
INFO: CheckRoute Behavior ::run [ RunTime:0.001953s ]
INFO: [ route_check ] --END-- [ RunTime:0.001953s ]
INFO: [ app_begin ] --START--
INFO: ReadHtmlCache Behavior ::run [ RunTime:0.000976s ]
INFO: [ app_begin ] --END-- [ RunTime:0.000976s ]
INFO: [ view_parse ] --START--
NOTIC: [2] Illegal string offset 'uname' C:\xampp\htdocs\Beifeng\App\Runtime\Cache\f331a3f0d874c4248458495ef2c2c2d1.php 第 68 行.
NOTIC: [8] Undefined variable: lists C:\xampp\htdocs\Beifeng\App\Runtime\Cache\f331a3f0d874c4248458495ef2c2c2d1.php 第 98 行.
NOTIC: [8] Undefined variable: lists C:\xampp\htdocs\Beifeng\App\Runtime\Cache\f331a3f0d874c4248458495ef2c2c2d1.php 第 99 行.
NOTIC: [8] Undefined variable: lists C:\xampp\htdocs\Beifeng\App\Runtime\Cache\f331a3f0d874c4248458495ef2c2c2d1.php 第 100 行.
INFO: ParseTemplate Behavior ::run [ RunTime:0.012695s ]
INFO: [ view_parse ] --END-- [ RunTime:0.012695s ]
INFO: [ view_filter ] --START--
INFO: ContentReplace Behavior ::run [ RunTime:0.000977s ]
INFO: TokenBuild Behavior ::run [ RunTime:0.000976s ]
INFO: WriteHtmlCache Behavior ::run [ RunTime:0.000977s ]
INFO: ShowRuntime Behavior ::run [ RunTime:0.000976s ]
INFO: [ view_filter ] --END-- [ RunTime:0.003906s ]
INFO: [ view_end ] --START--
INFO: ShowPageTrace Behavior ::run [ RunTime:0.000977s ]
INFO: [ view_end ] --END-- [ RunTime:0.000977s ]

[ 2013-10-27T18:11:23+08:00 ] 127.0.0.1 /beifeng/index.php/Index/index.html
INFO: [ route_check ] --START--
INFO: CheckRoute Behavior ::run [ RunTime:0.000977s ]
INFO: [ route_check ] --END-- [ RunTime:0.000977s ]
INFO: [ app_begin ] --START--
INFO: ReadHtmlCache Behavior ::run [ RunTime:0.000977s ]
INFO: [ app_begin ] --END-- [ RunTime:0.000977s ]
INFO: [ view_parse ] --START--
NOTIC: [2] Illegal string offset 'uname' C:\xampp\htdocs\Beifeng\App\Runtime\Cache\f331a3f0d874c4248458495ef2c2c2d1.php 第 68 行.
NOTIC: [8] Undefined variable: lists C:\xampp\htdocs\Beifeng\App\Runtime\Cache\f331a3f0d874c4248458495ef2c2c2d1.php 第 98 行.
NOTIC: [8] Undefined variable: lists C:\xampp\htdocs\Beifeng\App\Runtime\Cache\f331a3f0d874c4248458495ef2c2c2d1.php 第 99 行.
NOTIC: [8] Undefined variable: lists C:\xampp\htdocs\Beifeng\App\Runtime\Cache\f331a3f0d874c4248458495ef2c2c2d1.php 第 100 行.
INFO: ParseTemplate Behavior ::run [ RunTime:0.014648s ]
INFO: [ view_parse ] --END-- [ RunTime:0.014648s ]
INFO: [ view_filter ] --START--
INFO: ContentReplace Behavior ::run [ RunTime:0.000977s ]
INFO: TokenBuild Behavior ::run [ RunTime:0.000977s ]
INFO: WriteHtmlCache Behavior ::run [ RunTime:0.000976s ]
INFO: ShowRuntime Behavior ::run [ RunTime:0.000977s ]
INFO: [ view_filter ] --END-- [ RunTime:0.003907s ]
INFO: [ view_end ] --START--
INFO: ShowPageTrace Behavior ::run [ RunTime:0.000976s ]
INFO: [ view_end ] --END-- [ RunTime:0.000976s ]

[ 2013-10-27T18:11:37+08:00 ] 127.0.0.1 /beifeng/index.php/Index/index.html
INFO: [ route_check ] --START--
INFO: CheckRoute Behavior ::run [ RunTime:0.000977s ]
INFO: [ route_check ] --END-- [ RunTime:0.000977s ]
INFO: [ app_begin ] --START--
INFO: ReadHtmlCache Behavior ::run [ RunTime:0.000977s ]
INFO: [ app_begin ] --END-- [ RunTime:0.000977s ]
INFO: [ view_parse ] --START--
NOTIC: [8] Undefined variable: lists C:\xampp\htdocs\Beifeng\App\Runtime\Cache\f331a3f0d874c4248458495ef2c2c2d1.php 第 98 行.
NOTIC: [8] Undefined variable: lists C:\xampp\htdocs\Beifeng\App\Runtime\Cache\f331a3f0d874c4248458495ef2c2c2d1.php 第 99 行.
NOTIC: [8] Undefined variable: lists C:\xampp\htdocs\Beifeng\App\Runtime\Cache\f331a3f0d874c4248458495ef2c2c2d1.php 第 100 行.
INFO: ParseTemplate Behavior ::run [ RunTime:0.014649s ]
INFO: [ view_parse ] --END-- [ RunTime:0.014649s ]
INFO: [ view_filter ] --START--
INFO: ContentReplace Behavior ::run [ RunTime:0.000976s ]
INFO: TokenBuild Behavior ::run [ RunTime:0.000977s ]
INFO: WriteHtmlCache Behavior ::run [ RunTime:0.000977s ]
INFO: ShowRuntime Behavior ::run [ RunTime:0.000976s ]
INFO: [ view_filter ] --END-- [ RunTime:0.003906s ]
INFO: [ view_end ] --START--
INFO: ShowPageTrace Behavior ::run [ RunTime:0.000977s ]
INFO: [ view_end ] --END-- [ RunTime:0.000977s ]

[ 2013-10-27T18:13:21+08:00 ] 127.0.0.1 /beifeng/index.php/Index/index.html
INFO: [ route_check ] --START--
INFO: CheckRoute Behavior ::run [ RunTime:0.001953s ]
INFO: [ route_check ] --END-- [ RunTime:0.001953s ]
INFO: [ app_begin ] --START--
INFO: ReadHtmlCache Behavior ::run [ RunTime:0.001953s ]
INFO: [ app_begin ] --END-- [ RunTime:0.001953s ]
INFO: [ view_parse ] --START--
NOTIC: [8] Undefined variable: lists C:\xampp\htdocs\Beifeng\App\Runtime\Cache\f331a3f0d874c4248458495ef2c2c2d1.php 第 98 行.
NOTIC: [8] Undefined variable: lists C:\xampp\htdocs\Beifeng\App\Runtime\Cache\f331a3f0d874c4248458495ef2c2c2d1.php 第 99 行.
NOTIC: [8] Undefined variable: lists C:\xampp\htdocs\Beifeng\App\Runtime\Cache\f331a3f0d874c4248458495ef2c2c2d1.php 第 100 行.
INFO: ParseTemplate Behavior ::run [ RunTime:0.013671s ]
INFO: [ view_parse ] --END-- [ RunTime:0.013671s ]
INFO: [ view_filter ] --START--
INFO: ContentReplace Behavior ::run [ RunTime:0.000977s ]
INFO: TokenBuild Behavior ::run [ RunTime:0.000977s ]
INFO: WriteHtmlCache Behavior ::run [ RunTime:0.000976s ]
INFO: ShowRuntime Behavior ::run [ RunTime:0.000977s ]
INFO: [ view_filter ] --END-- [ RunTime:0.003907s ]
INFO: [ view_end ] --START--
INFO: ShowPageTrace Behavior ::run [ RunTime:0.001953s ]
INFO: [ view_end ] --END-- [ RunTime:0.001953s ]

[ 2013-10-27T18:13:23+08:00 ] 127.0.0.1 /beifeng/index.php/User/layout.html
INFO: [ route_check ] --START--
INFO: CheckRoute Behavior ::run [ RunTime:0.001953s ]
INFO: [ route_check ] --END-- [ RunTime:0.001953s ]
INFO: [ app_begin ] --START--
INFO: ReadHtmlCache Behavior ::run [ RunTime:0.000977s ]
INFO: [ app_begin ] --END-- [ RunTime:0.000977s ]
INFO: [ view_parse ] --START--
INFO: ParseTemplate Behavior ::run [ RunTime:0.009765s ]
INFO: [ view_parse ] --END-- [ RunTime:0.009765s ]
INFO: [ view_filter ] --START--
INFO: ContentReplace Behavior ::run [ RunTime:0.001953s ]
INFO: TokenBuild Behavior ::run [ RunTime:0.000977s ]
INFO: WriteHtmlCache Behavior ::run [ RunTime:0.000976s ]
INFO: ShowRuntime Behavior ::run [ RunTime:0.000977s ]
INFO: [ view_filter ] --END-- [ RunTime:0.006836s ]
INFO: [ view_end ] --START--
INFO: ShowPageTrace Behavior ::run [ RunTime:0.000977s ]
INFO: [ view_end ] --END-- [ RunTime:0.000977s ]

[ 2013-10-27T18:13:24+08:00 ] 127.0.0.1 /beifeng/index.php/Index/index.html
INFO: [ route_check ] --START--
INFO: CheckRoute Behavior ::run [ RunTime:0.002930s ]
INFO: [ route_check ] --END-- [ RunTime:0.002930s ]
INFO: [ app_begin ] --START--
INFO: ReadHtmlCache Behavior ::run [ RunTime:0.000000s ]
INFO: [ app_begin ] --END-- [ RunTime:0.001953s ]
INFO: [ view_parse ] --START--
NOTIC: [8] Undefined index: isLogin C:\xampp\htdocs\Beifeng\App\Runtime\Cache\f331a3f0d874c4248458495ef2c2c2d1.php 第 61 行.
NOTIC: [8] Undefined variable: lists C:\xampp\htdocs\Beifeng\App\Runtime\Cache\f331a3f0d874c4248458495ef2c2c2d1.php 第 98 行.
NOTIC: [8] Undefined variable: lists C:\xampp\htdocs\Beifeng\App\Runtime\Cache\f331a3f0d874c4248458495ef2c2c2d1.php 第 99 行.
NOTIC: [8] Undefined variable: lists C:\xampp\htdocs\Beifeng\App\Runtime\Cache\f331a3f0d874c4248458495ef2c2c2d1.php 第 100 行.
INFO: ParseTemplate Behavior ::run [ RunTime:0.014648s ]
INFO: [ view_parse ] --END-- [ RunTime:0.014648s ]
INFO: [ view_filter ] --START--
INFO: ContentReplace Behavior ::run [ RunTime:0.000977s ]
INFO: TokenBuild Behavior ::run [ RunTime:0.000976s ]
INFO: WriteHtmlCache Behavior ::run [ RunTime:0.000977s ]
INFO: ShowRuntime Behavior ::run [ RunTime:0.000976s ]
INFO: [ view_filter ] --END-- [ RunTime:0.003906s ]
INFO: [ view_end ] --START--
INFO: ShowPageTrace Behavior ::run [ RunTime:0.000977s ]
INFO: [ view_end ] --END-- [ RunTime:0.000977s ]

[ 2013-10-27T18:13:26+08:00 ] 127.0.0.1 /beifeng/index.php/User/login.html
INFO: [ route_check ] --START--
INFO: CheckRoute Behavior ::run [ RunTime:0.001953s ]
INFO: [ route_check ] --END-- [ RunTime:0.001953s ]
INFO: [ app_begin ] --START--
INFO: ReadHtmlCache Behavior ::run [ RunTime:0.001953s ]
INFO: [ app_begin ] --END-- [ RunTime:0.001953s ]
INFO: [ view_parse ] --START--
NOTIC: [8] Undefined index: isLogin C:\xampp\htdocs\Beifeng\App\Runtime\Cache\f0b6776c2e2528b7b581d55514547e92.php 第 61 行.
INFO: ParseTemplate Behavior ::run [ RunTime:0.013672s ]
INFO: [ view_parse ] --END-- [ RunTime:0.013672s ]
INFO: [ view_filter ] --START--
INFO: ContentReplace Behavior ::run [ RunTime:0.001953s ]
INFO: TokenBuild Behavior ::run [ RunTime:0.000976s ]
INFO: WriteHtmlCache Behavior ::run [ RunTime:0.000977s ]
INFO: ShowRuntime Behavior ::run [ RunTime:0.000977s ]
INFO: [ view_filter ] --END-- [ RunTime:0.004883s ]
INFO: [ view_end ] --START--
INFO: ShowPageTrace Behavior ::run [ RunTime:0.000976s ]
INFO: [ view_end ] --END-- [ RunTime:0.000976s ]

[ 2013-10-27T18:13:27+08:00 ] 127.0.0.1 /beifeng/index.php/User/doLogin.html
INFO: [ route_check ] --START--
INFO: CheckRoute Behavior ::run [ RunTime:0.001953s ]
INFO: [ route_check ] --END-- [ RunTime:0.002930s ]
INFO: [ app_begin ] --START--
INFO: ReadHtmlCache Behavior ::run [ RunTime:0.000976s ]
INFO: [ app_begin ] --END-- [ RunTime:0.000976s ]

[ 2013-10-27T18:14:53+08:00 ] 127.0.0.1 /beifeng/index.php/User/doLogin.html
INFO: [ route_check ] --START--
INFO: CheckRoute Behavior ::run [ RunTime:0.000977s ]
INFO: [ route_check ] --END-- [ RunTime:0.001953s ]
INFO: [ app_begin ] --START--
INFO: ReadHtmlCache Behavior ::run [ RunTime:0.002930s ]
INFO: [ app_begin ] --END-- [ RunTime:0.002930s ]
SQL: blog.getCollection(user) [ RunTime:0.000000s ]
NOTIC: [8] Undefined index: field C:\xampp\htdocs\Beifeng\ThinkPHP\Extend\Driver\Db\DbMongo.class.php 第 443 行.
SQL: blog.user.findOne({"uname":"admin3","password":"4297f44b13955235245b2497399d7a93"}) [ RunTime:0.000977s ]

[ 2013-10-27T18:14:58+08:00 ] 127.0.0.1 /beifeng/index.php/User/doLogin.html
INFO: [ route_check ] --START--
INFO: CheckRoute Behavior ::run [ RunTime:0.000976s ]
INFO: [ route_check ] --END-- [ RunTime:0.000976s ]
INFO: [ app_begin ] --START--
INFO: ReadHtmlCache Behavior ::run [ RunTime:0.000977s ]
INFO: [ app_begin ] --END-- [ RunTime:0.000977s ]
SQL: blog.getCollection(user) [ RunTime:0.000000s ]
NOTIC: [8] Undefined index: field C:\xampp\htdocs\Beifeng\ThinkPHP\Extend\Driver\Db\DbMongo.class.php 第 443 行.
SQL: blog.user.findOne({"uname":"admin3","password":"3c3364c318ced11985ad9164ae81fbaa"}) [ RunTime:0.000000s ]

[ 2013-10-27T18:15:32+08:00 ] 127.0.0.1 /beifeng/index.php/User/login.html
INFO: [ route_check ] --START--
INFO: CheckRoute Behavior ::run [ RunTime:0.000976s ]
INFO: [ route_check ] --END-- [ RunTime:0.000976s ]
INFO: [ app_begin ] --START--
INFO: ReadHtmlCache Behavior ::run [ RunTime:0.000976s ]
INFO: [ app_begin ] --END-- [ RunTime:0.000976s ]
INFO: [ view_parse ] --START--
NOTIC: [8] Undefined index: isLogin C:\xampp\htdocs\Beifeng\App\Runtime\Cache\f0b6776c2e2528b7b581d55514547e92.php 第 61 行.
INFO: ParseTemplate Behavior ::run [ RunTime:0.012695s ]
INFO: [ view_parse ] --END-- [ RunTime:0.012695s ]
INFO: [ view_filter ] --START--
INFO: ContentReplace Behavior ::run [ RunTime:0.000977s ]
INFO: TokenBuild Behavior ::run [ RunTime:0.000976s ]
INFO: WriteHtmlCache Behavior ::run [ RunTime:0.000977s ]
INFO: ShowRuntime Behavior ::run [ RunTime:0.000000s ]
INFO: [ view_filter ] --END-- [ RunTime:0.002930s ]
INFO: [ view_end ] --START--
INFO: ShowPageTrace Behavior ::run [ RunTime:0.000976s ]
INFO: [ view_end ] --END-- [ RunTime:0.000976s ]

[ 2013-10-27T18:15:37+08:00 ] 127.0.0.1 /beifeng/index.php/User/doLogin.html
INFO: [ route_check ] --START--
INFO: CheckRoute Behavior ::run [ RunTime:0.001953s ]
INFO: [ route_check ] --END-- [ RunTime:0.001953s ]
INFO: [ app_begin ] --START--
INFO: ReadHtmlCache Behavior ::run [ RunTime:0.000976s ]
INFO: [ app_begin ] --END-- [ RunTime:0.000976s ]
SQL: blog.getCollection(user) [ RunTime:0.000000s ]
NOTIC: [8] Undefined index: field C:\xampp\htdocs\Beifeng\ThinkPHP\Extend\Driver\Db\DbMongo.class.php 第 443 行.
SQL: blog.user.findOne({"uname":"admin3","password":"4297f44b13955235245b2497399d7a93"}) [ RunTime:0.000977s ]
NOTIC: [8] Undefined variable: data C:\xampp\htdocs\Beifeng\App\Lib\Action\UserAction.class.php 第 35 行.
INFO: [ view_parse ] --START--
INFO: ParseTemplate Behavior ::run [ RunTime:0.008790s ]
INFO: [ view_parse ] --END-- [ RunTime:0.008790s ]
INFO: [ view_filter ] --START--
INFO: ContentReplace Behavior ::run [ RunTime:0.000976s ]
INFO: TokenBuild Behavior ::run [ RunTime:0.000977s ]
INFO: WriteHtmlCache Behavior ::run [ RunTime:0.000976s ]
INFO: ShowRuntime Behavior ::run [ RunTime:0.000977s ]
INFO: [ view_filter ] --END-- [ RunTime:0.003906s ]
INFO: [ view_end ] --START--
INFO: ShowPageTrace Behavior ::run [ RunTime:0.001953s ]
INFO: [ view_end ] --END-- [ RunTime:0.001953s ]

[ 2013-10-27T18:15:38+08:00 ] 127.0.0.1 /beifeng/index.php/Index/index.html
INFO: [ route_check ] --START--
INFO: CheckRoute Behavior ::run [ RunTime:0.000976s ]
INFO: [ route_check ] --END-- [ RunTime:0.000976s ]
INFO: [ app_begin ] --START--
INFO: ReadHtmlCache Behavior ::run [ RunTime:0.000976s ]
INFO: [ app_begin ] --END-- [ RunTime:0.000976s ]
INFO: [ view_parse ] --START--
NOTIC: [8] Undefined variable: lists C:\xampp\htdocs\Beifeng\App\Runtime\Cache\f331a3f0d874c4248458495ef2c2c2d1.php 第 98 行.
NOTIC: [8] Undefined variable: lists C:\xampp\htdocs\Beifeng\App\Runtime\Cache\f331a3f0d874c4248458495ef2c2c2d1.php 第 99 行.
NOTIC: [8] Undefined variable: lists C:\xampp\htdocs\Beifeng\App\Runtime\Cache\f331a3f0d874c4248458495ef2c2c2d1.php 第 100 行.
INFO: ParseTemplate Behavior ::run [ RunTime:0.017578s ]
INFO: [ view_parse ] --END-- [ RunTime:0.018554s ]
INFO: [ view_filter ] --START--
INFO: ContentReplace Behavior ::run [ RunTime:0.000977s ]
INFO: TokenBuild Behavior ::run [ RunTime:0.001954s ]
INFO: WriteHtmlCache Behavior ::run [ RunTime:0.001953s ]
INFO: ShowRuntime Behavior ::run [ RunTime:0.000976s ]
INFO: [ view_filter ] --END-- [ RunTime:0.006836s ]
INFO: [ view_end ] --START--
INFO: ShowPageTrace Behavior ::run [ RunTime:0.001953s ]
INFO: [ view_end ] --END-- [ RunTime:0.001953s ]

[ 2013-10-27T18:16:32+08:00 ] 127.0.0.1 /beifeng/index.php/Index/index.html
INFO: [ route_check ] --START--
INFO: CheckRoute Behavior ::run [ RunTime:0.000977s ]
INFO: [ route_check ] --END-- [ RunTime:0.000977s ]
INFO: [ app_begin ] --START--
INFO: ReadHtmlCache Behavior ::run [ RunTime:0.000976s ]
INFO: [ app_begin ] --END-- [ RunTime:0.001953s ]
INFO: [ view_parse ] --START--
NOTIC: [8] Undefined variable: lists C:\xampp\htdocs\Beifeng\App\Runtime\Cache\f331a3f0d874c4248458495ef2c2c2d1.php 第 98 行.
NOTIC: [8] Undefined variable: lists C:\xampp\htdocs\Beifeng\App\Runtime\Cache\f331a3f0d874c4248458495ef2c2c2d1.php 第 99 行.
NOTIC: [8] Undefined variable: lists C:\xampp\htdocs\Beifeng\App\Runtime\Cache\f331a3f0d874c4248458495ef2c2c2d1.php 第 100 行.
INFO: ParseTemplate Behavior ::run [ RunTime:0.013672s ]
INFO: [ view_parse ] --END-- [ RunTime:0.013672s ]
INFO: [ view_filter ] --START--
INFO: ContentReplace Behavior ::run [ RunTime:0.000977s ]
INFO: TokenBuild Behavior ::run [ RunTime:0.000976s ]
INFO: WriteHtmlCache Behavior ::run [ RunTime:0.000977s ]
INFO: ShowRuntime Behavior ::run [ RunTime:0.000977s ]
INFO: [ view_filter ] --END-- [ RunTime:0.003907s ]
INFO: [ view_end ] --START--
INFO: ShowPageTrace Behavior ::run [ RunTime:0.000976s ]
INFO: [ view_end ] --END-- [ RunTime:0.000976s ]

[ 2013-10-27T18:16:34+08:00 ] 127.0.0.1 /beifeng/index.php/User/layout.html
INFO: [ route_check ] --START--
INFO: CheckRoute Behavior ::run [ RunTime:0.001954s ]
INFO: [ route_check ] --END-- [ RunTime:0.001954s ]
INFO: [ app_begin ] --START--
INFO: ReadHtmlCache Behavior ::run [ RunTime:0.000977s ]
INFO: [ app_begin ] --END-- [ RunTime:0.000977s ]
INFO: [ view_parse ] --START--
INFO: ParseTemplate Behavior ::run [ RunTime:0.012696s ]
INFO: [ view_parse ] --END-- [ RunTime:0.012696s ]
INFO: [ view_filter ] --START--
INFO: ContentReplace Behavior ::run [ RunTime:0.000976s ]
INFO: TokenBuild Behavior ::run [ RunTime:0.000977s ]
INFO: WriteHtmlCache Behavior ::run [ RunTime:0.000976s ]
INFO: ShowRuntime Behavior ::run [ RunTime:0.000977s ]
INFO: [ view_filter ] --END-- [ RunTime:0.003906s ]
INFO: [ view_end ] --START--
INFO: ShowPageTrace Behavior ::run [ RunTime:0.000977s ]
INFO: [ view_end ] --END-- [ RunTime:0.000977s ]

[ 2013-10-27T18:16:35+08:00 ] 127.0.0.1 /beifeng/index.php/Index/index.html
INFO: [ route_check ] --START--
INFO: CheckRoute Behavior ::run [ RunTime:0.001953s ]
INFO: [ route_check ] --END-- [ RunTime:0.001953s ]
INFO: [ app_begin ] --START--
INFO: ReadHtmlCache Behavior ::run [ RunTime:0.000976s ]
INFO: [ app_begin ] --END-- [ RunTime:0.000976s ]
INFO: [ view_parse ] --START--
NOTIC: [8] Undefined index: isLogin C:\xampp\htdocs\Beifeng\App\Runtime\Cache\f331a3f0d874c4248458495ef2c2c2d1.php 第 61 行.
NOTIC: [8] Undefined variable: lists C:\xampp\htdocs\Beifeng\App\Runtime\Cache\f331a3f0d874c4248458495ef2c2c2d1.php 第 98 行.
NOTIC: [8] Undefined variable: lists C:\xampp\htdocs\Beifeng\App\Runtime\Cache\f331a3f0d874c4248458495ef2c2c2d1.php 第 99 行.
NOTIC: [8] Undefined variable: lists C:\xampp\htdocs\Beifeng\App\Runtime\Cache\f331a3f0d874c4248458495ef2c2c2d1.php 第 100 行.
INFO: ParseTemplate Behavior ::run [ RunTime:0.013671s ]
INFO: [ view_parse ] --END-- [ RunTime:0.013671s ]
INFO: [ view_filter ] --START--
INFO: ContentReplace Behavior ::run [ RunTime:0.001954s ]
INFO: TokenBuild Behavior ::run [ RunTime:0.001953s ]
INFO: WriteHtmlCache Behavior ::run [ RunTime:0.000976s ]
INFO: ShowRuntime Behavior ::run [ RunTime:0.000977s ]
INFO: [ view_filter ] --END-- [ RunTime:0.005860s ]
INFO: [ view_end ] --START--
INFO: ShowPageTrace Behavior ::run [ RunTime:0.002929s ]
INFO: [ view_end ] --END-- [ RunTime:0.002929s ]

[ 2013-10-27T18:16:36+08:00 ] 127.0.0.1 /beifeng/index.php/User/login.html
INFO: [ route_check ] --START--
INFO: CheckRoute Behavior ::run [ RunTime:0.000977s ]
INFO: [ route_check ] --END-- [ RunTime:0.001953s ]
INFO: [ app_begin ] --START--
INFO: ReadHtmlCache Behavior ::run [ RunTime:0.000977s ]
INFO: [ app_begin ] --END-- [ RunTime:0.000977s ]
INFO: [ view_parse ] --START--
NOTIC: [8] Undefined index: isLogin C:\xampp\htdocs\Beifeng\App\Runtime\Cache\f0b6776c2e2528b7b581d55514547e92.php 第 61 行.
INFO: ParseTemplate Behavior ::run [ RunTime:0.012695s ]
INFO: [ view_parse ] --END-- [ RunTime:0.012695s ]
INFO: [ view_filter ] --START--
INFO: ContentReplace Behavior ::run [ RunTime:0.000977s ]
INFO: TokenBuild Behavior ::run [ RunTime:0.000000s ]
INFO: WriteHtmlCache Behavior ::run [ RunTime:0.001953s ]
INFO: ShowRuntime Behavior ::run [ RunTime:0.000977s ]
INFO: [ view_filter ] --END-- [ RunTime:0.004883s ]
INFO: [ view_end ] --START--
INFO: ShowPageTrace Behavior ::run [ RunTime:0.001953s ]
INFO: [ view_end ] --END-- [ RunTime:0.001953s ]

[ 2013-10-27T18:16:41+08:00 ] 127.0.0.1 /beifeng/index.php/User/doLogin.html
INFO: [ route_check ] --START--
INFO: CheckRoute Behavior ::run [ RunTime:0.000977s ]
INFO: [ route_check ] --END-- [ RunTime:0.001953s ]
INFO: [ app_begin ] --START--
INFO: ReadHtmlCache Behavior ::run [ RunTime:0.001953s ]
INFO: [ app_begin ] --END-- [ RunTime:0.001953s ]
SQL: blog.getCollection(user) [ RunTime:0.000000s ]
NOTIC: [8] Undefined index: field C:\xampp\htdocs\Beifeng\ThinkPHP\Extend\Driver\Db\DbMongo.class.php 第 443 行.
SQL: blog.user.findOne({"uname":"admin3","password":"202cb962ac59075b964b07152d234b70"}) [ RunTime:0.000000s ]
INFO: [ view_parse ] --START--
INFO: ParseTemplate Behavior ::run [ RunTime:0.008789s ]
INFO: [ view_parse ] --END-- [ RunTime:0.008789s ]
INFO: [ view_filter ] --START--
INFO: ContentReplace Behavior ::run [ RunTime:0.000976s ]
INFO: TokenBuild Behavior ::run [ RunTime:0.000977s ]
INFO: WriteHtmlCache Behavior ::run [ RunTime:0.001953s ]
INFO: ShowRuntime Behavior ::run [ RunTime:0.000976s ]
INFO: [ view_filter ] --END-- [ RunTime:0.004882s ]
INFO: [ view_end ] --START--
INFO: ShowPageTrace Behavior ::run [ RunTime:0.001954s ]
INFO: [ view_end ] --END-- [ RunTime:0.001954s ]

