[ 2013-10-28T21:43:49+08:00 ] 127.0.0.1 /beifeng/
INFO: [ app_begin ] --START--
INFO: ReadHtmlCache Behavior ::run [ RunTime:0.000976s ]
INFO: [ app_begin ] --END-- [ RunTime:0.000976s ]
INFO: [ view_parse ] --START--
NOTIC: [8] Array to string conversion C:\xampp\htdocs\Beifeng\App\Runtime\Cache\f331a3f0d874c4248458495ef2c2c2d1.php 第 68 行.
NOTIC: [8] Undefined variable: lists C:\xampp\htdocs\Beifeng\App\Runtime\Cache\f331a3f0d874c4248458495ef2c2c2d1.php 第 98 行.
NOTIC: [8] Undefined variable: lists C:\xampp\htdocs\Beifeng\App\Runtime\Cache\f331a3f0d874c4248458495ef2c2c2d1.php 第 99 行.
NOTIC: [8] Undefined variable: lists C:\xampp\htdocs\Beifeng\App\Runtime\Cache\f331a3f0d874c4248458495ef2c2c2d1.php 第 100 行.
INFO: ParseTemplate Behavior ::run [ RunTime:0.012696s ]
INFO: [ view_parse ] --END-- [ RunTime:0.012696s ]
INFO: [ view_filter ] --START--
INFO: ContentReplace Behavior ::run [ RunTime:0.000976s ]
INFO: TokenBuild Behavior ::run [ RunTime:0.000977s ]
INFO: WriteHtmlCache Behavior ::run [ RunTime:0.000000s ]
INFO: ShowRuntime Behavior ::run [ RunTime:0.001954s ]
INFO: [ view_filter ] --END-- [ RunTime:0.004883s ]
INFO: [ view_end ] --START--
INFO: ShowPageTrace Behavior ::run [ RunTime:0.000976s ]
INFO: [ view_end ] --END-- [ RunTime:0.000976s ]

[ 2013-10-28T21:48:49+08:00 ] 127.0.0.1 /beifeng/index.php/User/changepwd
INFO: [ route_check ] --START--
INFO: CheckRoute Behavior ::run [ RunTime:0.001953s ]
INFO: [ route_check ] --END-- [ RunTime:0.001953s ]
INFO: [ app_begin ] --START--
INFO: ReadHtmlCache Behavior ::run [ RunTime:0.001953s ]
INFO: [ app_begin ] --END-- [ RunTime:0.001953s ]
INFO: [ view_parse ] --START--
NOTIC: [8] Array to string conversion C:\xampp\htdocs\Beifeng\App\Runtime\Cache\c49f976be8702e846927a44b429119b4.php 第 68 行.
NOTIC: [8] Undefined index: pwd_mail_token C:\xampp\htdocs\Beifeng\App\Runtime\Cache\c49f976be8702e846927a44b429119b4.php 第 101 行.
NOTIC: [8] Undefined variable: show_oldpwd C:\xampp\htdocs\Beifeng\App\Runtime\Cache\c49f976be8702e846927a44b429119b4.php 第 102 行.
INFO: ParseTemplate Behavior ::run [ RunTime:0.012695s ]
INFO: [ view_parse ] --END-- [ RunTime:0.012695s ]
INFO: [ view_filter ] --START--
INFO: ContentReplace Behavior ::run [ RunTime:0.000977s ]
INFO: TokenBuild Behavior ::run [ RunTime:0.000000s ]
INFO: WriteHtmlCache Behavior ::run [ RunTime:0.000977s ]
INFO: ShowRuntime Behavior ::run [ RunTime:0.000976s ]
INFO: [ view_filter ] --END-- [ RunTime:0.002930s ]
INFO: [ view_end ] --START--
INFO: ShowPageTrace Behavior ::run [ RunTime:0.000977s ]
INFO: [ view_end ] --END-- [ RunTime:0.000977s ]

[ 2013-10-28T21:50:09+08:00 ] 127.0.0.1 /beifeng/index.php/User/changepwd
INFO: [ route_check ] --START--
INFO: CheckRoute Behavior ::run [ RunTime:0.001953s ]
INFO: [ route_check ] --END-- [ RunTime:0.001953s ]
INFO: [ app_begin ] --START--
INFO: ReadHtmlCache Behavior ::run [ RunTime:0.000977s ]
INFO: [ app_begin ] --END-- [ RunTime:0.000977s ]
INFO: [ view_parse ] --START--
NOTIC: [8] Array to string conversion C:\xampp\htdocs\Beifeng\App\Runtime\Cache\c49f976be8702e846927a44b429119b4.php 第 68 行.
NOTIC: [8] Undefined index: pwd_mail_token C:\xampp\htdocs\Beifeng\App\Runtime\Cache\c49f976be8702e846927a44b429119b4.php 第 101 行.
NOTIC: [8] Undefined variable: show_oldpwd C:\xampp\htdocs\Beifeng\App\Runtime\Cache\c49f976be8702e846927a44b429119b4.php 第 102 行.
INFO: ParseTemplate Behavior ::run [ RunTime:0.011719s ]
INFO: [ view_parse ] --END-- [ RunTime:0.011719s ]
INFO: [ view_filter ] --START--
INFO: ContentReplace Behavior ::run [ RunTime:0.000976s ]
INFO: TokenBuild Behavior ::run [ RunTime:0.000977s ]
INFO: WriteHtmlCache Behavior ::run [ RunTime:0.000976s ]
INFO: ShowRuntime Behavior ::run [ RunTime:0.000000s ]
INFO: [ view_filter ] --END-- [ RunTime:0.002929s ]
INFO: [ view_end ] --START--
INFO: ShowPageTrace Behavior ::run [ RunTime:0.000976s ]
INFO: [ view_end ] --END-- [ RunTime:0.000976s ]

[ 2013-10-28T21:50:46+08:00 ] 127.0.0.1 /beifeng/index.php/User/changepwd
INFO: [ route_check ] --START--
INFO: CheckRoute Behavior ::run [ RunTime:0.001953s ]
INFO: [ route_check ] --END-- [ RunTime:0.001953s ]
INFO: [ app_begin ] --START--
INFO: ReadHtmlCache Behavior ::run [ RunTime:0.001953s ]
INFO: [ app_begin ] --END-- [ RunTime:0.001953s ]
INFO: [ view_parse ] --START--
NOTIC: [8] Array to string conversion C:\xampp\htdocs\Beifeng\App\Runtime\Cache\c49f976be8702e846927a44b429119b4.php 第 68 行.
NOTIC: [8] Undefined index: pwd_mail_token C:\xampp\htdocs\Beifeng\App\Runtime\Cache\c49f976be8702e846927a44b429119b4.php 第 106 行.
NOTIC: [8] Undefined variable: show_oldpwd C:\xampp\htdocs\Beifeng\App\Runtime\Cache\c49f976be8702e846927a44b429119b4.php 第 107 行.
INFO: ParseTemplate Behavior ::run [ RunTime:0.011719s ]
INFO: [ view_parse ] --END-- [ RunTime:0.011719s ]
INFO: [ view_filter ] --START--
INFO: ContentReplace Behavior ::run [ RunTime:0.000977s ]
INFO: TokenBuild Behavior ::run [ RunTime:0.000976s ]
INFO: WriteHtmlCache Behavior ::run [ RunTime:0.000977s ]
INFO: ShowRuntime Behavior ::run [ RunTime:0.000977s ]
INFO: [ view_filter ] --END-- [ RunTime:0.004883s ]
INFO: [ view_end ] --START--
INFO: ShowPageTrace Behavior ::run [ RunTime:0.000977s ]
INFO: [ view_end ] --END-- [ RunTime:0.001953s ]

[ 2013-10-28T21:55:45+08:00 ] 127.0.0.1 /beifeng/index.php/User/changepwd
INFO: [ route_check ] --START--
INFO: CheckRoute Behavior ::run [ RunTime:0.001953s ]
INFO: [ route_check ] --END-- [ RunTime:0.002930s ]
INFO: [ app_begin ] --START--
INFO: ReadHtmlCache Behavior ::run [ RunTime:0.000977s ]
INFO: [ app_begin ] --END-- [ RunTime:0.000977s ]
INFO: [ view_parse ] --START--
NOTIC: [8] Array to string conversion C:\xampp\htdocs\Beifeng\App\Runtime\Cache\c49f976be8702e846927a44b429119b4.php 第 68 行.
NOTIC: [8] Undefined index: pwd_mail_token C:\xampp\htdocs\Beifeng\App\Runtime\Cache\c49f976be8702e846927a44b429119b4.php 第 106 行.
NOTIC: [8] Undefined variable: show_oldpwd C:\xampp\htdocs\Beifeng\App\Runtime\Cache\c49f976be8702e846927a44b429119b4.php 第 107 行.
INFO: ParseTemplate Behavior ::run [ RunTime:0.013672s ]
INFO: [ view_parse ] --END-- [ RunTime:0.013672s ]
INFO: [ view_filter ] --START--
INFO: ContentReplace Behavior ::run [ RunTime:0.000976s ]
INFO: TokenBuild Behavior ::run [ RunTime:0.000977s ]
INFO: WriteHtmlCache Behavior ::run [ RunTime:0.000976s ]
INFO: ShowRuntime Behavior ::run [ RunTime:0.000000s ]
INFO: [ view_filter ] --END-- [ RunTime:0.002929s ]
INFO: [ view_end ] --START--
INFO: ShowPageTrace Behavior ::run [ RunTime:0.000000s ]
INFO: [ view_end ] --END-- [ RunTime:0.000976s ]

[ 2013-10-28T21:56:15+08:00 ] 127.0.0.1 /beifeng/index.php/User/changepwd
INFO: [ route_check ] --START--
INFO: CheckRoute Behavior ::run [ RunTime:0.001953s ]
INFO: [ route_check ] --END-- [ RunTime:0.001953s ]
INFO: [ app_begin ] --START--
INFO: ReadHtmlCache Behavior ::run [ RunTime:0.000976s ]
INFO: [ app_begin ] --END-- [ RunTime:0.000976s ]
INFO: [ view_parse ] --START--
NOTIC: [8] Array to string conversion C:\xampp\htdocs\Beifeng\App\Runtime\Cache\c49f976be8702e846927a44b429119b4.php 第 68 行.
NOTIC: [8] Undefined index: pwd_mail_token C:\xampp\htdocs\Beifeng\App\Runtime\Cache\c49f976be8702e846927a44b429119b4.php 第 106 行.
NOTIC: [8] Undefined variable: show_oldpwd C:\xampp\htdocs\Beifeng\App\Runtime\Cache\c49f976be8702e846927a44b429119b4.php 第 107 行.
INFO: ParseTemplate Behavior ::run [ RunTime:0.012695s ]
INFO: [ view_parse ] --END-- [ RunTime:0.012695s ]
INFO: [ view_filter ] --START--
INFO: ContentReplace Behavior ::run [ RunTime:0.001953s ]
INFO: TokenBuild Behavior ::run [ RunTime:0.000977s ]
INFO: WriteHtmlCache Behavior ::run [ RunTime:0.000000s ]
INFO: ShowRuntime Behavior ::run [ RunTime:0.000977s ]
INFO: [ view_filter ] --END-- [ RunTime:0.003907s ]
INFO: [ view_end ] --START--
INFO: ShowPageTrace Behavior ::run [ RunTime:0.001953s ]
INFO: [ view_end ] --END-- [ RunTime:0.001953s ]

[ 2013-10-28T21:56:18+08:00 ] 127.0.0.1 /beifeng/index.php/User/doChangePwd.html
INFO: [ route_check ] --START--
INFO: CheckRoute Behavior ::run [ RunTime:0.001953s ]
INFO: [ route_check ] --END-- [ RunTime:0.001953s ]
INFO: [ app_begin ] --START--
INFO: ReadHtmlCache Behavior ::run [ RunTime:0.001954s ]
INFO: [ app_begin ] --END-- [ RunTime:0.001954s ]
SQL: blog.getCollection(user) [ RunTime:0.000000s ]
NOTIC: [8] Undefined index: field C:\xampp\htdocs\Beifeng\ThinkPHP\Extend\Driver\Db\DbMongo.class.php 第 443 行.
SQL: blog.user.findOne({"_id":{"$id":"526ce27b135df8800a00000b"},"password":"4297f44b13955235245b2497399d7a93"}) [ RunTime:0.016601s ]

[ 2013-10-28T21:56:27+08:00 ] 127.0.0.1 /beifeng/index.php/User/changepwd
INFO: [ route_check ] --START--
INFO: CheckRoute Behavior ::run [ RunTime:0.001953s ]
INFO: [ route_check ] --END-- [ RunTime:0.001953s ]
INFO: [ app_begin ] --START--
INFO: ReadHtmlCache Behavior ::run [ RunTime:0.000977s ]
INFO: [ app_begin ] --END-- [ RunTime:0.000977s ]
INFO: [ view_parse ] --START--
NOTIC: [8] Array to string conversion C:\xampp\htdocs\Beifeng\App\Runtime\Cache\c49f976be8702e846927a44b429119b4.php 第 68 行.
NOTIC: [8] Undefined index: pwd_mail_token C:\xampp\htdocs\Beifeng\App\Runtime\Cache\c49f976be8702e846927a44b429119b4.php 第 106 行.
NOTIC: [8] Undefined variable: show_oldpwd C:\xampp\htdocs\Beifeng\App\Runtime\Cache\c49f976be8702e846927a44b429119b4.php 第 107 行.
INFO: ParseTemplate Behavior ::run [ RunTime:0.012696s ]
INFO: [ view_parse ] --END-- [ RunTime:0.012696s ]
INFO: [ view_filter ] --START--
INFO: ContentReplace Behavior ::run [ RunTime:0.000976s ]
INFO: TokenBuild Behavior ::run [ RunTime:0.001953s ]
INFO: WriteHtmlCache Behavior ::run [ RunTime:0.001954s ]
INFO: ShowRuntime Behavior ::run [ RunTime:0.000976s ]
INFO: [ view_filter ] --END-- [ RunTime:0.005859s ]
INFO: [ view_end ] --START--
INFO: ShowPageTrace Behavior ::run [ RunTime:0.001953s ]
INFO: [ view_end ] --END-- [ RunTime:0.001953s ]

[ 2013-10-28T21:56:30+08:00 ] 127.0.0.1 /beifeng/index.php/User/doChangePwd.html
INFO: [ route_check ] --START--
INFO: CheckRoute Behavior ::run [ RunTime:0.001953s ]
INFO: [ route_check ] --END-- [ RunTime:0.001953s ]
INFO: [ app_begin ] --START--
INFO: ReadHtmlCache Behavior ::run [ RunTime:0.000976s ]
INFO: [ app_begin ] --END-- [ RunTime:0.000976s ]
SQL: blog.getCollection(user) [ RunTime:0.000000s ]
NOTIC: [8] Undefined index: field C:\xampp\htdocs\Beifeng\ThinkPHP\Extend\Driver\Db\DbMongo.class.php 第 443 行.
SQL: blog.user.findOne({"_id":{"$id":"526ce27b135df8800a00000b"},"password":"d90cd6db8bbaa267570b139cb0fe7c95"}) [ RunTime:0.000000s ]

[ 2013-10-28T21:58:15+08:00 ] 127.0.0.1 /beifeng/index.php/User/changepwd
INFO: [ route_check ] --START--
INFO: CheckRoute Behavior ::run [ RunTime:0.001953s ]
INFO: [ route_check ] --END-- [ RunTime:0.001953s ]
INFO: [ app_begin ] --START--
INFO: ReadHtmlCache Behavior ::run [ RunTime:0.001953s ]
INFO: [ app_begin ] --END-- [ RunTime:0.001953s ]
INFO: [ view_parse ] --START--
NOTIC: [8] Array to string conversion C:\xampp\htdocs\Beifeng\App\Runtime\Cache\c49f976be8702e846927a44b429119b4.php 第 68 行.
NOTIC: [8] Undefined index: pwd_mail_token C:\xampp\htdocs\Beifeng\App\Runtime\Cache\c49f976be8702e846927a44b429119b4.php 第 106 行.
NOTIC: [8] Undefined variable: show_oldpwd C:\xampp\htdocs\Beifeng\App\Runtime\Cache\c49f976be8702e846927a44b429119b4.php 第 107 行.
INFO: ParseTemplate Behavior ::run [ RunTime:0.016601s ]
INFO: [ view_parse ] --END-- [ RunTime:0.016601s ]
INFO: [ view_filter ] --START--
INFO: ContentReplace Behavior ::run [ RunTime:0.000977s ]
INFO: TokenBuild Behavior ::run [ RunTime:0.000977s ]
INFO: WriteHtmlCache Behavior ::run [ RunTime:0.000000s ]
INFO: ShowRuntime Behavior ::run [ RunTime:0.000976s ]
INFO: [ view_filter ] --END-- [ RunTime:0.002930s ]
INFO: [ view_end ] --START--
INFO: ShowPageTrace Behavior ::run [ RunTime:0.000976s ]
INFO: [ view_end ] --END-- [ RunTime:0.000976s ]

[ 2013-10-28T21:58:22+08:00 ] 127.0.0.1 /beifeng/index.php/User/doChangePwd.html
INFO: [ route_check ] --START--
INFO: CheckRoute Behavior ::run [ RunTime:0.001953s ]
INFO: [ route_check ] --END-- [ RunTime:0.001953s ]
INFO: [ app_begin ] --START--
INFO: ReadHtmlCache Behavior ::run [ RunTime:0.001953s ]
INFO: [ app_begin ] --END-- [ RunTime:0.002930s ]
SQL: blog.getCollection(user) [ RunTime:0.000000s ]
NOTIC: [8] Undefined index: field C:\xampp\htdocs\Beifeng\ThinkPHP\Extend\Driver\Db\DbMongo.class.php 第 443 行.
SQL: blog.user.findOne({"_id":{"$id":"526ce27b135df8800a00000b"},"password":"4297f44b13955235245b2497399d7a93"}) [ RunTime:0.000977s ]
SQL: blog.user.update({"_id":{"$id":"526ce27b135df8800a00000b"}},{"$set":{"password":"123456"}}) [ RunTime:0.004883s ]

[ 2013-10-28T21:58:29+08:00 ] 127.0.0.1 /beifeng/index.php/User/changepwd
INFO: [ route_check ] --START--
INFO: CheckRoute Behavior ::run [ RunTime:0.000976s ]
INFO: [ route_check ] --END-- [ RunTime:0.000976s ]
INFO: [ app_begin ] --START--
INFO: ReadHtmlCache Behavior ::run [ RunTime:0.000977s ]
INFO: [ app_begin ] --END-- [ RunTime:0.000977s ]
INFO: [ view_parse ] --START--
NOTIC: [8] Array to string conversion C:\xampp\htdocs\Beifeng\App\Runtime\Cache\c49f976be8702e846927a44b429119b4.php 第 68 行.
NOTIC: [8] Undefined index: pwd_mail_token C:\xampp\htdocs\Beifeng\App\Runtime\Cache\c49f976be8702e846927a44b429119b4.php 第 106 行.
NOTIC: [8] Undefined variable: show_oldpwd C:\xampp\htdocs\Beifeng\App\Runtime\Cache\c49f976be8702e846927a44b429119b4.php 第 107 行.
INFO: ParseTemplate Behavior ::run [ RunTime:0.013672s ]
INFO: [ view_parse ] --END-- [ RunTime:0.013672s ]
INFO: [ view_filter ] --START--
INFO: ContentReplace Behavior ::run [ RunTime:0.000976s ]
INFO: TokenBuild Behavior ::run [ RunTime:0.000977s ]
INFO: WriteHtmlCache Behavior ::run [ RunTime:0.000976s ]
INFO: ShowRuntime Behavior ::run [ RunTime:0.000977s ]
INFO: [ view_filter ] --END-- [ RunTime:0.003906s ]
INFO: [ view_end ] --START--
INFO: ShowPageTrace Behavior ::run [ RunTime:0.000976s ]
INFO: [ view_end ] --END-- [ RunTime:0.000976s ]

[ 2013-10-28T21:58:34+08:00 ] 127.0.0.1 /beifeng/index.php/User/doChangePwd.html
INFO: [ route_check ] --START--
INFO: CheckRoute Behavior ::run [ RunTime:0.000976s ]
INFO: [ route_check ] --END-- [ RunTime:0.000976s ]
INFO: [ app_begin ] --START--
INFO: ReadHtmlCache Behavior ::run [ RunTime:0.000976s ]
INFO: [ app_begin ] --END-- [ RunTime:0.000976s ]
SQL: blog.getCollection(user) [ RunTime:0.000000s ]
NOTIC: [8] Undefined index: field C:\xampp\htdocs\Beifeng\ThinkPHP\Extend\Driver\Db\DbMongo.class.php 第 443 行.
SQL: blog.user.findOne({"_id":{"$id":"526ce27b135df8800a00000b"},"password":"4297f44b13955235245b2497399d7a93"}) [ RunTime:0.000000s ]
INFO: [ view_parse ] --START--
INFO: ParseTemplate Behavior ::run [ RunTime:0.012695s ]
INFO: [ view_parse ] --END-- [ RunTime:0.012695s ]
INFO: [ view_filter ] --START--
INFO: ContentReplace Behavior ::run [ RunTime:0.001953s ]
INFO: TokenBuild Behavior ::run [ RunTime:0.001953s ]
INFO: WriteHtmlCache Behavior ::run [ RunTime:0.000977s ]
INFO: ShowRuntime Behavior ::run [ RunTime:0.001953s ]
INFO: [ view_filter ] --END-- [ RunTime:0.006836s ]
INFO: [ view_end ] --START--
INFO: ShowPageTrace Behavior ::run [ RunTime:0.001953s ]
INFO: [ view_end ] --END-- [ RunTime:0.001953s ]

[ 2013-10-28T22:00:32+08:00 ] 127.0.0.1 /beifeng/index.php/User/changepwd
INFO: [ route_check ] --START--
INFO: CheckRoute Behavior ::run [ RunTime:0.000977s ]
INFO: [ route_check ] --END-- [ RunTime:0.000977s ]
INFO: [ app_begin ] --START--
INFO: ReadHtmlCache Behavior ::run [ RunTime:0.001953s ]
INFO: [ app_begin ] --END-- [ RunTime:0.001953s ]
INFO: [ view_parse ] --START--
NOTIC: [8] Array to string conversion C:\xampp\htdocs\Beifeng\App\Runtime\Cache\c49f976be8702e846927a44b429119b4.php 第 68 行.
NOTIC: [8] Undefined index: pwd_mail_token C:\xampp\htdocs\Beifeng\App\Runtime\Cache\c49f976be8702e846927a44b429119b4.php 第 106 行.
NOTIC: [8] Undefined variable: show_oldpwd C:\xampp\htdocs\Beifeng\App\Runtime\Cache\c49f976be8702e846927a44b429119b4.php 第 107 行.
INFO: ParseTemplate Behavior ::run [ RunTime:0.012695s ]
INFO: [ view_parse ] --END-- [ RunTime:0.013672s ]
INFO: [ view_filter ] --START--
INFO: ContentReplace Behavior ::run [ RunTime:0.000000s ]
INFO: TokenBuild Behavior ::run [ RunTime:0.000976s ]
INFO: WriteHtmlCache Behavior ::run [ RunTime:0.000977s ]
INFO: ShowRuntime Behavior ::run [ RunTime:0.000976s ]
INFO: [ view_filter ] --END-- [ RunTime:0.002929s ]
INFO: [ view_end ] --START--
INFO: ShowPageTrace Behavior ::run [ RunTime:0.000977s ]
INFO: [ view_end ] --END-- [ RunTime:0.000977s ]

[ 2013-10-28T22:00:41+08:00 ] 127.0.0.1 /beifeng/index.php/User/doChangePwd.html
INFO: [ route_check ] --START--
INFO: CheckRoute Behavior ::run [ RunTime:0.001954s ]
INFO: [ route_check ] --END-- [ RunTime:0.001954s ]
INFO: [ app_begin ] --START--
INFO: ReadHtmlCache Behavior ::run [ RunTime:0.000977s ]
INFO: [ app_begin ] --END-- [ RunTime:0.000977s ]
SQL: blog.getCollection(user) [ RunTime:0.000000s ]
NOTIC: [8] Undefined index: field C:\xampp\htdocs\Beifeng\ThinkPHP\Extend\Driver\Db\DbMongo.class.php 第 443 行.
SQL: blog.user.findOne({"_id":{"$id":"526ce27b135df8800a00000b"},"password":"e10adc3949ba59abbe56e057f20f883e"}) [ RunTime:0.000000s ]
INFO: [ view_parse ] --START--
INFO: ParseTemplate Behavior ::run [ RunTime:0.012695s ]
INFO: [ view_parse ] --END-- [ RunTime:0.012695s ]
INFO: [ view_filter ] --START--
INFO: ContentReplace Behavior ::run [ RunTime:0.000977s ]
INFO: TokenBuild Behavior ::run [ RunTime:0.000977s ]
INFO: WriteHtmlCache Behavior ::run [ RunTime:0.000976s ]
INFO: ShowRuntime Behavior ::run [ RunTime:0.000977s ]
INFO: [ view_filter ] --END-- [ RunTime:0.005859s ]
INFO: [ view_end ] --START--
INFO: ShowPageTrace Behavior ::run [ RunTime:0.000977s ]
INFO: [ view_end ] --END-- [ RunTime:0.000977s ]

[ 2013-10-28T22:00:52+08:00 ] 127.0.0.1 /beifeng/index.php/User/doChangePwd.html
INFO: [ route_check ] --START--
INFO: CheckRoute Behavior ::run [ RunTime:0.001953s ]
INFO: [ route_check ] --END-- [ RunTime:0.001953s ]
INFO: [ app_begin ] --START--
INFO: ReadHtmlCache Behavior ::run [ RunTime:0.000000s ]
INFO: [ app_begin ] --END-- [ RunTime:0.000976s ]
SQL: blog.getCollection(user) [ RunTime:0.000000s ]
NOTIC: [8] Undefined index: field C:\xampp\htdocs\Beifeng\ThinkPHP\Extend\Driver\Db\DbMongo.class.php 第 443 行.
SQL: blog.user.findOne({"_id":{"$id":"526ce27b135df8800a00000b"},"password":"e10adc3949ba59abbe56e057f20f883e"}) [ RunTime:0.000000s ]
INFO: [ view_parse ] --START--
INFO: ParseTemplate Behavior ::run [ RunTime:0.013671s ]
INFO: [ view_parse ] --END-- [ RunTime:0.013671s ]
INFO: [ view_filter ] --START--
INFO: ContentReplace Behavior ::run [ RunTime:0.000977s ]
INFO: TokenBuild Behavior ::run [ RunTime:0.000977s ]
INFO: WriteHtmlCache Behavior ::run [ RunTime:0.000000s ]
INFO: ShowRuntime Behavior ::run [ RunTime:0.000000s ]
INFO: [ view_filter ] --END-- [ RunTime:0.002930s ]
INFO: [ view_end ] --START--
INFO: ShowPageTrace Behavior ::run [ RunTime:0.000976s ]
INFO: [ view_end ] --END-- [ RunTime:0.000976s ]

[ 2013-10-28T22:00:59+08:00 ] 127.0.0.1 /beifeng/index.php/User/doChangePwd.html
INFO: [ route_check ] --START--
INFO: CheckRoute Behavior ::run [ RunTime:0.001953s ]
INFO: [ route_check ] --END-- [ RunTime:0.001953s ]
INFO: [ app_begin ] --START--
INFO: ReadHtmlCache Behavior ::run [ RunTime:0.000976s ]
INFO: [ app_begin ] --END-- [ RunTime:0.000976s ]
SQL: blog.getCollection(user) [ RunTime:0.000000s ]
NOTIC: [8] Undefined index: field C:\xampp\htdocs\Beifeng\ThinkPHP\Extend\Driver\Db\DbMongo.class.php 第 443 行.
SQL: blog.user.findOne({"_id":{"$id":"526ce27b135df8800a00000b"},"password":"4297f44b13955235245b2497399d7a93"}) [ RunTime:0.000976s ]
INFO: [ view_parse ] --START--
INFO: ParseTemplate Behavior ::run [ RunTime:0.010742s ]
INFO: [ view_parse ] --END-- [ RunTime:0.010742s ]
INFO: [ view_filter ] --START--
INFO: ContentReplace Behavior ::run [ RunTime:0.000977s ]
INFO: TokenBuild Behavior ::run [ RunTime:0.000977s ]
INFO: WriteHtmlCache Behavior ::run [ RunTime:0.000976s ]
INFO: ShowRuntime Behavior ::run [ RunTime:0.001953s ]
INFO: [ view_filter ] --END-- [ RunTime:0.004883s ]
INFO: [ view_end ] --START--
INFO: ShowPageTrace Behavior ::run [ RunTime:0.000977s ]
INFO: [ view_end ] --END-- [ RunTime:0.000977s ]

[ 2013-10-28T22:01:05+08:00 ] 127.0.0.1 /beifeng/index.php/User/layout.html
INFO: [ route_check ] --START--
INFO: CheckRoute Behavior ::run [ RunTime:0.001953s ]
INFO: [ route_check ] --END-- [ RunTime:0.001953s ]
INFO: [ app_begin ] --START--
INFO: ReadHtmlCache Behavior ::run [ RunTime:0.001953s ]
INFO: [ app_begin ] --END-- [ RunTime:0.001953s ]
INFO: [ view_parse ] --START--
INFO: ParseTemplate Behavior ::run [ RunTime:0.015625s ]
INFO: [ view_parse ] --END-- [ RunTime:0.017578s ]
INFO: [ view_filter ] --START--
INFO: ContentReplace Behavior ::run [ RunTime:0.001953s ]
INFO: TokenBuild Behavior ::run [ RunTime:0.000977s ]
INFO: WriteHtmlCache Behavior ::run [ RunTime:0.000976s ]
INFO: ShowRuntime Behavior ::run [ RunTime:0.000977s ]
INFO: [ view_filter ] --END-- [ RunTime:0.005860s ]
INFO: [ view_end ] --START--
INFO: ShowPageTrace Behavior ::run [ RunTime:0.000000s ]
INFO: [ view_end ] --END-- [ RunTime:0.000000s ]

[ 2013-10-28T22:01:06+08:00 ] 127.0.0.1 /beifeng/index.php/Index/index.html
INFO: [ route_check ] --START--
INFO: CheckRoute Behavior ::run [ RunTime:0.000976s ]
INFO: [ route_check ] --END-- [ RunTime:0.000976s ]
INFO: [ app_begin ] --START--
INFO: ReadHtmlCache Behavior ::run [ RunTime:0.000000s ]
INFO: [ app_begin ] --END-- [ RunTime:0.000976s ]
INFO: [ view_parse ] --START--
NOTIC: [8] Undefined index: isLogin C:\xampp\htdocs\Beifeng\App\Runtime\Cache\f331a3f0d874c4248458495ef2c2c2d1.php 第 61 行.
NOTIC: [8] Undefined variable: lists C:\xampp\htdocs\Beifeng\App\Runtime\Cache\f331a3f0d874c4248458495ef2c2c2d1.php 第 98 行.
NOTIC: [8] Undefined variable: lists C:\xampp\htdocs\Beifeng\App\Runtime\Cache\f331a3f0d874c4248458495ef2c2c2d1.php 第 99 行.
NOTIC: [8] Undefined variable: lists C:\xampp\htdocs\Beifeng\App\Runtime\Cache\f331a3f0d874c4248458495ef2c2c2d1.php 第 100 行.
INFO: ParseTemplate Behavior ::run [ RunTime:0.014648s ]
INFO: [ view_parse ] --END-- [ RunTime:0.014648s ]
INFO: [ view_filter ] --START--
INFO: ContentReplace Behavior ::run [ RunTime:0.000977s ]
INFO: TokenBuild Behavior ::run [ RunTime:0.000976s ]
INFO: WriteHtmlCache Behavior ::run [ RunTime:0.000977s ]
INFO: ShowRuntime Behavior ::run [ RunTime:0.000976s ]
INFO: [ view_filter ] --END-- [ RunTime:0.003906s ]
INFO: [ view_end ] --START--
INFO: ShowPageTrace Behavior ::run [ RunTime:0.000977s ]
INFO: [ view_end ] --END-- [ RunTime:0.000977s ]

[ 2013-10-28T22:01:08+08:00 ] 127.0.0.1 /beifeng/index.php/User/register.html
INFO: [ route_check ] --START--
INFO: CheckRoute Behavior ::run [ RunTime:0.001953s ]
INFO: [ route_check ] --END-- [ RunTime:0.001953s ]
INFO: [ app_begin ] --START--
INFO: ReadHtmlCache Behavior ::run [ RunTime:0.000977s ]
INFO: [ app_begin ] --END-- [ RunTime:0.000977s ]
INFO: [ view_parse ] --START--
NOTIC: [8] Undefined index: isLogin C:\xampp\htdocs\Beifeng\App\Runtime\Cache\8e6f540285baea4bd4dec05c9e3d8c96.php 第 61 行.
INFO: ParseTemplate Behavior ::run [ RunTime:0.011719s ]
INFO: [ view_parse ] --END-- [ RunTime:0.011719s ]
INFO: [ view_filter ] --START--
INFO: ContentReplace Behavior ::run [ RunTime:0.000976s ]
INFO: TokenBuild Behavior ::run [ RunTime:0.000977s ]
INFO: WriteHtmlCache Behavior ::run [ RunTime:0.000976s ]
INFO: ShowRuntime Behavior ::run [ RunTime:0.000000s ]
INFO: [ view_filter ] --END-- [ RunTime:0.002929s ]
INFO: [ view_end ] --START--
INFO: ShowPageTrace Behavior ::run [ RunTime:0.000000s ]
INFO: [ view_end ] --END-- [ RunTime:0.000977s ]

[ 2013-10-28T22:01:19+08:00 ] 127.0.0.1 /beifeng/index.php/User/doRegister.html
INFO: [ route_check ] --START--
INFO: CheckRoute Behavior ::run [ RunTime:0.000977s ]
INFO: [ route_check ] --END-- [ RunTime:0.000977s ]
INFO: [ app_begin ] --START--
INFO: ReadHtmlCache Behavior ::run [ RunTime:0.000977s ]
INFO: [ app_begin ] --END-- [ RunTime:0.000977s ]
SQL: blog.getCollection(user) [ RunTime:0.000000s ]
NOTIC: [8] Undefined index: field C:\xampp\htdocs\Beifeng\ThinkPHP\Extend\Driver\Db\DbMongo.class.php 第 443 行.
SQL: blog.user.findOne({"uname":"dz5362123"}) [ RunTime:0.000000s ]
SQL: blog.user.insert({"uname":"dz5362123","email":"dz5362@163.com","password":"4297f44b13955235245b2497399d7a93","status":0,"ctime":1382968879,"ip":"127.0.0.1"}) [ RunTime:0.000976s ]
INFO: [ view_parse ] --START--
INFO: ParseTemplate Behavior ::run [ RunTime:0.010743s ]
INFO: [ view_parse ] --END-- [ RunTime:0.010743s ]
INFO: [ view_filter ] --START--
INFO: ContentReplace Behavior ::run [ RunTime:0.000976s ]
INFO: TokenBuild Behavior ::run [ RunTime:0.000977s ]
INFO: WriteHtmlCache Behavior ::run [ RunTime:0.001953s ]
INFO: ShowRuntime Behavior ::run [ RunTime:0.001954s ]
INFO: [ view_filter ] --END-- [ RunTime:0.006836s ]
INFO: [ view_end ] --START--
INFO: ShowPageTrace Behavior ::run [ RunTime:0.000976s ]
INFO: [ view_end ] --END-- [ RunTime:0.000976s ]

[ 2013-10-28T22:01:20+08:00 ] 127.0.0.1 /beifeng/index.php/Index/index.html
INFO: [ route_check ] --START--
INFO: CheckRoute Behavior ::run [ RunTime:0.001953s ]
INFO: [ route_check ] --END-- [ RunTime:0.001953s ]
INFO: [ app_begin ] --START--
INFO: ReadHtmlCache Behavior ::run [ RunTime:0.000976s ]
INFO: [ app_begin ] --END-- [ RunTime:0.000976s ]
INFO: [ view_parse ] --START--
NOTIC: [8] Undefined variable: lists C:\xampp\htdocs\Beifeng\App\Runtime\Cache\f331a3f0d874c4248458495ef2c2c2d1.php 第 98 行.
NOTIC: [8] Undefined variable: lists C:\xampp\htdocs\Beifeng\App\Runtime\Cache\f331a3f0d874c4248458495ef2c2c2d1.php 第 99 行.
NOTIC: [8] Undefined variable: lists C:\xampp\htdocs\Beifeng\App\Runtime\Cache\f331a3f0d874c4248458495ef2c2c2d1.php 第 100 行.
INFO: ParseTemplate Behavior ::run [ RunTime:0.012695s ]
INFO: [ view_parse ] --END-- [ RunTime:0.012695s ]
INFO: [ view_filter ] --START--
INFO: ContentReplace Behavior ::run [ RunTime:0.000977s ]
INFO: TokenBuild Behavior ::run [ RunTime:0.000976s ]
INFO: WriteHtmlCache Behavior ::run [ RunTime:0.000000s ]
INFO: ShowRuntime Behavior ::run [ RunTime:0.000000s ]
INFO: [ view_filter ] --END-- [ RunTime:0.002930s ]
INFO: [ view_end ] --START--
INFO: ShowPageTrace Behavior ::run [ RunTime:0.000977s ]
INFO: [ view_end ] --END-- [ RunTime:0.000977s ]

[ 2013-10-28T22:01:23+08:00 ] 127.0.0.1 /beifeng/index.php/User/setting.html
INFO: [ route_check ] --START--
INFO: CheckRoute Behavior ::run [ RunTime:0.001954s ]
INFO: [ route_check ] --END-- [ RunTime:0.001954s ]
INFO: [ app_begin ] --START--
INFO: ReadHtmlCache Behavior ::run [ RunTime:0.000977s ]
INFO: [ app_begin ] --END-- [ RunTime:0.000977s ]
NOTIC: [8] Constant THEME_NAME already defined C:\xampp\htdocs\Beifeng\ThinkPHP\Lib\Core\View.class.php 第 223 行.
NOTIC: [8] Constant THEME_PATH already defined C:\xampp\htdocs\Beifeng\ThinkPHP\Lib\Core\View.class.php 第 174 行.
NOTIC: [8] Constant APP_TMPL_PATH already defined C:\xampp\htdocs\Beifeng\ThinkPHP\Lib\Core\View.class.php 第 175 行.
INFO: [ view_parse ] --START--
INFO: ParseTemplate Behavior ::run [ RunTime:0.015625s ]
INFO: [ view_parse ] --END-- [ RunTime:0.015625s ]
INFO: [ view_filter ] --START--
INFO: ContentReplace Behavior ::run [ RunTime:0.000977s ]
INFO: TokenBuild Behavior ::run [ RunTime:0.000976s ]
INFO: WriteHtmlCache Behavior ::run [ RunTime:0.000977s ]
INFO: ShowRuntime Behavior ::run [ RunTime:0.000000s ]
INFO: [ view_filter ] --END-- [ RunTime:0.002930s ]
INFO: [ view_end ] --START--
INFO: ShowPageTrace Behavior ::run [ RunTime:0.000976s ]
INFO: [ view_end ] --END-- [ RunTime:0.000976s ]

[ 2013-10-28T22:01:29+08:00 ] 127.0.0.1 /beifeng/index.php/User/changepwd
INFO: [ route_check ] --START--
INFO: CheckRoute Behavior ::run [ RunTime:0.000977s ]
INFO: [ route_check ] --END-- [ RunTime:0.000977s ]
INFO: [ app_begin ] --START--
INFO: ReadHtmlCache Behavior ::run [ RunTime:0.000977s ]
INFO: [ app_begin ] --END-- [ RunTime:0.000977s ]
INFO: [ view_parse ] --START--
NOTIC: [8] Undefined index: pwd_mail_token C:\xampp\htdocs\Beifeng\App\Runtime\Cache\c49f976be8702e846927a44b429119b4.php 第 106 行.
NOTIC: [8] Undefined variable: show_oldpwd C:\xampp\htdocs\Beifeng\App\Runtime\Cache\c49f976be8702e846927a44b429119b4.php 第 107 行.
INFO: ParseTemplate Behavior ::run [ RunTime:0.012696s ]
INFO: [ view_parse ] --END-- [ RunTime:0.012696s ]
INFO: [ view_filter ] --START--
INFO: ContentReplace Behavior ::run [ RunTime:0.000976s ]
INFO: TokenBuild Behavior ::run [ RunTime:0.000977s ]
INFO: WriteHtmlCache Behavior ::run [ RunTime:0.000000s ]
INFO: ShowRuntime Behavior ::run [ RunTime:0.000976s ]
INFO: [ view_filter ] --END-- [ RunTime:0.002929s ]
INFO: [ view_end ] --START--
INFO: ShowPageTrace Behavior ::run [ RunTime:0.000977s ]
INFO: [ view_end ] --END-- [ RunTime:0.000977s ]

[ 2013-10-28T22:01:36+08:00 ] 127.0.0.1 /beifeng/index.php/User/doChangePwd.html
INFO: [ route_check ] --START--
INFO: CheckRoute Behavior ::run [ RunTime:0.000977s ]
INFO: [ route_check ] --END-- [ RunTime:0.001953s ]
INFO: [ app_begin ] --START--
INFO: ReadHtmlCache Behavior ::run [ RunTime:0.001953s ]
INFO: [ app_begin ] --END-- [ RunTime:0.001953s ]
SQL: blog.getCollection(user) [ RunTime:0.000000s ]
NOTIC: [8] Undefined index: field C:\xampp\htdocs\Beifeng\ThinkPHP\Extend\Driver\Db\DbMongo.class.php 第 443 行.
SQL: blog.user.findOne({"_id":{"$id":"526e6e2f135df86811000009"},"password":"4297f44b13955235245b2497399d7a93"}) [ RunTime:0.000976s ]
SQL: blog.user.update({"_id":{"$id":"526e6e2f135df86811000009"}},{"$set":{"password":"123456"}}) [ RunTime:0.000000s ]
INFO: [ view_parse ] --START--
INFO: ParseTemplate Behavior ::run [ RunTime:0.008789s ]
INFO: [ view_parse ] --END-- [ RunTime:0.009766s ]
INFO: [ view_filter ] --START--
INFO: ContentReplace Behavior ::run [ RunTime:0.000976s ]
INFO: TokenBuild Behavior ::run [ RunTime:0.001953s ]
INFO: WriteHtmlCache Behavior ::run [ RunTime:0.000977s ]
INFO: ShowRuntime Behavior ::run [ RunTime:0.000976s ]
INFO: [ view_filter ] --END-- [ RunTime:0.004882s ]
INFO: [ view_end ] --START--
INFO: ShowPageTrace Behavior ::run [ RunTime:0.000977s ]
INFO: [ view_end ] --END-- [ RunTime:0.000977s ]

[ 2013-10-28T22:01:37+08:00 ] 127.0.0.1 /beifeng/index.php/User/Login.html
INFO: [ route_check ] --START--
INFO: CheckRoute Behavior ::run [ RunTime:0.001953s ]
INFO: [ route_check ] --END-- [ RunTime:0.002930s ]
INFO: [ app_begin ] --START--
INFO: ReadHtmlCache Behavior ::run [ RunTime:0.000977s ]
INFO: [ app_begin ] --END-- [ RunTime:0.000977s ]
INFO: [ view_parse ] --START--
NOTIC: [8] Undefined index: isLogin C:\xampp\htdocs\Beifeng\App\Runtime\Cache\4bcde43b4308dd99def7dcf12cfb3ddf.php 第 61 行.
INFO: ParseTemplate Behavior ::run [ RunTime:0.015625s ]
INFO: [ view_parse ] --END-- [ RunTime:0.015625s ]
INFO: [ view_filter ] --START--
INFO: ContentReplace Behavior ::run [ RunTime:0.000977s ]
INFO: TokenBuild Behavior ::run [ RunTime:0.000976s ]
INFO: WriteHtmlCache Behavior ::run [ RunTime:0.000977s ]
INFO: ShowRuntime Behavior ::run [ RunTime:0.000976s ]
INFO: [ view_filter ] --END-- [ RunTime:0.003906s ]
INFO: [ view_end ] --START--
INFO: ShowPageTrace Behavior ::run [ RunTime:0.000977s ]
INFO: [ view_end ] --END-- [ RunTime:0.000977s ]

[ 2013-10-28T22:01:45+08:00 ] 127.0.0.1 /beifeng/index.php/User/doLogin.html
INFO: [ route_check ] --START--
INFO: CheckRoute Behavior ::run [ RunTime:0.001953s ]
INFO: [ route_check ] --END-- [ RunTime:0.001953s ]
INFO: [ app_begin ] --START--
INFO: ReadHtmlCache Behavior ::run [ RunTime:0.000977s ]
INFO: [ app_begin ] --END-- [ RunTime:0.000977s ]
SQL: blog.getCollection(user) [ RunTime:0.000000s ]
NOTIC: [8] Undefined index: field C:\xampp\htdocs\Beifeng\ThinkPHP\Extend\Driver\Db\DbMongo.class.php 第 443 行.
SQL: blog.user.findOne({"uname":"dz5362123","password":"e10adc3949ba59abbe56e057f20f883e"}) [ RunTime:0.000000s ]
INFO: [ view_parse ] --START--
INFO: ParseTemplate Behavior ::run [ RunTime:0.009766s ]
INFO: [ view_parse ] --END-- [ RunTime:0.009766s ]
INFO: [ view_filter ] --START--
INFO: ContentReplace Behavior ::run [ RunTime:0.000976s ]
INFO: TokenBuild Behavior ::run [ RunTime:0.000977s ]
INFO: WriteHtmlCache Behavior ::run [ RunTime:0.000976s ]
INFO: ShowRuntime Behavior ::run [ RunTime:0.000977s ]
INFO: [ view_filter ] --END-- [ RunTime:0.003906s ]
INFO: [ view_end ] --START--
INFO: ShowPageTrace Behavior ::run [ RunTime:0.001953s ]
INFO: [ view_end ] --END-- [ RunTime:0.001953s ]

[ 2013-10-28T22:02:28+08:00 ] 127.0.0.1 /beifeng/index.php/User/login.html
INFO: [ route_check ] --START--
INFO: CheckRoute Behavior ::run [ RunTime:0.000977s ]
INFO: [ route_check ] --END-- [ RunTime:0.000977s ]
INFO: [ app_begin ] --START--
INFO: ReadHtmlCache Behavior ::run [ RunTime:0.001953s ]
INFO: [ app_begin ] --END-- [ RunTime:0.001953s ]
INFO: [ view_parse ] --START--
NOTIC: [8] Undefined index: isLogin C:\xampp\htdocs\Beifeng\App\Runtime\Cache\f0b6776c2e2528b7b581d55514547e92.php 第 61 行.
INFO: ParseTemplate Behavior ::run [ RunTime:0.012695s ]
INFO: [ view_parse ] --END-- [ RunTime:0.012695s ]
INFO: [ view_filter ] --START--
INFO: ContentReplace Behavior ::run [ RunTime:0.001953s ]
INFO: TokenBuild Behavior ::run [ RunTime:0.000977s ]
INFO: WriteHtmlCache Behavior ::run [ RunTime:0.002930s ]
INFO: ShowRuntime Behavior ::run [ RunTime:0.001953s ]
INFO: [ view_filter ] --END-- [ RunTime:0.007813s ]
INFO: [ view_end ] --START--
INFO: ShowPageTrace Behavior ::run [ RunTime:0.001953s ]
INFO: [ view_end ] --END-- [ RunTime:0.001953s ]

[ 2013-10-28T22:02:31+08:00 ] 127.0.0.1 /beifeng/index.php/User/register.html
INFO: [ route_check ] --START--
INFO: CheckRoute Behavior ::run [ RunTime:0.000976s ]
INFO: [ route_check ] --END-- [ RunTime:0.000976s ]
INFO: [ app_begin ] --START--
INFO: ReadHtmlCache Behavior ::run [ RunTime:0.000976s ]
INFO: [ app_begin ] --END-- [ RunTime:0.000976s ]
INFO: [ view_parse ] --START--
NOTIC: [8] Undefined index: isLogin C:\xampp\htdocs\Beifeng\App\Runtime\Cache\8e6f540285baea4bd4dec05c9e3d8c96.php 第 61 行.
INFO: ParseTemplate Behavior ::run [ RunTime:0.012695s ]
INFO: [ view_parse ] --END-- [ RunTime:0.012695s ]
INFO: [ view_filter ] --START--
INFO: ContentReplace Behavior ::run [ RunTime:0.001953s ]
INFO: TokenBuild Behavior ::run [ RunTime:0.000977s ]
INFO: WriteHtmlCache Behavior ::run [ RunTime:0.000976s ]
INFO: ShowRuntime Behavior ::run [ RunTime:0.000977s ]
INFO: [ view_filter ] --END-- [ RunTime:0.004883s ]
INFO: [ view_end ] --START--
INFO: ShowPageTrace Behavior ::run [ RunTime:0.001953s ]
INFO: [ view_end ] --END-- [ RunTime:0.001953s ]

[ 2013-10-28T22:02:42+08:00 ] 127.0.0.1 /beifeng/index.php/User/doRegister.html
INFO: [ route_check ] --START--
INFO: CheckRoute Behavior ::run [ RunTime:0.000977s ]
INFO: [ route_check ] --END-- [ RunTime:0.000977s ]
INFO: [ app_begin ] --START--
INFO: ReadHtmlCache Behavior ::run [ RunTime:0.000976s ]
INFO: [ app_begin ] --END-- [ RunTime:0.000976s ]
SQL: blog.getCollection(user) [ RunTime:0.000000s ]
NOTIC: [8] Undefined index: field C:\xampp\htdocs\Beifeng\ThinkPHP\Extend\Driver\Db\DbMongo.class.php 第 443 行.
SQL: blog.user.findOne({"uname":"dz5362456"}) [ RunTime:0.000000s ]
SQL: blog.user.insert({"uname":"dz5362456","email":"dz5362@163.com","password":"4297f44b13955235245b2497399d7a93","status":0,"ctime":1382968962,"ip":"127.0.0.1"}) [ RunTime:0.000977s ]
INFO: [ view_parse ] --START--
INFO: ParseTemplate Behavior ::run [ RunTime:0.013672s ]
INFO: [ view_parse ] --END-- [ RunTime:0.014648s ]
INFO: [ view_filter ] --START--
INFO: ContentReplace Behavior ::run [ RunTime:0.001953s ]
INFO: TokenBuild Behavior ::run [ RunTime:0.001953s ]
INFO: WriteHtmlCache Behavior ::run [ RunTime:0.000000s ]
INFO: ShowRuntime Behavior ::run [ RunTime:0.001953s ]
INFO: [ view_filter ] --END-- [ RunTime:0.006836s ]
INFO: [ view_end ] --START--
INFO: ShowPageTrace Behavior ::run [ RunTime:0.001953s ]
INFO: [ view_end ] --END-- [ RunTime:0.001953s ]

[ 2013-10-28T22:02:43+08:00 ] 127.0.0.1 /beifeng/index.php/Index/index.html
INFO: [ route_check ] --START--
INFO: CheckRoute Behavior ::run [ RunTime:0.000976s ]
INFO: [ route_check ] --END-- [ RunTime:0.000976s ]
INFO: [ app_begin ] --START--
INFO: ReadHtmlCache Behavior ::run [ RunTime:0.000976s ]
INFO: [ app_begin ] --END-- [ RunTime:0.000976s ]
INFO: [ view_parse ] --START--
NOTIC: [8] Undefined variable: lists C:\xampp\htdocs\Beifeng\App\Runtime\Cache\f331a3f0d874c4248458495ef2c2c2d1.php 第 98 行.
NOTIC: [8] Undefined variable: lists C:\xampp\htdocs\Beifeng\App\Runtime\Cache\f331a3f0d874c4248458495ef2c2c2d1.php 第 99 行.
NOTIC: [8] Undefined variable: lists C:\xampp\htdocs\Beifeng\App\Runtime\Cache\f331a3f0d874c4248458495ef2c2c2d1.php 第 100 行.
INFO: ParseTemplate Behavior ::run [ RunTime:0.015625s ]
INFO: [ view_parse ] --END-- [ RunTime:0.015625s ]
INFO: [ view_filter ] --START--
INFO: ContentReplace Behavior ::run [ RunTime:0.000976s ]
INFO: TokenBuild Behavior ::run [ RunTime:0.000977s ]
INFO: WriteHtmlCache Behavior ::run [ RunTime:0.000000s ]
INFO: ShowRuntime Behavior ::run [ RunTime:0.000976s ]
INFO: [ view_filter ] --END-- [ RunTime:0.002929s ]
INFO: [ view_end ] --START--
INFO: ShowPageTrace Behavior ::run [ RunTime:0.000977s ]
INFO: [ view_end ] --END-- [ RunTime:0.000977s ]

[ 2013-10-28T22:05:06+08:00 ] 127.0.0.1 /beifeng/index.php/User/changeavater
INFO: [ route_check ] --START--
INFO: CheckRoute Behavior ::run [ RunTime:0.001953s ]
INFO: [ route_check ] --END-- [ RunTime:0.001953s ]
INFO: [ app_begin ] --START--
INFO: ReadHtmlCache Behavior ::run [ RunTime:0.000977s ]
INFO: [ app_begin ] --END-- [ RunTime:0.000977s ]
INFO: [ view_parse ] --START--
NOTIC: [8] Undefined variable: data C:\xampp\htdocs\Beifeng\App\Runtime\Cache\ef3226a9b979168096994ffd33b355df.php 第 106 行.
NOTIC: [8] Undefined variable: data C:\xampp\htdocs\Beifeng\App\Runtime\Cache\ef3226a9b979168096994ffd33b355df.php 第 107 行.
INFO: ParseTemplate Behavior ::run [ RunTime:0.015625s ]
INFO: [ view_parse ] --END-- [ RunTime:0.015625s ]
INFO: [ view_filter ] --START--
INFO: ContentReplace Behavior ::run [ RunTime:0.000976s ]
INFO: TokenBuild Behavior ::run [ RunTime:0.001954s ]
INFO: WriteHtmlCache Behavior ::run [ RunTime:0.000976s ]
INFO: ShowRuntime Behavior ::run [ RunTime:0.000977s ]
INFO: [ view_filter ] --END-- [ RunTime:0.004883s ]
INFO: [ view_end ] --START--
INFO: ShowPageTrace Behavior ::run [ RunTime:0.001953s ]
INFO: [ view_end ] --END-- [ RunTime:0.001953s ]

[ 2013-10-28T22:07:26+08:00 ] 127.0.0.1 /beifeng/index.php/User/changeavater
INFO: [ route_check ] --START--
INFO: CheckRoute Behavior ::run [ RunTime:0.001953s ]
INFO: [ route_check ] --END-- [ RunTime:0.001953s ]
INFO: [ app_begin ] --START--
INFO: ReadHtmlCache Behavior ::run [ RunTime:0.000977s ]
INFO: [ app_begin ] --END-- [ RunTime:0.000977s ]
INFO: [ view_parse ] --START--
NOTIC: [8] Undefined variable: data C:\xampp\htdocs\Beifeng\App\Runtime\Cache\ef3226a9b979168096994ffd33b355df.php 第 106 行.
NOTIC: [8] Undefined variable: data C:\xampp\htdocs\Beifeng\App\Runtime\Cache\ef3226a9b979168096994ffd33b355df.php 第 107 行.
INFO: ParseTemplate Behavior ::run [ RunTime:0.010742s ]
INFO: [ view_parse ] --END-- [ RunTime:0.010742s ]
INFO: [ view_filter ] --START--
INFO: ContentReplace Behavior ::run [ RunTime:0.000976s ]
INFO: TokenBuild Behavior ::run [ RunTime:0.000977s ]
INFO: WriteHtmlCache Behavior ::run [ RunTime:0.000977s ]
INFO: ShowRuntime Behavior ::run [ RunTime:0.000976s ]
INFO: [ view_filter ] --END-- [ RunTime:0.003906s ]
INFO: [ view_end ] --START--
INFO: ShowPageTrace Behavior ::run [ RunTime:0.000977s ]
INFO: [ view_end ] --END-- [ RunTime:0.000977s ]

[ 2013-10-28T22:07:29+08:00 ] 127.0.0.1 /beifeng/index.php/User/uploadAvatar.html
INFO: [ route_check ] --START--
INFO: CheckRoute Behavior ::run [ RunTime:0.001953s ]
INFO: [ route_check ] --END-- [ RunTime:0.001953s ]
INFO: [ app_begin ] --START--
INFO: ReadHtmlCache Behavior ::run [ RunTime:0.001954s ]
INFO: [ app_begin ] --END-- [ RunTime:0.001954s ]

[ 2013-10-28T22:11:20+08:00 ] 127.0.0.1 /beifeng/index.php/User/changeavater
INFO: [ route_check ] --START--
INFO: CheckRoute Behavior ::run [ RunTime:0.000976s ]
INFO: [ route_check ] --END-- [ RunTime:0.000976s ]
INFO: [ app_begin ] --START--
INFO: ReadHtmlCache Behavior ::run [ RunTime:0.000976s ]
INFO: [ app_begin ] --END-- [ RunTime:0.000976s ]
INFO: [ view_parse ] --START--
NOTIC: [8] Undefined variable: data C:\xampp\htdocs\Beifeng\App\Runtime\Cache\ef3226a9b979168096994ffd33b355df.php 第 106 行.
NOTIC: [8] Undefined variable: data C:\xampp\htdocs\Beifeng\App\Runtime\Cache\ef3226a9b979168096994ffd33b355df.php 第 107 行.
INFO: ParseTemplate Behavior ::run [ RunTime:0.012695s ]
INFO: [ view_parse ] --END-- [ RunTime:0.012695s ]
INFO: [ view_filter ] --START--
INFO: ContentReplace Behavior ::run [ RunTime:0.000977s ]
INFO: TokenBuild Behavior ::run [ RunTime:0.000977s ]
INFO: WriteHtmlCache Behavior ::run [ RunTime:0.000976s ]
INFO: ShowRuntime Behavior ::run [ RunTime:0.000977s ]
INFO: [ view_filter ] --END-- [ RunTime:0.004883s ]
INFO: [ view_end ] --START--
INFO: ShowPageTrace Behavior ::run [ RunTime:0.000977s ]
INFO: [ view_end ] --END-- [ RunTime:0.000977s ]

[ 2013-10-28T22:11:24+08:00 ] 127.0.0.1 /beifeng/index.php/User/uploadAvatar.html
INFO: [ route_check ] --START--
INFO: CheckRoute Behavior ::run [ RunTime:0.001954s ]
INFO: [ route_check ] --END-- [ RunTime:0.001954s ]
INFO: [ app_begin ] --START--
INFO: ReadHtmlCache Behavior ::run [ RunTime:0.000977s ]
INFO: [ app_begin ] --END-- [ RunTime:0.000977s ]

[ 2013-10-28T22:13:33+08:00 ] 127.0.0.1 /beifeng/index.php/User/changeavater
INFO: [ route_check ] --START--
INFO: CheckRoute Behavior ::run [ RunTime:0.000977s ]
INFO: [ route_check ] --END-- [ RunTime:0.001953s ]
INFO: [ app_begin ] --START--
INFO: ReadHtmlCache Behavior ::run [ RunTime:0.000976s ]
INFO: [ app_begin ] --END-- [ RunTime:0.000976s ]
INFO: [ view_parse ] --START--
NOTIC: [8] Undefined variable: data C:\xampp\htdocs\Beifeng\App\Runtime\Cache\ef3226a9b979168096994ffd33b355df.php 第 106 行.
NOTIC: [8] Undefined variable: data C:\xampp\htdocs\Beifeng\App\Runtime\Cache\ef3226a9b979168096994ffd33b355df.php 第 107 行.
INFO: ParseTemplate Behavior ::run [ RunTime:0.014648s ]
INFO: [ view_parse ] --END-- [ RunTime:0.015625s ]
INFO: [ view_filter ] --START--
INFO: ContentReplace Behavior ::run [ RunTime:0.000977s ]
INFO: TokenBuild Behavior ::run [ RunTime:0.000976s ]
INFO: WriteHtmlCache Behavior ::run [ RunTime:0.000000s ]
INFO: ShowRuntime Behavior ::run [ RunTime:0.000977s ]
INFO: [ view_filter ] --END-- [ RunTime:0.002930s ]
INFO: [ view_end ] --START--
INFO: ShowPageTrace Behavior ::run [ RunTime:0.000977s ]
INFO: [ view_end ] --END-- [ RunTime:0.000977s ]

[ 2013-10-28T22:13:38+08:00 ] 127.0.0.1 /beifeng/index.php/User/uploadAvatar.html
INFO: [ route_check ] --START--
INFO: CheckRoute Behavior ::run [ RunTime:0.000977s ]
INFO: [ route_check ] --END-- [ RunTime:0.000977s ]
INFO: [ app_begin ] --START--
INFO: ReadHtmlCache Behavior ::run [ RunTime:0.000977s ]
INFO: [ app_begin ] --END-- [ RunTime:0.000977s ]

[ 2013-10-28T22:14:48+08:00 ] 127.0.0.1 /beifeng/index.php/User/changeavater
INFO: [ route_check ] --START--
INFO: CheckRoute Behavior ::run [ RunTime:0.000976s ]
INFO: [ route_check ] --END-- [ RunTime:0.000976s ]
INFO: [ app_begin ] --START--
INFO: ReadHtmlCache Behavior ::run [ RunTime:0.000977s ]
INFO: [ app_begin ] --END-- [ RunTime:0.000977s ]
INFO: [ view_parse ] --START--
NOTIC: [8] Undefined variable: data C:\xampp\htdocs\Beifeng\App\Runtime\Cache\ef3226a9b979168096994ffd33b355df.php 第 106 行.
NOTIC: [8] Undefined variable: data C:\xampp\htdocs\Beifeng\App\Runtime\Cache\ef3226a9b979168096994ffd33b355df.php 第 107 行.
INFO: ParseTemplate Behavior ::run [ RunTime:0.013672s ]
INFO: [ view_parse ] --END-- [ RunTime:0.013672s ]
INFO: [ view_filter ] --START--
INFO: ContentReplace Behavior ::run [ RunTime:0.000976s ]
INFO: TokenBuild Behavior ::run [ RunTime:0.000977s ]
INFO: WriteHtmlCache Behavior ::run [ RunTime:0.000976s ]
INFO: ShowRuntime Behavior ::run [ RunTime:0.000977s ]
INFO: [ view_filter ] --END-- [ RunTime:0.003906s ]
INFO: [ view_end ] --START--
INFO: ShowPageTrace Behavior ::run [ RunTime:0.000976s ]
INFO: [ view_end ] --END-- [ RunTime:0.000976s ]

[ 2013-10-28T22:14:52+08:00 ] 127.0.0.1 /beifeng/index.php/User/uploadAvatar.html
INFO: [ route_check ] --START--
INFO: CheckRoute Behavior ::run [ RunTime:0.000976s ]
INFO: [ route_check ] --END-- [ RunTime:0.000976s ]
INFO: [ app_begin ] --START--
INFO: ReadHtmlCache Behavior ::run [ RunTime:0.000976s ]
INFO: [ app_begin ] --END-- [ RunTime:0.001953s ]

[ 2013-10-28T22:16:56+08:00 ] 127.0.0.1 /beifeng/index.php/User/changeavater
INFO: [ route_check ] --START--
INFO: CheckRoute Behavior ::run [ RunTime:0.001953s ]
INFO: [ route_check ] --END-- [ RunTime:0.002930s ]
INFO: [ app_begin ] --START--
INFO: ReadHtmlCache Behavior ::run [ RunTime:0.000977s ]
INFO: [ app_begin ] --END-- [ RunTime:0.001953s ]
INFO: [ view_parse ] --START--
NOTIC: [8] Undefined variable: data C:\xampp\htdocs\Beifeng\App\Runtime\Cache\ef3226a9b979168096994ffd33b355df.php 第 106 行.
NOTIC: [8] Undefined variable: data C:\xampp\htdocs\Beifeng\App\Runtime\Cache\ef3226a9b979168096994ffd33b355df.php 第 107 行.
INFO: ParseTemplate Behavior ::run [ RunTime:0.013672s ]
INFO: [ view_parse ] --END-- [ RunTime:0.013672s ]
INFO: [ view_filter ] --START--
INFO: ContentReplace Behavior ::run [ RunTime:0.000976s ]
INFO: TokenBuild Behavior ::run [ RunTime:0.000977s ]
INFO: WriteHtmlCache Behavior ::run [ RunTime:0.000000s ]
INFO: ShowRuntime Behavior ::run [ RunTime:0.000976s ]
INFO: [ view_filter ] --END-- [ RunTime:0.002929s ]
INFO: [ view_end ] --START--
INFO: ShowPageTrace Behavior ::run [ RunTime:0.000977s ]
INFO: [ view_end ] --END-- [ RunTime:0.000977s ]

[ 2013-10-28T22:17:00+08:00 ] 127.0.0.1 /beifeng/index.php/User/uploadAvatar.html
INFO: [ route_check ] --START--
INFO: CheckRoute Behavior ::run [ RunTime:0.000977s ]
INFO: [ route_check ] --END-- [ RunTime:0.000977s ]
INFO: [ app_begin ] --START--
INFO: ReadHtmlCache Behavior ::run [ RunTime:0.001953s ]
INFO: [ app_begin ] --END-- [ RunTime:0.001953s ]
SQL: blog.getCollection(user) [ RunTime:0.000000s ]
SQL: blog.user.update({"_id":{"$id":"526e6e82135df8f810000007"}},{"$set":{"avater":"526e71dc4b1a1.jpg"}}) [ RunTime:0.000000s ]

[ 2013-10-28T22:20:06+08:00 ] 127.0.0.1 /beifeng/index.php/User/changeavater
INFO: [ route_check ] --START--
INFO: CheckRoute Behavior ::run [ RunTime:0.000976s ]
INFO: [ route_check ] --END-- [ RunTime:0.001953s ]
INFO: [ app_begin ] --START--
INFO: ReadHtmlCache Behavior ::run [ RunTime:0.000976s ]
INFO: [ app_begin ] --END-- [ RunTime:0.000976s ]
SQL: blog.getCollection(user) [ RunTime:0.000000s ]
NOTIC: [8] Undefined index: field C:\xampp\htdocs\Beifeng\ThinkPHP\Extend\Driver\Db\DbMongo.class.php 第 443 行.
SQL: blog.user.findOne({"_id":{"$id":"526e6e82135df8f810000007"}}) [ RunTime:0.000976s ]
INFO: [ view_parse ] --START--
INFO: ParseTemplate Behavior ::run [ RunTime:0.013672s ]
INFO: [ view_parse ] --END-- [ RunTime:0.013672s ]
INFO: [ view_filter ] --START--
INFO: ContentReplace Behavior ::run [ RunTime:0.000977s ]
INFO: TokenBuild Behavior ::run [ RunTime:0.000976s ]
INFO: WriteHtmlCache Behavior ::run [ RunTime:0.000977s ]
INFO: ShowRuntime Behavior ::run [ RunTime:0.000976s ]
INFO: [ view_filter ] --END-- [ RunTime:0.003906s ]
INFO: [ view_end ] --START--
INFO: ShowPageTrace Behavior ::run [ RunTime:0.000977s ]
INFO: [ view_end ] --END-- [ RunTime:0.000977s ]

[ 2013-10-28T22:20:20+08:00 ] 127.0.0.1 /beifeng/index.php/User/changeavater
INFO: [ route_check ] --START--
INFO: CheckRoute Behavior ::run [ RunTime:0.000976s ]
INFO: [ route_check ] --END-- [ RunTime:0.000976s ]
INFO: [ app_begin ] --START--
INFO: ReadHtmlCache Behavior ::run [ RunTime:0.000977s ]
INFO: [ app_begin ] --END-- [ RunTime:0.001953s ]
SQL: blog.getCollection(user) [ RunTime:0.000000s ]
NOTIC: [8] Undefined index: field C:\xampp\htdocs\Beifeng\ThinkPHP\Extend\Driver\Db\DbMongo.class.php 第 443 行.
SQL: blog.user.findOne({"_id":{"$id":"526e6e82135df8f810000007"}}) [ RunTime:0.000000s ]
INFO: [ view_parse ] --START--
INFO: ParseTemplate Behavior ::run [ RunTime:0.011719s ]
INFO: [ view_parse ] --END-- [ RunTime:0.011719s ]
INFO: [ view_filter ] --START--
INFO: ContentReplace Behavior ::run [ RunTime:0.000977s ]
INFO: TokenBuild Behavior ::run [ RunTime:0.000976s ]
INFO: WriteHtmlCache Behavior ::run [ RunTime:0.000977s ]
INFO: ShowRuntime Behavior ::run [ RunTime:0.000976s ]
INFO: [ view_filter ] --END-- [ RunTime:0.003906s ]
INFO: [ view_end ] --START--
INFO: ShowPageTrace Behavior ::run [ RunTime:0.000977s ]
INFO: [ view_end ] --END-- [ RunTime:0.000977s ]

[ 2013-10-28T22:20:32+08:00 ] 127.0.0.1 /beifeng/index.php/User/uploadAvatar.html
INFO: [ route_check ] --START--
INFO: CheckRoute Behavior ::run [ RunTime:0.000976s ]
INFO: [ route_check ] --END-- [ RunTime:0.000976s ]
INFO: [ app_begin ] --START--
INFO: ReadHtmlCache Behavior ::run [ RunTime:0.000976s ]
INFO: [ app_begin ] --END-- [ RunTime:0.000976s ]
SQL: blog.getCollection(user) [ RunTime:0.000000s ]
SQL: blog.user.update({"_id":{"$id":"526e6e82135df8f810000007"}},{"$set":{"avater":"526e72b0044aa.jpg"}}) [ RunTime:0.000976s ]
INFO: [ view_parse ] --START--
INFO: ParseTemplate Behavior ::run [ RunTime:0.010742s ]
INFO: [ view_parse ] --END-- [ RunTime:0.010742s ]
INFO: [ view_filter ] --START--
INFO: ContentReplace Behavior ::run [ RunTime:0.001954s ]
INFO: TokenBuild Behavior ::run [ RunTime:0.001953s ]
INFO: WriteHtmlCache Behavior ::run [ RunTime:0.002930s ]
INFO: ShowRuntime Behavior ::run [ RunTime:0.001953s ]
INFO: [ view_filter ] --END-- [ RunTime:0.009766s ]
INFO: [ view_end ] --START--
INFO: ShowPageTrace Behavior ::run [ RunTime:0.000977s ]
INFO: [ view_end ] --END-- [ RunTime:0.001953s ]

[ 2013-10-28T22:20:33+08:00 ] 127.0.0.1 /beifeng/index.php/Admin/changeavater.html
INFO: [ route_check ] --START--
INFO: CheckRoute Behavior ::run [ RunTime:0.001953s ]
INFO: [ route_check ] --END-- [ RunTime:0.001953s ]
INFO: [ app_begin ] --START--
INFO: ReadHtmlCache Behavior ::run [ RunTime:0.000977s ]
INFO: [ app_begin ] --END-- [ RunTime:0.001953s ]
ERR: 无法加载模块:Admin

[ 2013-10-28T22:20:42+08:00 ] 127.0.0.1 /beifeng/index.php/Admin/changeavater
INFO: [ route_check ] --START--
INFO: CheckRoute Behavior ::run [ RunTime:0.000976s ]
INFO: [ route_check ] --END-- [ RunTime:0.000976s ]
INFO: [ app_begin ] --START--
INFO: ReadHtmlCache Behavior ::run [ RunTime:0.000977s ]
INFO: [ app_begin ] --END-- [ RunTime:0.000977s ]
ERR: 无法加载模块:Admin

[ 2013-10-28T22:20:50+08:00 ] 127.0.0.1 /beifeng/index.php/Admin/changeavater
INFO: [ route_check ] --START--
INFO: CheckRoute Behavior ::run [ RunTime:0.000976s ]
INFO: [ route_check ] --END-- [ RunTime:0.000976s ]
INFO: [ app_begin ] --START--
INFO: ReadHtmlCache Behavior ::run [ RunTime:0.000977s ]
INFO: [ app_begin ] --END-- [ RunTime:0.000977s ]
ERR: 无法加载模块:Admin

[ 2013-10-28T22:20:56+08:00 ] 127.0.0.1 /beifeng/index.php/
INFO: [ route_check ] --START--
INFO: CheckRoute Behavior ::run [ RunTime:0.000976s ]
INFO: [ route_check ] --END-- [ RunTime:0.000976s ]
INFO: [ app_begin ] --START--
INFO: ReadHtmlCache Behavior ::run [ RunTime:0.000977s ]
INFO: [ app_begin ] --END-- [ RunTime:0.000977s ]
INFO: [ view_parse ] --START--
NOTIC: [8] Undefined variable: lists C:\xampp\htdocs\Beifeng\App\Runtime\Cache\f331a3f0d874c4248458495ef2c2c2d1.php 第 98 行.
NOTIC: [8] Undefined variable: lists C:\xampp\htdocs\Beifeng\App\Runtime\Cache\f331a3f0d874c4248458495ef2c2c2d1.php 第 99 行.
NOTIC: [8] Undefined variable: lists C:\xampp\htdocs\Beifeng\App\Runtime\Cache\f331a3f0d874c4248458495ef2c2c2d1.php 第 100 行.
INFO: ParseTemplate Behavior ::run [ RunTime:0.012696s ]
INFO: [ view_parse ] --END-- [ RunTime:0.012696s ]
INFO: [ view_filter ] --START--
INFO: ContentReplace Behavior ::run [ RunTime:0.000976s ]
INFO: TokenBuild Behavior ::run [ RunTime:0.000977s ]
INFO: WriteHtmlCache Behavior ::run [ RunTime:0.000976s ]
INFO: ShowRuntime Behavior ::run [ RunTime:0.000977s ]
INFO: [ view_filter ] --END-- [ RunTime:0.003906s ]
INFO: [ view_end ] --START--
INFO: ShowPageTrace Behavior ::run [ RunTime:0.000976s ]
INFO: [ view_end ] --END-- [ RunTime:0.000976s ]

[ 2013-10-28T22:21:06+08:00 ] 127.0.0.1 /beifeng/index.php/User/changeavater
INFO: [ route_check ] --START--
INFO: CheckRoute Behavior ::run [ RunTime:0.000976s ]
INFO: [ route_check ] --END-- [ RunTime:0.000976s ]
INFO: [ app_begin ] --START--
INFO: ReadHtmlCache Behavior ::run [ RunTime:0.000976s ]
INFO: [ app_begin ] --END-- [ RunTime:0.000976s ]
SQL: blog.getCollection(user) [ RunTime:0.000000s ]
NOTIC: [8] Undefined index: field C:\xampp\htdocs\Beifeng\ThinkPHP\Extend\Driver\Db\DbMongo.class.php 第 443 行.
SQL: blog.user.findOne({"_id":{"$id":"526e6e82135df8f810000007"}}) [ RunTime:0.000000s ]
INFO: [ view_parse ] --START--
INFO: ParseTemplate Behavior ::run [ RunTime:0.016602s ]
INFO: [ view_parse ] --END-- [ RunTime:0.016602s ]
INFO: [ view_filter ] --START--
INFO: ContentReplace Behavior ::run [ RunTime:0.000976s ]
INFO: TokenBuild Behavior ::run [ RunTime:0.001953s ]
INFO: WriteHtmlCache Behavior ::run [ RunTime:0.000977s ]
INFO: ShowRuntime Behavior ::run [ RunTime:0.001953s ]
INFO: [ view_filter ] --END-- [ RunTime:0.005859s ]
INFO: [ view_end ] --START--
INFO: ShowPageTrace Behavior ::run [ RunTime:0.001953s ]
INFO: [ view_end ] --END-- [ RunTime:0.001953s ]

[ 2013-10-28T22:21:27+08:00 ] 127.0.0.1 /beifeng/index.php/User/changeavater
INFO: [ route_check ] --START--
INFO: CheckRoute Behavior ::run [ RunTime:0.001953s ]
INFO: [ route_check ] --END-- [ RunTime:0.001953s ]
INFO: [ app_begin ] --START--
INFO: ReadHtmlCache Behavior ::run [ RunTime:0.001953s ]
INFO: [ app_begin ] --END-- [ RunTime:0.001953s ]
SQL: blog.getCollection(user) [ RunTime:0.000000s ]
NOTIC: [8] Undefined index: field C:\xampp\htdocs\Beifeng\ThinkPHP\Extend\Driver\Db\DbMongo.class.php 第 443 行.
SQL: blog.user.findOne({"_id":{"$id":"526e6e82135df8f810000007"}}) [ RunTime:0.000000s ]
INFO: [ view_parse ] --START--
INFO: ParseTemplate Behavior ::run [ RunTime:0.012695s ]
INFO: [ view_parse ] --END-- [ RunTime:0.012695s ]
INFO: [ view_filter ] --START--
INFO: ContentReplace Behavior ::run [ RunTime:0.000977s ]
INFO: TokenBuild Behavior ::run [ RunTime:0.000000s ]
INFO: WriteHtmlCache Behavior ::run [ RunTime:0.000977s ]
INFO: ShowRuntime Behavior ::run [ RunTime:0.000976s ]
INFO: [ view_filter ] --END-- [ RunTime:0.002930s ]
INFO: [ view_end ] --START--
INFO: ShowPageTrace Behavior ::run [ RunTime:0.000977s ]
INFO: [ view_end ] --END-- [ RunTime:0.000977s ]

[ 2013-10-28T22:21:33+08:00 ] 127.0.0.1 /beifeng/index.php/User/uploadAvatar.html
INFO: [ route_check ] --START--
INFO: CheckRoute Behavior ::run [ RunTime:0.001953s ]
INFO: [ route_check ] --END-- [ RunTime:0.001953s ]
INFO: [ app_begin ] --START--
INFO: ReadHtmlCache Behavior ::run [ RunTime:0.000977s ]
INFO: [ app_begin ] --END-- [ RunTime:0.000977s ]
SQL: blog.getCollection(user) [ RunTime:0.000000s ]
SQL: blog.user.update({"_id":{"$id":"526e6e82135df8f810000007"}},{"$set":{"avater":"526e72ed62b48.jpg"}}) [ RunTime:0.000976s ]
INFO: [ view_parse ] --START--
INFO: ParseTemplate Behavior ::run [ RunTime:0.008789s ]
INFO: [ view_parse ] --END-- [ RunTime:0.008789s ]
INFO: [ view_filter ] --START--
INFO: ContentReplace Behavior ::run [ RunTime:0.000977s ]
INFO: TokenBuild Behavior ::run [ RunTime:0.000976s ]
INFO: WriteHtmlCache Behavior ::run [ RunTime:0.000000s ]
INFO: ShowRuntime Behavior ::run [ RunTime:0.000000s ]
INFO: [ view_filter ] --END-- [ RunTime:0.002930s ]
INFO: [ view_end ] --START--
INFO: ShowPageTrace Behavior ::run [ RunTime:0.001953s ]
INFO: [ view_end ] --END-- [ RunTime:0.001953s ]

[ 2013-10-28T22:21:34+08:00 ] 127.0.0.1 /beifeng/index.php/User/changeavater.html
INFO: [ route_check ] --START--
INFO: CheckRoute Behavior ::run [ RunTime:0.000977s ]
INFO: [ route_check ] --END-- [ RunTime:0.000977s ]
INFO: [ app_begin ] --START--
INFO: ReadHtmlCache Behavior ::run [ RunTime:0.000977s ]
INFO: [ app_begin ] --END-- [ RunTime:0.000977s ]
SQL: blog.getCollection(user) [ RunTime:0.000000s ]
NOTIC: [8] Undefined index: field C:\xampp\htdocs\Beifeng\ThinkPHP\Extend\Driver\Db\DbMongo.class.php 第 443 行.
SQL: blog.user.findOne({"_id":{"$id":"526e6e82135df8f810000007"}}) [ RunTime:0.000000s ]
INFO: [ view_parse ] --START--
INFO: ParseTemplate Behavior ::run [ RunTime:0.013672s ]
INFO: [ view_parse ] --END-- [ RunTime:0.013672s ]
INFO: [ view_filter ] --START--
INFO: ContentReplace Behavior ::run [ RunTime:0.000977s ]
INFO: TokenBuild Behavior ::run [ RunTime:0.000976s ]
INFO: WriteHtmlCache Behavior ::run [ RunTime:0.000000s ]
INFO: ShowRuntime Behavior ::run [ RunTime:0.000977s ]
INFO: [ view_filter ] --END-- [ RunTime:0.002930s ]
INFO: [ view_end ] --START--
INFO: ShowPageTrace Behavior ::run [ RunTime:0.000976s ]
INFO: [ view_end ] --END-- [ RunTime:0.000976s ]

